Episode	1	Score	-20.000000	Loss	0.999257
Episode	2	Score	-21.000000	Loss	0.997741
Episode	3	Score	-21.000000	Loss	0.989597
Episode	4	Score	-21.000000	Loss	0.939938
Episode	5	Score	-17.000000	Loss	0.888364
Episode	6	Score	-20.000000	Loss	0.803407
Episode	7	Score	-20.000000	Loss	0.720994
Episode	8	Score	-21.000000	Loss	0.455942
Episode	9	Score	-21.000000	Loss	0.362549
Episode	10	Score	-20.000000	Loss	0.697116
Episode	11	Score	-21.000000	Loss	0.304703
Episode	12	Score	-21.000000	Loss	0.299191
Episode	13	Score	-21.000000	Loss	0.298638
Episode	14	Score	-21.000000	Loss	0.305085
Episode	15	Score	-21.000000	Loss	0.307660
Episode	16	Score	-21.000000	Loss	0.317327
Episode	17	Score	-21.000000	Loss	0.304538
Episode	18	Score	-21.000000	Loss	0.309298
Episode	19	Score	-21.000000	Loss	0.298839
Episode	20	Score	-21.000000	Loss	0.296666
Episode	21	Score	-21.000000	Loss	0.294658
Episode	22	Score	-21.000000	Loss	0.294110
Episode	23	Score	-21.000000	Loss	0.293752
Episode	24	Score	-21.000000	Loss	0.293014
Episode	25	Score	-21.000000	Loss	0.294408
Episode	26	Score	-21.000000	Loss	0.294334
Episode	27	Score	-21.000000	Loss	0.292755
Episode	28	Score	-21.000000	Loss	0.294342
Episode	29	Score	-21.000000	Loss	0.291943
Episode	30	Score	-21.000000	Loss	0.296481
Episode	31	Score	-21.000000	Loss	0.290363
Episode	32	Score	-21.000000	Loss	0.290939
Episode	33	Score	-21.000000	Loss	0.284859
Episode	34	Score	-21.000000	Loss	0.284055
Episode	35	Score	-21.000000	Loss	0.282005
Episode	36	Score	-21.000000	Loss	0.278931
Episode	37	Score	-21.000000	Loss	0.278430
Episode	38	Score	-21.000000	Loss	0.277279
Episode	39	Score	-21.000000	Loss	0.270223
Episode	40	Score	-21.000000	Loss	0.278732
Episode	41	Score	-21.000000	Loss	0.277215
Episode	42	Score	-21.000000	Loss	0.283443
Episode	43	Score	-21.000000	Loss	0.269597
Episode	44	Score	-21.000000	Loss	0.267105
Episode	45	Score	-21.000000	Loss	0.256084
Episode	46	Score	-21.000000	Loss	0.251446
Episode	47	Score	-21.000000	Loss	0.250248
Episode	48	Score	-21.000000	Loss	0.247357
Episode	49	Score	-21.000000	Loss	0.242832
Episode	50	Score	-21.000000	Loss	0.243210
Episode	51	Score	-21.000000	Loss	0.240211
Episode	52	Score	-21.000000	Loss	0.242500
Episode	53	Score	-21.000000	Loss	0.233864
Episode	54	Score	-21.000000	Loss	0.239486
Episode	55	Score	-21.000000	Loss	0.223694
Episode	56	Score	-21.000000	Loss	0.226261
Episode	57	Score	-21.000000	Loss	0.219029
Episode	58	Score	-21.000000	Loss	0.220817
Episode	59	Score	-21.000000	Loss	0.215679
Episode	60	Score	-21.000000	Loss	0.208027
Episode	61	Score	-21.000000	Loss	0.217419
Episode	62	Score	-21.000000	Loss	0.213420
Episode	63	Score	-21.000000	Loss	0.210070
Episode	64	Score	-21.000000	Loss	0.217609
Episode	65	Score	-21.000000	Loss	0.195595
Episode	66	Score	-21.000000	Loss	0.205193
Episode	67	Score	-21.000000	Loss	0.205322
Episode	68	Score	-21.000000	Loss	0.197579
Episode	69	Score	-21.000000	Loss	0.190801
Episode	70	Score	-21.000000	Loss	0.196434
Episode	71	Score	-21.000000	Loss	0.198972
Episode	72	Score	-21.000000	Loss	0.196358
Episode	73	Score	-21.000000	Loss	0.180561
Episode	74	Score	-21.000000	Loss	0.191888
Episode	75	Score	-21.000000	Loss	0.190158
Episode	76	Score	-21.000000	Loss	0.195605
Episode	77	Score	-21.000000	Loss	0.179753
Episode	78	Score	-21.000000	Loss	0.180446
Episode	79	Score	-21.000000	Loss	0.167489
Episode	80	Score	-21.000000	Loss	0.178478
Episode	81	Score	-21.000000	Loss	0.167224
Episode	82	Score	-21.000000	Loss	0.182081
Episode	83	Score	-21.000000	Loss	0.183722
Episode	84	Score	-21.000000	Loss	0.180706
Episode	85	Score	-21.000000	Loss	0.183876
Episode	86	Score	-21.000000	Loss	0.192971
Episode	87	Score	-21.000000	Loss	0.172092
Episode	88	Score	-21.000000	Loss	0.173820
Episode	89	Score	-21.000000	Loss	0.167595
Episode	90	Score	-21.000000	Loss	0.183190
Episode	91	Score	-21.000000	Loss	0.154545
Episode	92	Score	-21.000000	Loss	0.168938
Episode	93	Score	-21.000000	Loss	0.162239
Episode	94	Score	-21.000000	Loss	0.164106
Episode	95	Score	-21.000000	Loss	0.181024
Episode	96	Score	-21.000000	Loss	0.194209
Episode	97	Score	-21.000000	Loss	0.166888
Episode	98	Score	-21.000000	Loss	0.162914
Episode	99	Score	-21.000000	Loss	0.152603
Episode	100	Score	-21.000000	Loss	0.165446
Episode	101	Score	-21.000000	Loss	0.167553
Episode	102	Score	-21.000000	Loss	0.169455
Episode	103	Score	-21.000000	Loss	0.161160
Episode	104	Score	-21.000000	Loss	0.182571
Episode	105	Score	-21.000000	Loss	0.155620
Episode	106	Score	-21.000000	Loss	0.154180
Episode	107	Score	-21.000000	Loss	0.162677
Episode	108	Score	-21.000000	Loss	0.171119
Episode	109	Score	-21.000000	Loss	0.167319
Episode	110	Score	-21.000000	Loss	0.160313
Episode	111	Score	-21.000000	Loss	0.141018
Episode	112	Score	-21.000000	Loss	0.149839
Episode	113	Score	-21.000000	Loss	0.147419
Episode	114	Score	-21.000000	Loss	0.152039
Episode	115	Score	-21.000000	Loss	0.152232
Episode	116	Score	-21.000000	Loss	0.155777
Episode	117	Score	-21.000000	Loss	0.148971
Episode	118	Score	-21.000000	Loss	0.167239
Episode	119	Score	-21.000000	Loss	0.137840
Episode	120	Score	-21.000000	Loss	0.138203
Episode	121	Score	-21.000000	Loss	0.135757
Episode	122	Score	-21.000000	Loss	0.140541
Episode	123	Score	-21.000000	Loss	0.147614
Episode	124	Score	-21.000000	Loss	0.142231
Episode	125	Score	-21.000000	Loss	0.144512
Episode	126	Score	-21.000000	Loss	0.167760
Episode	127	Score	-21.000000	Loss	0.150854
Episode	128	Score	-21.000000	Loss	0.154334
Episode	129	Score	-21.000000	Loss	0.143499
Episode	130	Score	-21.000000	Loss	0.149549
Episode	131	Score	-21.000000	Loss	0.130492
Episode	132	Score	-21.000000	Loss	0.138134
Episode	133	Score	-21.000000	Loss	0.126393
Episode	134	Score	-21.000000	Loss	0.131861
Episode	135	Score	-21.000000	Loss	0.134874
Episode	136	Score	-21.000000	Loss	0.161337
Episode	137	Score	-21.000000	Loss	0.135687
Episode	138	Score	-21.000000	Loss	0.139364
Episode	139	Score	-21.000000	Loss	0.132984
Episode	140	Score	-21.000000	Loss	0.132727
Episode	141	Score	-21.000000	Loss	0.124690
Episode	142	Score	-21.000000	Loss	0.120491
Episode	143	Score	-21.000000	Loss	0.126841
Episode	144	Score	-21.000000	Loss	0.125080
Episode	145	Score	-21.000000	Loss	0.131689
Episode	146	Score	-21.000000	Loss	0.140419
Episode	147	Score	-21.000000	Loss	0.122729
Episode	148	Score	-21.000000	Loss	0.135613
Episode	149	Score	-21.000000	Loss	0.123011
Episode	150	Score	-21.000000	Loss	0.126714
Episode	151	Score	-21.000000	Loss	0.126709
Episode	152	Score	-21.000000	Loss	0.129326
Episode	153	Score	-21.000000	Loss	0.122586
Episode	154	Score	-21.000000	Loss	0.126554
Episode	155	Score	-21.000000	Loss	0.132856
Episode	156	Score	-21.000000	Loss	0.137344
Episode	157	Score	-21.000000	Loss	0.117966
Episode	158	Score	-21.000000	Loss	0.125250
Episode	159	Score	-21.000000	Loss	0.116902
Episode	160	Score	-21.000000	Loss	0.115250
Episode	161	Score	-21.000000	Loss	0.113030
Episode	162	Score	-21.000000	Loss	0.117723
Episode	163	Score	-21.000000	Loss	0.133230
Episode	164	Score	-21.000000	Loss	0.130855
Episode	165	Score	-21.000000	Loss	0.114035
Episode	166	Score	-21.000000	Loss	0.125562
Episode	167	Score	-21.000000	Loss	0.128257
Episode	168	Score	-21.000000	Loss	0.133342
Episode	169	Score	-21.000000	Loss	0.129446
Episode	170	Score	-21.000000	Loss	0.126709
Episode	171	Score	-21.000000	Loss	0.110897
Episode	172	Score	-21.000000	Loss	0.108864
Episode	173	Score	-21.000000	Loss	0.104175
Episode	174	Score	-21.000000	Loss	0.111569
Episode	175	Score	-21.000000	Loss	0.108344
Episode	176	Score	-21.000000	Loss	0.103737
Episode	177	Score	-21.000000	Loss	0.111822
Episode	178	Score	-21.000000	Loss	0.129391
Episode	179	Score	-21.000000	Loss	0.129401
Episode	180	Score	-21.000000	Loss	0.152794
Episode	181	Score	-21.000000	Loss	0.104557
Episode	182	Score	-21.000000	Loss	0.102812
Episode	183	Score	-21.000000	Loss	0.104380
Episode	184	Score	-21.000000	Loss	0.104504
Episode	185	Score	-21.000000	Loss	0.101387
Episode	186	Score	-21.000000	Loss	0.111179
Episode	187	Score	-21.000000	Loss	0.109978
Episode	188	Score	-21.000000	Loss	0.114997
Episode	189	Score	-21.000000	Loss	0.112419
Episode	190	Score	-21.000000	Loss	0.121483
Episode	191	Score	-21.000000	Loss	0.110731
Episode	192	Score	-21.000000	Loss	0.112657
Episode	193	Score	-21.000000	Loss	0.108421
Episode	194	Score	-21.000000	Loss	0.107441
Episode	195	Score	-21.000000	Loss	0.103647
Episode	196	Score	-21.000000	Loss	0.119486
Episode	197	Score	-21.000000	Loss	0.112650
Episode	198	Score	-21.000000	Loss	0.113443
Episode	199	Score	-21.000000	Loss	0.112997
Episode	200	Score	-21.000000	Loss	0.115992
Episode	201	Score	-21.000000	Loss	0.093245
Episode	202	Score	-21.000000	Loss	0.097130
Episode	203	Score	-21.000000	Loss	0.097763
Episode	204	Score	-21.000000	Loss	0.101268
Episode	205	Score	-21.000000	Loss	0.114064
Episode	206	Score	-21.000000	Loss	0.118376
Episode	207	Score	-21.000000	Loss	0.113657
Episode	208	Score	-21.000000	Loss	0.111427
Episode	209	Score	-21.000000	Loss	0.104010
Episode	210	Score	-21.000000	Loss	0.100224
Episode	211	Score	-21.000000	Loss	0.101330
Episode	212	Score	-21.000000	Loss	0.105569
Episode	213	Score	-21.000000	Loss	0.103556
Episode	214	Score	-21.000000	Loss	0.105892
Episode	215	Score	-21.000000	Loss	0.094694
Episode	216	Score	-21.000000	Loss	0.104743
Episode	217	Score	-21.000000	Loss	0.103361
Episode	218	Score	-21.000000	Loss	0.114189
Episode	219	Score	-21.000000	Loss	0.109652
Episode	220	Score	-21.000000	Loss	0.111348
Episode	221	Score	-21.000000	Loss	0.098917
Episode	222	Score	-21.000000	Loss	0.103677
Episode	223	Score	-21.000000	Loss	0.096308
