Episode	1	Score	-21.000000	Loss	0.999419
Episode	2	Score	-21.000000	Loss	0.987567
Episode	3	Score	-20.000000	Loss	0.961300
Episode	4	Score	-21.000000	Loss	0.880722
Episode	5	Score	-19.000000	Loss	0.887340
Episode	6	Score	-19.000000	Loss	0.824740
Episode	7	Score	-21.000000	Loss	0.705487
Episode	8	Score	-20.000000	Loss	0.768462
Episode	9	Score	-21.000000	Loss	0.591803
Episode	10	Score	-21.000000	Loss	0.542857
Episode	11	Score	-21.000000	Loss	0.513711
Episode	12	Score	-21.000000	Loss	0.468048
Episode	13	Score	-19.000000	Loss	0.690460
Episode	14	Score	-21.000000	Loss	0.426417
Episode	15	Score	-20.000000	Loss	0.675935
Episode	16	Score	-21.000000	Loss	0.398321
Episode	17	Score	-21.000000	Loss	0.369789
Episode	18	Score	-19.000000	Loss	0.713212
Episode	19	Score	-20.000000	Loss	0.649670
Episode	20	Score	-19.000000	Loss	0.706985
Episode	21	Score	-21.000000	Loss	0.349406
Episode	22	Score	-21.000000	Loss	0.320115
Episode	23	Score	-21.000000	Loss	0.325556
Episode	24	Score	-21.000000	Loss	0.317475
Episode	25	Score	-21.000000	Loss	0.300811
Episode	26	Score	-21.000000	Loss	0.305038
Episode	27	Score	-21.000000	Loss	0.324318
Episode	28	Score	-20.000000	Loss	0.662014
Episode	29	Score	-20.000000	Loss	0.617642
Episode	30	Score	-20.000000	Loss	0.610474
Episode	31	Score	-19.000000	Loss	0.739079
Episode	32	Score	-20.000000	Loss	0.595312
Episode	33	Score	-21.000000	Loss	0.312334
Episode	34	Score	-21.000000	Loss	0.310928
Episode	35	Score	-18.000000	Loss	0.728699
Episode	36	Score	-20.000000	Loss	0.669978
Episode	37	Score	-20.000000	Loss	0.677674
Episode	38	Score	-19.000000	Loss	0.749614
Episode	39	Score	-21.000000	Loss	0.330724
Episode	40	Score	-21.000000	Loss	0.301857
Episode	41	Score	-21.000000	Loss	0.296214
Episode	42	Score	-20.000000	Loss	0.620662
Episode	43	Score	-21.000000	Loss	0.319567
Episode	44	Score	-19.000000	Loss	0.780731
Episode	45	Score	-21.000000	Loss	0.316641
Episode	46	Score	-21.000000	Loss	0.311152
Episode	47	Score	-21.000000	Loss	0.298310
Episode	48	Score	-19.000000	Loss	0.752472
Episode	49	Score	-21.000000	Loss	0.306638
Episode	50	Score	-19.000000	Loss	0.723618
Episode	51	Score	-21.000000	Loss	0.305857
Episode	52	Score	-20.000000	Loss	0.592169
Episode	53	Score	-20.000000	Loss	0.605235
Episode	54	Score	-20.000000	Loss	0.606289
Episode	55	Score	-21.000000	Loss	0.296296
Episode	56	Score	-21.000000	Loss	0.294817
Episode	57	Score	-20.000000	Loss	0.585051
Episode	58	Score	-20.000000	Loss	0.605300
Episode	59	Score	-21.000000	Loss	0.308556
Episode	60	Score	-20.000000	Loss	0.600586
Episode	61	Score	-21.000000	Loss	0.281031
Episode	62	Score	-20.000000	Loss	0.677258
Episode	63	Score	-21.000000	Loss	0.281612
Episode	64	Score	-20.000000	Loss	0.710018
Episode	65	Score	-20.000000	Loss	0.667327
Episode	66	Score	-20.000000	Loss	0.599626
Episode	67	Score	-19.000000	Loss	0.754153
Episode	68	Score	-20.000000	Loss	0.698079
Episode	69	Score	-20.000000	Loss	0.598043
Episode	70	Score	-21.000000	Loss	0.290837
Episode	71	Score	-21.000000	Loss	0.279010
Episode	72	Score	-21.000000	Loss	0.269390
Episode	73	Score	-21.000000	Loss	0.287672
Episode	74	Score	-20.000000	Loss	0.609608
Episode	75	Score	-21.000000	Loss	0.300824
Episode	76	Score	-19.000000	Loss	0.722836
Episode	77	Score	-20.000000	Loss	0.599289
Episode	78	Score	-19.000000	Loss	0.712951
Episode	79	Score	-19.000000	Loss	0.692413
Episode	80	Score	-19.000000	Loss	0.705245
Episode	81	Score	-21.000000	Loss	0.317561
Episode	82	Score	-21.000000	Loss	0.276435
Episode	83	Score	-21.000000	Loss	0.278976
Episode	84	Score	-20.000000	Loss	0.581466
Episode	85	Score	-21.000000	Loss	0.274497
Episode	86	Score	-19.000000	Loss	0.709164
Episode	87	Score	-21.000000	Loss	0.261391
Episode	88	Score	-21.000000	Loss	0.271168
Episode	89	Score	-21.000000	Loss	0.264069
Episode	90	Score	-21.000000	Loss	0.258885
Episode	91	Score	-18.000000	Loss	0.757934
Episode	92	Score	-21.000000	Loss	0.260498
Episode	93	Score	-20.000000	Loss	0.591691
Episode	94	Score	-20.000000	Loss	0.588116
Episode	95	Score	-21.000000	Loss	0.276416
Episode	96	Score	-21.000000	Loss	0.280185
Episode	97	Score	-19.000000	Loss	0.726121
Episode	98	Score	-21.000000	Loss	0.270920
Episode	99	Score	-21.000000	Loss	0.247692
Episode	100	Score	-21.000000	Loss	0.244494
Episode	101	Score	-21.000000	Loss	0.250590
Episode	102	Score	-21.000000	Loss	0.243348
Episode	103	Score	-20.000000	Loss	0.678300
Episode	104	Score	-20.000000	Loss	0.565176
Episode	105	Score	-19.000000	Loss	0.701587
Episode	106	Score	-19.000000	Loss	0.687457
Episode	107	Score	-21.000000	Loss	0.259415
Episode	108	Score	-21.000000	Loss	0.251142
Episode	109	Score	-21.000000	Loss	0.235798
Episode	110	Score	-21.000000	Loss	0.232891
Episode	111	Score	-21.000000	Loss	0.233284
Episode	112	Score	-21.000000	Loss	0.231720
Episode	113	Score	-21.000000	Loss	0.242359
Episode	114	Score	-21.000000	Loss	0.247271
Episode	115	Score	-21.000000	Loss	0.228276
Episode	116	Score	-20.000000	Loss	0.546722
Episode	117	Score	-19.000000	Loss	0.639985
Episode	118	Score	-21.000000	Loss	0.253245
Episode	119	Score	-21.000000	Loss	0.221298
Episode	120	Score	-20.000000	Loss	0.675720
Episode	121	Score	-21.000000	Loss	0.222461
Episode	122	Score	-21.000000	Loss	0.230090
Episode	123	Score	-21.000000	Loss	0.244084
Episode	124	Score	-18.000000	Loss	0.734180
Episode	125	Score	-20.000000	Loss	0.644817
Episode	126	Score	-21.000000	Loss	0.230576
Episode	127	Score	-21.000000	Loss	0.218006
Episode	128	Score	-21.000000	Loss	0.213299
Episode	129	Score	-21.000000	Loss	0.210031
Episode	130	Score	-21.000000	Loss	0.244960
Episode	131	Score	-21.000000	Loss	0.212216
Episode	132	Score	-21.000000	Loss	0.209109
Episode	133	Score	-21.000000	Loss	0.208625
Episode	134	Score	-21.000000	Loss	0.201809
Episode	135	Score	-21.000000	Loss	0.206069
Episode	136	Score	-21.000000	Loss	0.234924
Episode	137	Score	-21.000000	Loss	0.223853
Episode	138	Score	-20.000000	Loss	0.602126
Episode	139	Score	-21.000000	Loss	0.199074
Episode	140	Score	-21.000000	Loss	0.199514
Episode	141	Score	-21.000000	Loss	0.197613
Episode	142	Score	-21.000000	Loss	0.192737
Episode	143	Score	-20.000000	Loss	0.554835
Episode	144	Score	-21.000000	Loss	0.248139
Episode	145	Score	-21.000000	Loss	0.198829
Episode	146	Score	-21.000000	Loss	0.190857
Episode	147	Score	-21.000000	Loss	0.237614
Episode	148	Score	-20.000000	Loss	0.618374
Episode	149	Score	-21.000000	Loss	0.276368
Episode	150	Score	-20.000000	Loss	0.743351
Episode	151	Score	-21.000000	Loss	0.198624
Episode	152	Score	-21.000000	Loss	0.228138
Episode	153	Score	-21.000000	Loss	0.194177
Episode	154	Score	-21.000000	Loss	0.222020
Episode	155	Score	-20.000000	Loss	0.616657
Episode	156	Score	-20.000000	Loss	0.546895
Episode	157	Score	-21.000000	Loss	0.253539
Episode	158	Score	-21.000000	Loss	0.183666
Episode	159	Score	-21.000000	Loss	0.178997
Episode	160	Score	-21.000000	Loss	0.177063
Episode	161	Score	-20.000000	Loss	0.661067
Episode	162	Score	-21.000000	Loss	0.215043
Episode	163	Score	-21.000000	Loss	0.176647
Episode	164	Score	-21.000000	Loss	0.174835
Episode	165	Score	-21.000000	Loss	0.172438
Episode	166	Score	-21.000000	Loss	0.170861
Episode	167	Score	-21.000000	Loss	0.176075
Episode	168	Score	-21.000000	Loss	0.175237
Episode	169	Score	-21.000000	Loss	0.182178
Episode	170	Score	-21.000000	Loss	0.176556
Episode	171	Score	-21.000000	Loss	0.172119
Episode	172	Score	-21.000000	Loss	0.167849
Episode	173	Score	-21.000000	Loss	0.169845
Episode	174	Score	-21.000000	Loss	0.173726
Episode	175	Score	-21.000000	Loss	0.161039
Episode	176	Score	-20.000000	Loss	0.526881
Episode	177	Score	-19.000000	Loss	0.597773
Episode	178	Score	-21.000000	Loss	0.230480
Episode	179	Score	-21.000000	Loss	0.185680
Episode	180	Score	-21.000000	Loss	0.165884
Episode	181	Score	-20.000000	Loss	0.538223
Episode	182	Score	-21.000000	Loss	0.189918
Episode	183	Score	-21.000000	Loss	0.245575
Episode	184	Score	-20.000000	Loss	0.602224
Episode	185	Score	-21.000000	Loss	0.224022
Episode	186	Score	-21.000000	Loss	0.244606
Episode	187	Score	-21.000000	Loss	0.244561
Episode	188	Score	-20.000000	Loss	0.513774
Episode	189	Score	-21.000000	Loss	0.223472
Episode	190	Score	-21.000000	Loss	0.214592
Episode	191	Score	-20.000000	Loss	0.518075
Episode	192	Score	-21.000000	Loss	0.209853
Episode	193	Score	-21.000000	Loss	0.217644
Episode	194	Score	-21.000000	Loss	0.242623
Episode	195	Score	-20.000000	Loss	0.532384
Episode	196	Score	-20.000000	Loss	0.520570
Episode	197	Score	-21.000000	Loss	0.231510
Episode	198	Score	-21.000000	Loss	0.238040
Episode	199	Score	-21.000000	Loss	0.194824
Episode	200	Score	-21.000000	Loss	0.225762
Episode	201	Score	-20.000000	Loss	0.493264
Episode	202	Score	-21.000000	Loss	0.158882
Episode	203	Score	-20.000000	Loss	0.511841
Episode	204	Score	-21.000000	Loss	0.185642
Episode	205	Score	-20.000000	Loss	0.543599
Episode	206	Score	-21.000000	Loss	0.160125
Episode	207	Score	-20.000000	Loss	0.530196
Episode	208	Score	-20.000000	Loss	0.519324
Episode	209	Score	-20.000000	Loss	0.494425
Episode	210	Score	-21.000000	Loss	0.159077
Episode	211	Score	-21.000000	Loss	0.208568
Episode	212	Score	-21.000000	Loss	0.152696
Episode	213	Score	-21.000000	Loss	0.195331
Episode	214	Score	-21.000000	Loss	0.159702
Episode	215	Score	-21.000000	Loss	0.156390
Episode	216	Score	-21.000000	Loss	0.158297
Episode	217	Score	-21.000000	Loss	0.153087
Episode	218	Score	-21.000000	Loss	0.151942
Episode	219	Score	-21.000000	Loss	0.155121
Episode	220	Score	-21.000000	Loss	0.152859
Episode	221	Score	-21.000000	Loss	0.152759
Episode	222	Score	-20.000000	Loss	0.494269
Episode	223	Score	-21.000000	Loss	0.150650
Episode	224	Score	-21.000000	Loss	0.147398
Episode	225	Score	-21.000000	Loss	0.148612
Episode	226	Score	-20.000000	Loss	0.506537
Episode	227	Score	-21.000000	Loss	0.171394
Episode	228	Score	-21.000000	Loss	0.151344
Episode	229	Score	-21.000000	Loss	0.152253
Episode	230	Score	-21.000000	Loss	0.184952
Episode	231	Score	-21.000000	Loss	0.153051
Episode	232	Score	-21.000000	Loss	0.152729
Episode	233	Score	-20.000000	Loss	0.523337
Episode	234	Score	-21.000000	Loss	0.153404
Episode	235	Score	-21.000000	Loss	0.150599
Episode	236	Score	-20.000000	Loss	0.494797
Episode	237	Score	-21.000000	Loss	0.151672
Episode	238	Score	-21.000000	Loss	0.197078
Episode	239	Score	-21.000000	Loss	0.144707
Episode	240	Score	-21.000000	Loss	0.150681
Episode	241	Score	-21.000000	Loss	0.144562
Episode	242	Score	-21.000000	Loss	0.146906
Episode	243	Score	-21.000000	Loss	0.179341
Episode	244	Score	-21.000000	Loss	0.141759
Episode	245	Score	-20.000000	Loss	0.508078
Episode	246	Score	-20.000000	Loss	0.498793
Episode	247	Score	-21.000000	Loss	0.145619
Episode	248	Score	-20.000000	Loss	0.512213
Episode	249	Score	-21.000000	Loss	0.144863
Episode	250	Score	-21.000000	Loss	0.145436
Episode	251	Score	-21.000000	Loss	0.227128
Episode	252	Score	-21.000000	Loss	0.142579
Episode	253	Score	-21.000000	Loss	0.137979
Episode	254	Score	-21.000000	Loss	0.208542
Episode	255	Score	-21.000000	Loss	0.147638
Episode	256	Score	-21.000000	Loss	0.144352
Episode	257	Score	-21.000000	Loss	0.141304
Episode	258	Score	-21.000000	Loss	0.141337
Episode	259	Score	-21.000000	Loss	0.137934
Episode	260	Score	-20.000000	Loss	0.507399
Episode	261	Score	-21.000000	Loss	0.142820
Episode	262	Score	-20.000000	Loss	0.475487
Episode	263	Score	-21.000000	Loss	0.140254
Episode	264	Score	-21.000000	Loss	0.135304
Episode	265	Score	-21.000000	Loss	0.177783
Episode	266	Score	-21.000000	Loss	0.133884
Episode	267	Score	-21.000000	Loss	0.145138
Episode	268	Score	-20.000000	Loss	0.492308
Episode	269	Score	-21.000000	Loss	0.132669
Episode	270	Score	-21.000000	Loss	0.133656
Episode	271	Score	-21.000000	Loss	0.131370
Episode	272	Score	-21.000000	Loss	0.129912
Episode	273	Score	-20.000000	Loss	0.462881
Episode	274	Score	-21.000000	Loss	0.199470
Episode	275	Score	-21.000000	Loss	0.135454
Episode	276	Score	-21.000000	Loss	0.134668
Episode	277	Score	-21.000000	Loss	0.141245
Episode	278	Score	-20.000000	Loss	0.488825
Episode	279	Score	-21.000000	Loss	0.147835
Episode	280	Score	-21.000000	Loss	0.129278
Episode	281	Score	-21.000000	Loss	0.221118
Episode	282	Score	-21.000000	Loss	0.137186
Episode	283	Score	-21.000000	Loss	0.200402
Episode	284	Score	-21.000000	Loss	0.140497
Episode	285	Score	-21.000000	Loss	0.138759
Episode	286	Score	-20.000000	Loss	0.502380
Episode	287	Score	-21.000000	Loss	0.215584
Episode	288	Score	-21.000000	Loss	0.220607
Episode	289	Score	-20.000000	Loss	0.487635
Episode	290	Score	-20.000000	Loss	0.452309
Episode	291	Score	-20.000000	Loss	0.484773
Episode	292	Score	-21.000000	Loss	0.138968
Episode	293	Score	-21.000000	Loss	0.243290
Episode	294	Score	-21.000000	Loss	0.130850
Episode	295	Score	-21.000000	Loss	0.132467
Episode	296	Score	-21.000000	Loss	0.131209
Episode	297	Score	-21.000000	Loss	0.131500
Episode	298	Score	-20.000000	Loss	0.479262
Episode	299	Score	-21.000000	Loss	0.135426
Episode	300	Score	-21.000000	Loss	0.200477
Episode	301	Score	-21.000000	Loss	0.126106
Episode	302	Score	-21.000000	Loss	0.133665
Episode	303	Score	-21.000000	Loss	0.131495
Episode	304	Score	-21.000000	Loss	0.124107
Episode	305	Score	-21.000000	Loss	0.128655
Episode	306	Score	-20.000000	Loss	0.483811
Episode	307	Score	-20.000000	Loss	0.470144
Episode	308	Score	-21.000000	Loss	0.135008
Episode	309	Score	-21.000000	Loss	0.128469
Episode	310	Score	-21.000000	Loss	0.132016
Episode	311	Score	-21.000000	Loss	0.130884
Episode	312	Score	-21.000000	Loss	0.125901
Episode	313	Score	-21.000000	Loss	0.132307
Episode	314	Score	-20.000000	Loss	0.474669
Episode	315	Score	-20.000000	Loss	0.486099
Episode	316	Score	-20.000000	Loss	0.453377
Episode	317	Score	-21.000000	Loss	0.134018
Episode	318	Score	-21.000000	Loss	0.259234
Episode	319	Score	-21.000000	Loss	0.214001
Episode	320	Score	-21.000000	Loss	0.233750
Episode	321	Score	-21.000000	Loss	0.141650
Episode	322	Score	-21.000000	Loss	0.124523
Episode	323	Score	-21.000000	Loss	0.201404
Episode	324	Score	-21.000000	Loss	0.133587
Episode	325	Score	-21.000000	Loss	0.173180
Episode	326	Score	-20.000000	Loss	0.510431
Episode	327	Score	-21.000000	Loss	0.127697
Episode	328	Score	-21.000000	Loss	0.221485
Episode	329	Score	-21.000000	Loss	0.126110
Episode	330	Score	-20.000000	Loss	0.481850
Episode	331	Score	-21.000000	Loss	0.175889
Episode	332	Score	-20.000000	Loss	0.469934
Episode	333	Score	-21.000000	Loss	0.154263
Episode	334	Score	-21.000000	Loss	0.195144
Episode	335	Score	-21.000000	Loss	0.206677
Episode	336	Score	-21.000000	Loss	0.191002
Episode	337	Score	-21.000000	Loss	0.125253
Episode	338	Score	-21.000000	Loss	0.124424
Episode	339	Score	-21.000000	Loss	0.137014
Episode	340	Score	-20.000000	Loss	0.450808
Episode	341	Score	-21.000000	Loss	0.171048
Episode	342	Score	-21.000000	Loss	0.130506
Episode	343	Score	-20.000000	Loss	0.420241
Episode	344	Score	-21.000000	Loss	0.164246
Episode	345	Score	-20.000000	Loss	0.471186
Episode	346	Score	-20.000000	Loss	0.491836
Episode	347	Score	-20.000000	Loss	0.462692
Episode	348	Score	-21.000000	Loss	0.173717
Episode	349	Score	-21.000000	Loss	0.129994
Episode	350	Score	-21.000000	Loss	0.126831
Episode	351	Score	-21.000000	Loss	0.186444
Episode	352	Score	-20.000000	Loss	0.449539
Episode	353	Score	-20.000000	Loss	0.457258
Episode	354	Score	-21.000000	Loss	0.187976
Episode	355	Score	-20.000000	Loss	0.445602
Episode	356	Score	-20.000000	Loss	0.455962
Episode	357	Score	-21.000000	Loss	0.181552
Episode	358	Score	-21.000000	Loss	0.123624
Episode	359	Score	-20.000000	Loss	0.460756
Episode	360	Score	-21.000000	Loss	0.121319
Episode	361	Score	-21.000000	Loss	0.122202
Episode	362	Score	-21.000000	Loss	0.166327
Episode	363	Score	-21.000000	Loss	0.123915
Episode	364	Score	-21.000000	Loss	0.186461
Episode	365	Score	-21.000000	Loss	0.158053
Episode	366	Score	-21.000000	Loss	0.160492
Episode	367	Score	-20.000000	Loss	0.471178
Episode	368	Score	-21.000000	Loss	0.237583
Episode	369	Score	-21.000000	Loss	0.219685
Episode	370	Score	-21.000000	Loss	0.171966
Episode	371	Score	-20.000000	Loss	0.451584
Episode	372	Score	-20.000000	Loss	0.454201
Episode	373	Score	-21.000000	Loss	0.174908
Episode	374	Score	-21.000000	Loss	0.193932
Episode	375	Score	-20.000000	Loss	0.465706
Episode	376	Score	-21.000000	Loss	0.199001
Episode	377	Score	-20.000000	Loss	0.457398
Episode	378	Score	-20.000000	Loss	0.449965
Episode	379	Score	-21.000000	Loss	0.191647
Episode	380	Score	-20.000000	Loss	0.469177
Episode	381	Score	-21.000000	Loss	0.191333
Episode	382	Score	-20.000000	Loss	0.438051
Episode	383	Score	-21.000000	Loss	0.212795
Episode	384	Score	-20.000000	Loss	0.431826
