Episode	1	Score	-19	largest_variance	0	all_var	0.138203	L1_norm	0.003995
Episode	2	Score	-19	largest_variance	0	all_var	0.138512	L1_norm	0.009058
Episode	3	Score	-20	largest_variance	0	all_var	0.138353	L1_norm	0.010223
Episode	4	Score	-19	largest_variance	0	all_var	0.138322	L1_norm	0.002754
Episode	5	Score	-19	largest_variance	0	all_var	0.13799	L1_norm	0.012229
Episode	6	Score	-21	largest_variance	0	all_var	0.137801	L1_norm	0.006885
Episode	7	Score	-19	largest_variance	0	all_var	0.138152	L1_norm	0.006311
Episode	8	Score	-20	largest_variance	0	all_var	0.137789	L1_norm	0.011043
Episode	9	Score	-19	largest_variance	0	all_var	0.137871	L1_norm	0.01231
Episode	10	Score	-19	largest_variance	0	all_var	0.138091	L1_norm	0.006467
Episode	11	Score	-20	largest_variance	0	all_var	0.137922	L1_norm	0.006338
Episode	12	Score	-19	largest_variance	0	all_var	0.138414	L1_norm	0.011003
Episode	13	Score	-21	largest_variance	0	all_var	0.137916	L1_norm	0.005833
Episode	14	Score	-20	largest_variance	0	all_var	0.137704	L1_norm	0.003525
Episode	15	Score	-21	largest_variance	0	all_var	0.138137	L1_norm	0.007204
Episode	16	Score	-20	largest_variance	0	all_var	0.138086	L1_norm	0.004114
Episode	17	Score	-20	largest_variance	0	all_var	0.137821	L1_norm	0.006243
Episode	18	Score	-20	largest_variance	0	all_var	0.137722	L1_norm	0.006461
Episode	19	Score	-19	largest_variance	0	all_var	0.138347	L1_norm	0.007711
Episode	20	Score	-19	largest_variance	0	all_var	0.138441	L1_norm	0.005406
Episode	21	Score	-18	largest_variance	0	all_var	0.138079	L1_norm	0.006952
Episode	22	Score	-19	largest_variance	0	all_var	0.138505	L1_norm	0.012587
Episode	23	Score	-21	largest_variance	0	all_var	0.138504	L1_norm	0.008344
Episode	24	Score	-18	largest_variance	0	all_var	0.138381	L1_norm	0.01138
Episode	25	Score	-21	largest_variance	0	all_var	0.138525	L1_norm	0.005511
Episode	26	Score	-19	largest_variance	0	all_var	0.138322	L1_norm	0.006797
Episode	27	Score	-20	largest_variance	0	all_var	0.138661	L1_norm	0.013157
Episode	28	Score	-19	largest_variance	0	all_var	0.13857	L1_norm	0.01121
Episode	29	Score	-20	largest_variance	0	all_var	0.138298	L1_norm	0.007099
Episode	30	Score	-21	largest_variance	0	all_var	0.138477	L1_norm	0.004508
Episode	31	Score	-21	largest_variance	0	all_var	0.138157	L1_norm	0.012239
Episode	32	Score	-21	largest_variance	0	all_var	0.1382	L1_norm	0.011293
Episode	33	Score	-19	largest_variance	0	all_var	0.138275	L1_norm	0.010464
Episode	34	Score	-18	largest_variance	0	all_var	0.138253	L1_norm	0.002649
Episode	35	Score	-20	largest_variance	0	all_var	0.138147	L1_norm	0.007823
Episode	36	Score	-19	largest_variance	0	all_var	0.138386	L1_norm	0.006747
Episode	37	Score	-20	largest_variance	0	all_var	0.138348	L1_norm	0.010181
Episode	38	Score	-20	largest_variance	0	all_var	0.138471	L1_norm	0.00842
Episode	39	Score	-20	largest_variance	0	all_var	0.138508	L1_norm	0.003555
Episode	40	Score	-20	largest_variance	0	all_var	0.138303	L1_norm	0.011423
Episode	41	Score	-19	largest_variance	0	all_var	0.138008	L1_norm	0.003754
Episode	42	Score	-21	largest_variance	0	all_var	0.138204	L1_norm	0.008441
Episode	43	Score	-20	largest_variance	0	all_var	0.137934	L1_norm	0.004068
Episode	44	Score	-20	largest_variance	0	all_var	0.137968	L1_norm	0.003446
Episode	45	Score	-17	largest_variance	0	all_var	0.138258	L1_norm	0.004864
Episode	46	Score	-20	largest_variance	0	all_var	0.138527	L1_norm	0.008988
Episode	47	Score	-18	largest_variance	0	all_var	0.138644	L1_norm	0.005564
Episode	48	Score	-21	largest_variance	0	all_var	0.138587	L1_norm	0.006137
Episode	49	Score	-21	largest_variance	0	all_var	0.138422	L1_norm	0.00769
Episode	50	Score	-19	largest_variance	0	all_var	0.138016	L1_norm	0.009833
Episode	51	Score	-20	largest_variance	0	all_var	0.138396	L1_norm	0.00469
Episode	52	Score	-20	largest_variance	0	all_var	0.138547	L1_norm	0.005349
Episode	53	Score	-20	largest_variance	0	all_var	0.138339	L1_norm	0.009971
Episode	54	Score	-20	largest_variance	0	all_var	0.138119	L1_norm	0.008485
Episode	55	Score	-19	largest_variance	0	all_var	0.138479	L1_norm	0.008226
Episode	56	Score	-20	largest_variance	0	all_var	0.138562	L1_norm	0.006444
Episode	57	Score	-21	largest_variance	0	all_var	0.138456	L1_norm	0.00248
Episode	58	Score	-21	largest_variance	0	all_var	0.138098	L1_norm	0.008107
Episode	59	Score	-21	largest_variance	0	all_var	0.138001	L1_norm	0.012262
Episode	60	Score	-21	largest_variance	0	all_var	0.138506	L1_norm	0.005478
Episode	61	Score	-20	largest_variance	0	all_var	0.138485	L1_norm	0.0079
Episode	62	Score	-20	largest_variance	0	all_var	0.138144	L1_norm	0.005044
Episode	63	Score	-20	largest_variance	0	all_var	0.138378	L1_norm	0.005925
Episode	64	Score	-20	largest_variance	0	all_var	0.138563	L1_norm	0.008285
Episode	65	Score	-20	largest_variance	0	all_var	0.138033	L1_norm	0.007169
Episode	66	Score	-20	largest_variance	0	all_var	0.13806	L1_norm	0.004143
Episode	67	Score	-20	largest_variance	0	all_var	0.138319	L1_norm	0.007064
Episode	68	Score	-20	largest_variance	0	all_var	0.138318	L1_norm	0.009336
Episode	69	Score	-18	largest_variance	0	all_var	0.13818	L1_norm	0.003664
Episode	70	Score	-20	largest_variance	0	all_var	0.138632	L1_norm	0.006686
Episode	71	Score	-20	largest_variance	0	all_var	0.138179	L1_norm	0.009215
Episode	72	Score	-20	largest_variance	0	all_var	0.138276	L1_norm	0.006171
Episode	73	Score	-19	largest_variance	0	all_var	0.13836	L1_norm	0.006497
Episode	74	Score	-18	largest_variance	0	all_var	0.138099	L1_norm	0.004336
Episode	75	Score	-21	largest_variance	0	all_var	0.138515	L1_norm	0.008364
Episode	76	Score	-20	largest_variance	0	all_var	0.13815	L1_norm	0.008518
Episode	77	Score	-21	largest_variance	0	all_var	0.138137	L1_norm	0.013359
Episode	78	Score	-19	largest_variance	0	all_var	0.13846	L1_norm	0.005838
Episode	79	Score	-20	largest_variance	0	all_var	0.138382	L1_norm	0.009071
Episode	80	Score	-21	largest_variance	0	all_var	0.137762	L1_norm	0.011668
Episode	81	Score	-20	largest_variance	0	all_var	0.138425	L1_norm	0.007863
Episode	82	Score	-20	largest_variance	0	all_var	0.138861	L1_norm	0.008256
Episode	83	Score	-21	largest_variance	0	all_var	0.138256	L1_norm	0.006528
Episode	84	Score	-18	largest_variance	0	all_var	0.13822	L1_norm	0.004418
Episode	85	Score	-21	largest_variance	0	all_var	0.138276	L1_norm	0.002898
Episode	86	Score	-20	largest_variance	0	all_var	0.13829	L1_norm	0.006645
Episode	87	Score	-20	largest_variance	0	all_var	0.138183	L1_norm	0.007173
Episode	88	Score	-19	largest_variance	0	all_var	0.138117	L1_norm	0.0064
Episode	89	Score	-20	largest_variance	0	all_var	0.138098	L1_norm	0.008167
Episode	90	Score	-20	largest_variance	0	all_var	0.138242	L1_norm	0.007733
Episode	91	Score	-20	largest_variance	0	all_var	0.138159	L1_norm	0.005175
Episode	92	Score	-19	largest_variance	0	all_var	0.138564	L1_norm	0.002517
Episode	93	Score	-20	largest_variance	0	all_var	0.138218	L1_norm	0.013537
Episode	94	Score	-20	largest_variance	0	all_var	0.138067	L1_norm	0.011031
Episode	95	Score	-19	largest_variance	0	all_var	0.138264	L1_norm	0.008166
Episode	96	Score	-18	largest_variance	0	all_var	0.138598	L1_norm	0.005915
Episode	97	Score	-21	largest_variance	0	all_var	0.13818	L1_norm	0.00271
Episode	98	Score	-20	largest_variance	0	all_var	0.138358	L1_norm	0.004541
Episode	99	Score	-21	largest_variance	0	all_var	0.13819	L1_norm	0.013584
Episode	100	Score	-19	largest_variance	0	all_var	0.138369	L1_norm	0.01111
Episode	101	Score	-20	largest_variance	0	all_var	0.138438	L1_norm	0.010363
Episode	102	Score	-20	largest_variance	0	all_var	0.138334	L1_norm	0.008866
Episode	103	Score	-19	largest_variance	0	all_var	0.138559	L1_norm	0.01129
Episode	104	Score	-21	largest_variance	0	all_var	0.138069	L1_norm	0.011918
Episode	105	Score	-21	largest_variance	0	all_var	0.138149	L1_norm	0.005907
Episode	106	Score	-21	largest_variance	0	all_var	0.138052	L1_norm	0.006021
Episode	107	Score	-20	largest_variance	0	all_var	0.13835	L1_norm	0.009818
Episode	108	Score	-20	largest_variance	0	all_var	0.138309	L1_norm	0.008623
Episode	109	Score	-19	largest_variance	0	all_var	0.138202	L1_norm	0.010209
Episode	110	Score	-20	largest_variance	0	all_var	0.138616	L1_norm	0.007407
Episode	111	Score	-19	largest_variance	0	all_var	0.138304	L1_norm	0.005444
Episode	112	Score	-19	largest_variance	0	all_var	0.137375	L1_norm	0.016173
Episode	113	Score	-20	largest_variance	0	all_var	0.138175	L1_norm	0.002951
Episode	114	Score	-20	largest_variance	0	all_var	0.138438	L1_norm	0.008857
Episode	115	Score	-20	largest_variance	0	all_var	0.13862	L1_norm	0.008759
Episode	116	Score	-19	largest_variance	0	all_var	0.138134	L1_norm	0.006811
Episode	117	Score	-21	largest_variance	0	all_var	0.137782	L1_norm	0.009877
Episode	118	Score	-19	largest_variance	0	all_var	0.138436	L1_norm	0.004582
Episode	119	Score	-20	largest_variance	0	all_var	0.138271	L1_norm	0.010761
Episode	120	Score	-20	largest_variance	0	all_var	0.13867	L1_norm	0.005111
Episode	121	Score	-21	largest_variance	0	all_var	0.138197	L1_norm	0.009745
Episode	122	Score	-20	largest_variance	0	all_var	0.138244	L1_norm	0.010131
Episode	123	Score	-21	largest_variance	0	all_var	0.138204	L1_norm	0.011334
Episode	124	Score	-19	largest_variance	0	all_var	0.137599	L1_norm	0.010342
Episode	125	Score	-21	largest_variance	0	all_var	0.138007	L1_norm	0.006979
Episode	126	Score	-20	largest_variance	0	all_var	0.138307	L1_norm	0.00731
Episode	127	Score	-19	largest_variance	0	all_var	0.138428	L1_norm	0.010883
Episode	128	Score	-21	largest_variance	0	all_var	0.138638	L1_norm	0.006188
Episode	129	Score	-17	largest_variance	0	all_var	0.138224	L1_norm	0.010056
Episode	130	Score	-21	largest_variance	0	all_var	0.137962	L1_norm	0.008498
Episode	131	Score	-21	largest_variance	0	all_var	0.138342	L1_norm	0.004454
Episode	132	Score	-20	largest_variance	0	all_var	0.137857	L1_norm	0.005129
Episode	133	Score	-21	largest_variance	0	all_var	0.138059	L1_norm	0.009864
Episode	134	Score	-20	largest_variance	0	all_var	0.138432	L1_norm	0.008036
Episode	135	Score	-20	largest_variance	0	all_var	0.138334	L1_norm	0.008413
Episode	136	Score	-18	largest_variance	0	all_var	0.138616	L1_norm	0.007602
Episode	137	Score	-20	largest_variance	0	all_var	0.138415	L1_norm	0.008622
Episode	138	Score	-20	largest_variance	0	all_var	0.138456	L1_norm	0.005769
Episode	139	Score	-20	largest_variance	0	all_var	0.138323	L1_norm	0.005119
Episode	140	Score	-21	largest_variance	0	all_var	0.137925	L1_norm	0.007281
Episode	141	Score	-19	largest_variance	0	all_var	0.137518	L1_norm	0.009983
Episode	142	Score	-20	largest_variance	0	all_var	0.138174	L1_norm	0.006668
Episode	143	Score	-20	largest_variance	0	all_var	0.137684	L1_norm	0.008029
Episode	144	Score	-20	largest_variance	0	all_var	0.138027	L1_norm	0.009494
Episode	145	Score	-19	largest_variance	0	all_var	0.138418	L1_norm	0.003309
Episode	146	Score	-21	largest_variance	0	all_var	0.138355	L1_norm	0.002361
Episode	147	Score	-19	largest_variance	0	all_var	0.138341	L1_norm	0.006882
Episode	148	Score	-20	largest_variance	0	all_var	0.138047	L1_norm	0.009671
Episode	149	Score	-18	largest_variance	0	all_var	0.138365	L1_norm	0.006265
Episode	150	Score	-21	largest_variance	0	all_var	0.138314	L1_norm	0.011258
Episode	151	Score	-21	largest_variance	0	all_var	0.138246	L1_norm	0.018057
Episode	152	Score	-21	largest_variance	0	all_var	0.138609	L1_norm	0.009907
Episode	153	Score	-21	largest_variance	0	all_var	0.138033	L1_norm	0.005077
Episode	154	Score	-20	largest_variance	0	all_var	0.138244	L1_norm	0.008471
Episode	155	Score	-20	largest_variance	0	all_var	0.137687	L1_norm	0.009829
Episode	156	Score	-19	largest_variance	0	all_var	0.138432	L1_norm	0.011311
Episode	157	Score	-17	largest_variance	0	all_var	0.138584	L1_norm	0.002866
Episode	158	Score	-20	largest_variance	0	all_var	0.138335	L1_norm	0.004087
Episode	159	Score	-20	largest_variance	0	all_var	0.138362	L1_norm	0.009518
Episode	160	Score	-21	largest_variance	0	all_var	0.138039	L1_norm	0.01353
Episode	161	Score	-20	largest_variance	0	all_var	0.138508	L1_norm	0.007214
Episode	162	Score	-19	largest_variance	0	all_var	0.138076	L1_norm	0.007968
Episode	163	Score	-21	largest_variance	0	all_var	0.138091	L1_norm	0.008922
Episode	164	Score	-20	largest_variance	0	all_var	0.138219	L1_norm	0.008232
Episode	165	Score	-19	largest_variance	0	all_var	0.138129	L1_norm	0.008233
Episode	166	Score	-20	largest_variance	0	all_var	0.138535	L1_norm	0.007245
Episode	167	Score	-21	largest_variance	0	all_var	0.137923	L1_norm	0.004894
Episode	168	Score	-21	largest_variance	0	all_var	0.137636	L1_norm	0.003674
Episode	169	Score	-20	largest_variance	0	all_var	0.138199	L1_norm	0.005144
Episode	170	Score	-20	largest_variance	0	all_var	0.138294	L1_norm	0.006431
Episode	171	Score	-20	largest_variance	0	all_var	0.138255	L1_norm	0.007529
Episode	172	Score	-21	largest_variance	0	all_var	0.138184	L1_norm	0.009537
Episode	173	Score	-20	largest_variance	0	all_var	0.138652	L1_norm	0.005279
Episode	174	Score	-20	largest_variance	0	all_var	0.137949	L1_norm	0.007124
Episode	175	Score	-20	largest_variance	0	all_var	0.137966	L1_norm	0.011974
Episode	176	Score	-19	largest_variance	0	all_var	0.138026	L1_norm	0.013312
Episode	177	Score	-20	largest_variance	0	all_var	0.137812	L1_norm	0.006263
Episode	178	Score	-19	largest_variance	0	all_var	0.138503	L1_norm	0.009169
Episode	179	Score	-20	largest_variance	0	all_var	0.13855	L1_norm	0.006635
Episode	180	Score	-20	largest_variance	0	all_var	0.138295	L1_norm	0.010094
Episode	181	Score	-21	largest_variance	0	all_var	0.138456	L1_norm	0.006716
Episode	182	Score	-20	largest_variance	0	all_var	0.137969	L1_norm	0.011464
Episode	183	Score	-19	largest_variance	0	all_var	0.138466	L1_norm	0.004252
Episode	184	Score	-20	largest_variance	0	all_var	0.138219	L1_norm	0.009428
Episode	185	Score	-21	largest_variance	0	all_var	0.13866	L1_norm	0.012533
Episode	186	Score	-19	largest_variance	0	all_var	0.138093	L1_norm	0.002664
Episode	187	Score	-20	largest_variance	0	all_var	0.138087	L1_norm	0.005413
Episode	188	Score	-21	largest_variance	0	all_var	0.137566	L1_norm	0.010269
Episode	189	Score	-20	largest_variance	0	all_var	0.138405	L1_norm	0.0083
Episode	190	Score	-19	largest_variance	0	all_var	0.138301	L1_norm	0.006691
Episode	191	Score	-18	largest_variance	0	all_var	0.1382	L1_norm	0.008223
Episode	192	Score	-19	largest_variance	0	all_var	0.13815	L1_norm	0.003665
Episode	193	Score	-18	largest_variance	0	all_var	0.138097	L1_norm	0.006217
Episode	194	Score	-19	largest_variance	0	all_var	0.13821	L1_norm	0.005334
Episode	195	Score	-21	largest_variance	0	all_var	0.13851	L1_norm	0.010236
Episode	196	Score	-19	largest_variance	0	all_var	0.138353	L1_norm	0.008603
Episode	197	Score	-19	largest_variance	0	all_var	0.137855	L1_norm	0.005566
Episode	198	Score	-19	largest_variance	0	all_var	0.13779	L1_norm	0.006859
Episode	199	Score	-20	largest_variance	0	all_var	0.138126	L1_norm	0.003564
Episode	200	Score	-19	largest_variance	0	all_var	0.138657	L1_norm	0.005817
Episode	201	Score	-20	largest_variance	0	all_var	0.138285	L1_norm	0.013345
Episode	202	Score	-18	largest_variance	0	all_var	0.138611	L1_norm	0.011548
Episode	203	Score	-19	largest_variance	0	all_var	0.138389	L1_norm	0.007973
Episode	204	Score	-21	largest_variance	0	all_var	0.138182	L1_norm	0.004403
Episode	205	Score	-21	largest_variance	0	all_var	0.137983	L1_norm	0.014605
Episode	206	Score	-21	largest_variance	0	all_var	0.138529	L1_norm	0.006202
Episode	207	Score	-21	largest_variance	0	all_var	0.138578	L1_norm	0.007078
Episode	208	Score	-21	largest_variance	0	all_var	0.13855	L1_norm	0.010875
Episode	209	Score	-21	largest_variance	0	all_var	0.137907	L1_norm	0.00908
Episode	210	Score	-19	largest_variance	0	all_var	0.138277	L1_norm	0.006668
Episode	211	Score	-20	largest_variance	0	all_var	0.138725	L1_norm	0.006777
Episode	212	Score	-20	largest_variance	0	all_var	0.138274	L1_norm	0.008126
Episode	213	Score	-19	largest_variance	0	all_var	0.138409	L1_norm	0.006414
Episode	214	Score	-21	largest_variance	0	all_var	0.138021	L1_norm	0.0091
Episode	215	Score	-20	largest_variance	0	all_var	0.138302	L1_norm	0.007531
Episode	216	Score	-20	largest_variance	0	all_var	0.138537	L1_norm	0.006897
Episode	217	Score	-21	largest_variance	0	all_var	0.138458	L1_norm	0.005096
Episode	218	Score	-20	largest_variance	0	all_var	0.137993	L1_norm	0.014561
Episode	219	Score	-18	largest_variance	0	all_var	0.138457	L1_norm	0.004385
Episode	220	Score	-20	largest_variance	0	all_var	0.138163	L1_norm	0.007665
Episode	221	Score	-19	largest_variance	0	all_var	0.138545	L1_norm	0.003033
Episode	222	Score	-19	largest_variance	0	all_var	0.13819	L1_norm	0.007889
Episode	223	Score	-21	largest_variance	0	all_var	0.13816	L1_norm	0.006374
Episode	224	Score	-20	largest_variance	0	all_var	0.138092	L1_norm	0.008289
Episode	225	Score	-20	largest_variance	0	all_var	0.137737	L1_norm	0.012867
Episode	226	Score	-21	largest_variance	0	all_var	0.138586	L1_norm	0.00745
Episode	227	Score	-21	largest_variance	0	all_var	0.138495	L1_norm	0.00491
Episode	228	Score	-20	largest_variance	0	all_var	0.137943	L1_norm	0.009637
Episode	229	Score	-21	largest_variance	0	all_var	0.138189	L1_norm	0.006651
Episode	230	Score	-19	largest_variance	0	all_var	0.13821	L1_norm	0.008473
Episode	231	Score	-20	largest_variance	0	all_var	0.138415	L1_norm	0.005647
Episode	232	Score	-20	largest_variance	0	all_var	0.137933	L1_norm	0.017915
Episode	233	Score	-21	largest_variance	0	all_var	0.138351	L1_norm	0.008608
Episode	234	Score	-20	largest_variance	0	all_var	0.137974	L1_norm	0.008996
Episode	235	Score	-21	largest_variance	0	all_var	0.138288	L1_norm	0.015397
Episode	236	Score	-20	largest_variance	0	all_var	0.138134	L1_norm	0.009555
Episode	237	Score	-20	largest_variance	0	all_var	0.13861	L1_norm	0.0149
Episode	238	Score	-20	largest_variance	0	all_var	0.138464	L1_norm	0.004798
Episode	239	Score	-20	largest_variance	0	all_var	0.138075	L1_norm	0.007407
Episode	240	Score	-20	largest_variance	0	all_var	0.138291	L1_norm	0.005526
Episode	241	Score	-18	largest_variance	0	all_var	0.138219	L1_norm	0.008635
Episode	242	Score	-21	largest_variance	0	all_var	0.137713	L1_norm	0.01756
Episode	243	Score	-18	largest_variance	0	all_var	0.138207	L1_norm	0.004944
Episode	244	Score	-19	largest_variance	0	all_var	0.13819	L1_norm	0.008656
Episode	245	Score	-17	largest_variance	0	all_var	0.138353	L1_norm	0.005789
Episode	246	Score	-18	largest_variance	0	all_var	0.138256	L1_norm	0.00888
Episode	247	Score	-21	largest_variance	0	all_var	0.138345	L1_norm	0.003109
Episode	248	Score	-19	largest_variance	0	all_var	0.138342	L1_norm	0.007865
Episode	249	Score	-20	largest_variance	0	all_var	0.138221	L1_norm	0.007943
Episode	250	Score	-17	largest_variance	0	all_var	0.138523	L1_norm	0.012064
Episode	251	Score	-20	largest_variance	0	all_var	0.13796	L1_norm	0.006749
Episode	252	Score	-21	largest_variance	0	all_var	0.138618	L1_norm	0.008632
Episode	253	Score	-21	largest_variance	0	all_var	0.137956	L1_norm	0.008033
Episode	254	Score	-19	largest_variance	0	all_var	0.138548	L1_norm	0.004838
Episode	255	Score	-19	largest_variance	0	all_var	0.138616	L1_norm	0.005156
Episode	256	Score	-21	largest_variance	0	all_var	0.138452	L1_norm	0.006796
Episode	257	Score	-20	largest_variance	0	all_var	0.13853	L1_norm	0.010569
Episode	258	Score	-19	largest_variance	0	all_var	0.138562	L1_norm	0.008002
Episode	259	Score	-19	largest_variance	0	all_var	0.138362	L1_norm	0.005606
Episode	260	Score	-20	largest_variance	0	all_var	0.138114	L1_norm	0.014971
Episode	261	Score	-19	largest_variance	0	all_var	0.138075	L1_norm	0.006015
Episode	262	Score	-20	largest_variance	0	all_var	0.138444	L1_norm	0.009516
Episode	263	Score	-21	largest_variance	0	all_var	0.137939	L1_norm	0.009198
Episode	264	Score	-20	largest_variance	0	all_var	0.138406	L1_norm	0.007965
Episode	265	Score	-21	largest_variance	0	all_var	0.137741	L1_norm	0.006304
Episode	266	Score	-20	largest_variance	0	all_var	0.13789	L1_norm	0.00666
Episode	267	Score	-19	largest_variance	0	all_var	0.13854	L1_norm	0.007116
Episode	268	Score	-19	largest_variance	0	all_var	0.138241	L1_norm	0.007159
Episode	269	Score	-21	largest_variance	0	all_var	0.138726	L1_norm	0.008078
Episode	270	Score	-20	largest_variance	0	all_var	0.138455	L1_norm	0.008646
Episode	271	Score	-19	largest_variance	0	all_var	0.137881	L1_norm	0.008804
Episode	272	Score	-21	largest_variance	0	all_var	0.138236	L1_norm	0.011327
Episode	273	Score	-18	largest_variance	0	all_var	0.138219	L1_norm	0.004724
Episode	274	Score	-20	largest_variance	0	all_var	0.138382	L1_norm	0.004251
Episode	275	Score	-18	largest_variance	0	all_var	0.138366	L1_norm	0.007338
Episode	276	Score	-20	largest_variance	0	all_var	0.138615	L1_norm	0.008512
Episode	277	Score	-21	largest_variance	0	all_var	0.137943	L1_norm	0.007894
Episode	278	Score	-20	largest_variance	0	all_var	0.138314	L1_norm	0.010033
Episode	279	Score	-21	largest_variance	0	all_var	0.138384	L1_norm	0.005973
Episode	280	Score	-19	largest_variance	0	all_var	0.137902	L1_norm	0.005636
Episode	281	Score	-21	largest_variance	0	all_var	0.13881	L1_norm	0.01026
Episode	282	Score	-21	largest_variance	0	all_var	0.138186	L1_norm	0.01069
Episode	283	Score	-21	largest_variance	0	all_var	0.138266	L1_norm	0.004769
Episode	284	Score	-20	largest_variance	0	all_var	0.13832	L1_norm	0.010842
Episode	285	Score	-21	largest_variance	0	all_var	0.137585	L1_norm	0.009763
Episode	286	Score	-20	largest_variance	0	all_var	0.138293	L1_norm	0.004242
Episode	287	Score	-21	largest_variance	0	all_var	0.138548	L1_norm	0.010343
Episode	288	Score	-21	largest_variance	0	all_var	0.138146	L1_norm	0.006335
Episode	289	Score	-21	largest_variance	0	all_var	0.138053	L1_norm	0.005772
Episode	290	Score	-21	largest_variance	0	all_var	0.138192	L1_norm	0.005701
Episode	291	Score	-19	largest_variance	0	all_var	0.137987	L1_norm	0.008545
Episode	292	Score	-19	largest_variance	0	all_var	0.138488	L1_norm	0.003423
Episode	293	Score	-21	largest_variance	0	all_var	0.138354	L1_norm	0.008035
Episode	294	Score	-20	largest_variance	0	all_var	0.138481	L1_norm	0.007593
Episode	295	Score	-16	largest_variance	0	all_var	0.138531	L1_norm	0.004553
Episode	296	Score	-19	largest_variance	0	all_var	0.13834	L1_norm	0.011037
Episode	297	Score	-20	largest_variance	0	all_var	0.137999	L1_norm	0.007688
Episode	298	Score	-20	largest_variance	0	all_var	0.138753	L1_norm	0.009212
Episode	299	Score	-17	largest_variance	0	all_var	0.138496	L1_norm	0.010965
Episode	300	Score	-20	largest_variance	0	all_var	0.138143	L1_norm	0.003182
Episode	301	Score	-18	largest_variance	0	all_var	0.138547	L1_norm	0.003745
Episode	302	Score	-17	largest_variance	0	all_var	0.138164	L1_norm	0.008528
Episode	303	Score	-20	largest_variance	0	all_var	0.137898	L1_norm	0.009435
Episode	304	Score	-20	largest_variance	0	all_var	0.138401	L1_norm	0.005608
Episode	305	Score	-19	largest_variance	0	all_var	0.138169	L1_norm	0.007735
Episode	306	Score	-21	largest_variance	0	all_var	0.137877	L1_norm	0.010833
Episode	307	Score	-20	largest_variance	0	all_var	0.138375	L1_norm	0.006854
Episode	308	Score	-21	largest_variance	0	all_var	0.138241	L1_norm	0.006814
Episode	309	Score	-20	largest_variance	0	all_var	0.138254	L1_norm	0.008325
Episode	310	Score	-20	largest_variance	0	all_var	0.13806	L1_norm	0.009693
Episode	311	Score	-18	largest_variance	0	all_var	0.138237	L1_norm	0.009894
Episode	312	Score	-20	largest_variance	0	all_var	0.138108	L1_norm	0.006935
Episode	313	Score	-20	largest_variance	0	all_var	0.138497	L1_norm	0.006749
Episode	314	Score	-20	largest_variance	0	all_var	0.138415	L1_norm	0.007943
Episode	315	Score	-21	largest_variance	0	all_var	0.138089	L1_norm	0.012286
Episode	316	Score	-20	largest_variance	0	all_var	0.138075	L1_norm	0.009086
Episode	317	Score	-19	largest_variance	0	all_var	0.138095	L1_norm	0.006444
Episode	318	Score	-18	largest_variance	0	all_var	0.137905	L1_norm	0.007311
Episode	319	Score	-21	largest_variance	0	all_var	0.138403	L1_norm	0.004905
Episode	320	Score	-21	largest_variance	0	all_var	0.138324	L1_norm	0.010536
Episode	321	Score	-21	largest_variance	0	all_var	0.138308	L1_norm	0.005806
Episode	322	Score	-21	largest_variance	0	all_var	0.137797	L1_norm	0.011905
Episode	323	Score	-19	largest_variance	0	all_var	0.138088	L1_norm	0.006684
Episode	324	Score	-18	largest_variance	0	all_var	0.138414	L1_norm	0.004014
Episode	325	Score	-19	largest_variance	0	all_var	0.138086	L1_norm	0.00473
Episode	326	Score	-21	largest_variance	0	all_var	0.138192	L1_norm	0.008678
Episode	327	Score	-16	largest_variance	0	all_var	0.138259	L1_norm	0.004816
Episode	328	Score	-18	largest_variance	0	all_var	0.138279	L1_norm	0.004571
Episode	329	Score	-21	largest_variance	0	all_var	0.138305	L1_norm	0.009024
Episode	330	Score	-20	largest_variance	0	all_var	0.138244	L1_norm	0.008284
Episode	331	Score	-19	largest_variance	0	all_var	0.138333	L1_norm	0.007766
Episode	332	Score	-19	largest_variance	0	all_var	0.137599	L1_norm	0.014044
Episode	333	Score	-20	largest_variance	0	all_var	0.13809	L1_norm	0.009972
Episode	334	Score	-20	largest_variance	0	all_var	0.138451	L1_norm	0.004919
Episode	335	Score	-20	largest_variance	0	all_var	0.137855	L1_norm	0.009291
Episode	336	Score	-21	largest_variance	0	all_var	0.138475	L1_norm	0.00595
Episode	337	Score	-20	largest_variance	0	all_var	0.138201	L1_norm	0.007267
Episode	338	Score	-20	largest_variance	0	all_var	0.138502	L1_norm	0.006149
Episode	339	Score	-19	largest_variance	0	all_var	0.138264	L1_norm	0.007495
Episode	340	Score	-21	largest_variance	0	all_var	0.138376	L1_norm	0.011218
Episode	341	Score	-20	largest_variance	0	all_var	0.137768	L1_norm	0.007605
Episode	342	Score	-20	largest_variance	0	all_var	0.13778	L1_norm	0.00686
Episode	343	Score	-20	largest_variance	0	all_var	0.138131	L1_norm	0.015394
Episode	344	Score	-18	largest_variance	0	all_var	0.138539	L1_norm	0.009369
Episode	345	Score	-21	largest_variance	0	all_var	0.137959	L1_norm	0.01004
Episode	346	Score	-20	largest_variance	0	all_var	0.13817	L1_norm	0.006038
Episode	347	Score	-20	largest_variance	0	all_var	0.13833	L1_norm	0.006099
Episode	348	Score	-20	largest_variance	0	all_var	0.138419	L1_norm	0.011082
Episode	349	Score	-18	largest_variance	0	all_var	0.138052	L1_norm	0.00814
Episode	350	Score	-20	largest_variance	0	all_var	0.138327	L1_norm	0.008732
Episode	351	Score	-21	largest_variance	0	all_var	0.137666	L1_norm	0.009299
Episode	352	Score	-20	largest_variance	0	all_var	0.138111	L1_norm	0.004998
Episode	353	Score	-19	largest_variance	0	all_var	0.138325	L1_norm	0.011954
Episode	354	Score	-21	largest_variance	0	all_var	0.138218	L1_norm	0.006063
Episode	355	Score	-17	largest_variance	0	all_var	0.138229	L1_norm	0.007264
Episode	356	Score	-20	largest_variance	0	all_var	0.137931	L1_norm	0.008961
Episode	357	Score	-19	largest_variance	0	all_var	0.137969	L1_norm	0.010434
Episode	358	Score	-21	largest_variance	0	all_var	0.138409	L1_norm	0.005334
Episode	359	Score	-20	largest_variance	0	all_var	0.137973	L1_norm	0.004756
Episode	360	Score	-20	largest_variance	0	all_var	0.138386	L1_norm	0.009801
Episode	361	Score	-20	largest_variance	0	all_var	0.138508	L1_norm	0.010649
Episode	362	Score	-18	largest_variance	0	all_var	0.138328	L1_norm	0.00772
Episode	363	Score	-20	largest_variance	0	all_var	0.138269	L1_norm	0.009298
Episode	364	Score	-20	largest_variance	0	all_var	0.137721	L1_norm	0.012418
Episode	365	Score	-20	largest_variance	0	all_var	0.137584	L1_norm	0.015285
Episode	366	Score	-20	largest_variance	0	all_var	0.137931	L1_norm	0.006889
Episode	367	Score	-20	largest_variance	0	all_var	0.138312	L1_norm	0.011572
Episode	368	Score	-21	largest_variance	0	all_var	0.138429	L1_norm	0.009218
Episode	369	Score	-20	largest_variance	0	all_var	0.137466	L1_norm	0.005149
Episode	370	Score	-21	largest_variance	0	all_var	0.138449	L1_norm	0.007031
Episode	371	Score	-19	largest_variance	0	all_var	0.138064	L1_norm	0.00893
Episode	372	Score	-20	largest_variance	0	all_var	0.137971	L1_norm	0.006386
Episode	373	Score	-21	largest_variance	0	all_var	0.13849	L1_norm	0.008659
Episode	374	Score	-20	largest_variance	0	all_var	0.138325	L1_norm	0.011516
Episode	375	Score	-19	largest_variance	0	all_var	0.138053	L1_norm	0.007713
Episode	376	Score	-20	largest_variance	0	all_var	0.137674	L1_norm	0.008125
Episode	377	Score	-17	largest_variance	0	all_var	0.138311	L1_norm	0.00246
Episode	378	Score	-21	largest_variance	0	all_var	0.137624	L1_norm	0.007077
Episode	379	Score	-21	largest_variance	0	all_var	0.138435	L1_norm	0.006991
Episode	380	Score	-20	largest_variance	0	all_var	0.137882	L1_norm	0.010262
Episode	381	Score	-20	largest_variance	0	all_var	0.137817	L1_norm	0.011899
Episode	382	Score	-19	largest_variance	0	all_var	0.138341	L1_norm	0.008642
Episode	383	Score	-19	largest_variance	0	all_var	0.138106	L1_norm	0.006475
Episode	384	Score	-19	largest_variance	0	all_var	0.138078	L1_norm	0.008284
Episode	385	Score	-21	largest_variance	0	all_var	0.137974	L1_norm	0.010482
Episode	386	Score	-19	largest_variance	0	all_var	0.138467	L1_norm	0.004423
Episode	387	Score	-21	largest_variance	0	all_var	0.137398	L1_norm	0.007694
Episode	388	Score	-18	largest_variance	0	all_var	0.137888	L1_norm	0.012889
Episode	389	Score	-20	largest_variance	0	all_var	0.137804	L1_norm	0.015295
Episode	390	Score	-21	largest_variance	0	all_var	0.138236	L1_norm	0.010391
Episode	391	Score	-20	largest_variance	0	all_var	0.137931	L1_norm	0.00633
Episode	392	Score	-21	largest_variance	0	all_var	0.138414	L1_norm	0.006942
Episode	393	Score	-18	largest_variance	0	all_var	0.138534	L1_norm	0.013236
Episode	394	Score	-20	largest_variance	0	all_var	0.138439	L1_norm	0.005234
Episode	395	Score	-21	largest_variance	0	all_var	0.137903	L1_norm	0.003859
Episode	396	Score	-21	largest_variance	0	all_var	0.137785	L1_norm	0.004184
Episode	397	Score	-20	largest_variance	0	all_var	0.137819	L1_norm	0.008746
Episode	398	Score	-20	largest_variance	0	all_var	0.138117	L1_norm	0.010169
Episode	399	Score	-19	largest_variance	0	all_var	0.138093	L1_norm	0.008778
Episode	400	Score	-21	largest_variance	0	all_var	0.13841	L1_norm	0.005332
Episode	401	Score	-19	largest_variance	0	all_var	0.138067	L1_norm	0.004085
Episode	402	Score	-21	largest_variance	0	all_var	0.138236	L1_norm	0.015594
Episode	403	Score	-20	largest_variance	0	all_var	0.138021	L1_norm	0.008941
Episode	404	Score	-20	largest_variance	0	all_var	0.138043	L1_norm	0.011002
Episode	405	Score	-19	largest_variance	0	all_var	0.137823	L1_norm	0.008949
Episode	406	Score	-20	largest_variance	0	all_var	0.138111	L1_norm	0.013144
Episode	407	Score	-20	largest_variance	0	all_var	0.138037	L1_norm	0.007128
Episode	408	Score	-21	largest_variance	0	all_var	0.138434	L1_norm	0.01077
Episode	409	Score	-21	largest_variance	0	all_var	0.138498	L1_norm	0.002965
Episode	410	Score	-19	largest_variance	0	all_var	0.138129	L1_norm	0.00803
Episode	411	Score	-20	largest_variance	0	all_var	0.137962	L1_norm	0.008634
Episode	412	Score	-19	largest_variance	0	all_var	0.138289	L1_norm	0.007508
Episode	413	Score	-21	largest_variance	0	all_var	0.137807	L1_norm	0.009266
Episode	414	Score	-21	largest_variance	0	all_var	0.137704	L1_norm	0.010563
Episode	415	Score	-19	largest_variance	0	all_var	0.137934	L1_norm	0.009293
Episode	416	Score	-19	largest_variance	0	all_var	0.138085	L1_norm	0.007902
Episode	417	Score	-21	largest_variance	0	all_var	0.138171	L1_norm	0.013479
Episode	418	Score	-20	largest_variance	0	all_var	0.138521	L1_norm	0.00813
Episode	419	Score	-20	largest_variance	0	all_var	0.138091	L1_norm	0.0029
Episode	420	Score	-21	largest_variance	0	all_var	0.138608	L1_norm	0.006229
Episode	421	Score	-21	largest_variance	0	all_var	0.138396	L1_norm	0.01096
Episode	422	Score	-17	largest_variance	0	all_var	0.138317	L1_norm	0.009882
Episode	423	Score	-20	largest_variance	0	all_var	0.138159	L1_norm	0.00506
Episode	424	Score	-21	largest_variance	0	all_var	0.13705	L1_norm	0.009047
Episode	425	Score	-20	largest_variance	0	all_var	0.138361	L1_norm	0.006246
Episode	426	Score	-20	largest_variance	0	all_var	0.137783	L1_norm	0.003763
Episode	427	Score	-18	largest_variance	0	all_var	0.13814	L1_norm	0.003132
Episode	428	Score	-20	largest_variance	0	all_var	0.137832	L1_norm	0.006451
Episode	429	Score	-20	largest_variance	0	all_var	0.13772	L1_norm	0.00554
Episode	430	Score	-18	largest_variance	0	all_var	0.137543	L1_norm	0.008706
Episode	431	Score	-20	largest_variance	0	all_var	0.137433	L1_norm	0.01367
Episode	432	Score	-19	largest_variance	0	all_var	0.137994	L1_norm	0.006336
Episode	433	Score	-19	largest_variance	0	all_var	0.13822	L1_norm	0.008579
Episode	434	Score	-18	largest_variance	0	all_var	0.137909	L1_norm	0.009306
Episode	435	Score	-19	largest_variance	0	all_var	0.138075	L1_norm	0.007076
Episode	436	Score	-20	largest_variance	0	all_var	0.137862	L1_norm	0.012989
Episode	437	Score	-19	largest_variance	0	all_var	0.137734	L1_norm	0.008775
Episode	438	Score	-20	largest_variance	0	all_var	0.138133	L1_norm	0.013882
Episode	439	Score	-19	largest_variance	0	all_var	0.137855	L1_norm	0.006207
Episode	440	Score	-20	largest_variance	0	all_var	0.137536	L1_norm	0.010049
Episode	441	Score	-21	largest_variance	0	all_var	0.138589	L1_norm	0.006266
Episode	442	Score	-19	largest_variance	0	all_var	0.137863	L1_norm	0.008384
Episode	443	Score	-21	largest_variance	0	all_var	0.137509	L1_norm	0.011122
Episode	444	Score	-19	largest_variance	0	all_var	0.137884	L1_norm	0.008437
Episode	445	Score	-19	largest_variance	0	all_var	0.138185	L1_norm	0.005057
Episode	446	Score	-20	largest_variance	0	all_var	0.137934	L1_norm	0.004258
Episode	447	Score	-21	largest_variance	0	all_var	0.137491	L1_norm	0.007537
Episode	448	Score	-19	largest_variance	0	all_var	0.138341	L1_norm	0.006545
Episode	449	Score	-20	largest_variance	0	all_var	0.137975	L1_norm	0.009619
Episode	450	Score	-21	largest_variance	0	all_var	0.137813	L1_norm	0.005393
Episode	451	Score	-19	largest_variance	0	all_var	0.138414	L1_norm	0.003728
Episode	452	Score	-19	largest_variance	0	all_var	0.138212	L1_norm	0.009044
Episode	453	Score	-20	largest_variance	0	all_var	0.138541	L1_norm	0.005473
Episode	454	Score	-19	largest_variance	0	all_var	0.137673	L1_norm	0.009257
Episode	455	Score	-20	largest_variance	0	all_var	0.138158	L1_norm	0.011391
Episode	456	Score	-20	largest_variance	0	all_var	0.137569	L1_norm	0.012297
Episode	457	Score	-20	largest_variance	0	all_var	0.138112	L1_norm	0.002936
Episode	458	Score	-17	largest_variance	0	all_var	0.138225	L1_norm	0.010534
Episode	459	Score	-18	largest_variance	0	all_var	0.138062	L1_norm	0.007122
Episode	460	Score	-20	largest_variance	0	all_var	0.137254	L1_norm	0.010741
Episode	461	Score	-20	largest_variance	0	all_var	0.137815	L1_norm	0.008277
Episode	462	Score	-21	largest_variance	0	all_var	0.137991	L1_norm	0.009437
Episode	463	Score	-21	largest_variance	0	all_var	0.138302	L1_norm	0.011134
Episode	464	Score	-21	largest_variance	0	all_var	0.137819	L1_norm	0.009845
Episode	465	Score	-19	largest_variance	0	all_var	0.137693	L1_norm	0.004987
Episode	466	Score	-21	largest_variance	0	all_var	0.138088	L1_norm	0.003004
Episode	467	Score	-20	largest_variance	0	all_var	0.138339	L1_norm	0.008972
Episode	468	Score	-21	largest_variance	0	all_var	0.138311	L1_norm	0.008502
Episode	469	Score	-20	largest_variance	0	all_var	0.13829	L1_norm	0.006473
Episode	470	Score	-21	largest_variance	0	all_var	0.137358	L1_norm	0.008868
Episode	471	Score	-21	largest_variance	0	all_var	0.138361	L1_norm	0.009519
Episode	472	Score	-20	largest_variance	0	all_var	0.137991	L1_norm	0.004254
Episode	473	Score	-21	largest_variance	0	all_var	0.138371	L1_norm	0.004196
Episode	474	Score	-19	largest_variance	0	all_var	0.137424	L1_norm	0.013872
Episode	475	Score	-21	largest_variance	0	all_var	0.137685	L1_norm	0.011526
Episode	476	Score	-21	largest_variance	0	all_var	0.138158	L1_norm	0.004871
Episode	477	Score	-21	largest_variance	0	all_var	0.137202	L1_norm	0.007689
Episode	478	Score	-19	largest_variance	0	all_var	0.138066	L1_norm	0.008529
Episode	479	Score	-19	largest_variance	0	all_var	0.138022	L1_norm	0.009874
Episode	480	Score	-18	largest_variance	0	all_var	0.137607	L1_norm	0.011216
Episode	481	Score	-21	largest_variance	0	all_var	0.137862	L1_norm	0.011875
Episode	482	Score	-20	largest_variance	0	all_var	0.136849	L1_norm	0.006838
Episode	483	Score	-19	largest_variance	0	all_var	0.1378	L1_norm	0.008912
Episode	484	Score	-20	largest_variance	0	all_var	0.137804	L1_norm	0.011725
Episode	485	Score	-20	largest_variance	0	all_var	0.137324	L1_norm	0.007513
Episode	486	Score	-21	largest_variance	0	all_var	0.137756	L1_norm	0.008599
Episode	487	Score	-19	largest_variance	0	all_var	0.137536	L1_norm	0.004702
Episode	488	Score	-20	largest_variance	0	all_var	0.137205	L1_norm	0.010039
Episode	489	Score	-20	largest_variance	0	all_var	0.137593	L1_norm	0.005804
Episode	490	Score	-19	largest_variance	0	all_var	0.137989	L1_norm	0.003483
Episode	491	Score	-19	largest_variance	0	all_var	0.137922	L1_norm	0.006768
Episode	492	Score	-20	largest_variance	0	all_var	0.138065	L1_norm	0.008551
Episode	493	Score	-20	largest_variance	0	all_var	0.137952	L1_norm	0.006758
Episode	494	Score	-21	largest_variance	0	all_var	0.137636	L1_norm	0.008061
Episode	495	Score	-18	largest_variance	0	all_var	0.137199	L1_norm	0.003938
Episode	496	Score	-18	largest_variance	0	all_var	0.137409	L1_norm	0.005471
Episode	497	Score	-19	largest_variance	0	all_var	0.137331	L1_norm	0.002706
Episode	498	Score	-19	largest_variance	0	all_var	0.137069	L1_norm	0.005971
Episode	499	Score	-18	largest_variance	0	all_var	0.137527	L1_norm	0.007788
Episode	500	Score	-21	largest_variance	0	all_var	0.137484	L1_norm	0.005575
Episode	501	Score	-20	largest_variance	0	all_var	0.136945	L1_norm	0.006571
Episode	502	Score	-20	largest_variance	0	all_var	0.137474	L1_norm	0.008836
Episode	503	Score	-19	largest_variance	0	all_var	0.137472	L1_norm	0.005013
Episode	504	Score	-19	largest_variance	0	all_var	0.13723	L1_norm	0.007746
Episode	505	Score	-19	largest_variance	0	all_var	0.137487	L1_norm	0.006412
Episode	506	Score	-19	largest_variance	0	all_var	0.136694	L1_norm	0.010618
Episode	507	Score	-19	largest_variance	0	all_var	0.136871	L1_norm	0.009262
Episode	508	Score	-21	largest_variance	0	all_var	0.136699	L1_norm	0.007341
Episode	509	Score	-20	largest_variance	0	all_var	0.137325	L1_norm	0.005914
Episode	510	Score	-19	largest_variance	0	all_var	0.137253	L1_norm	0.007706
Episode	511	Score	-20	largest_variance	0	all_var	0.137449	L1_norm	0.006324
Episode	512	Score	-20	largest_variance	0	all_var	0.136623	L1_norm	0.005369
Episode	513	Score	-19	largest_variance	0	all_var	0.137126	L1_norm	0.006838
Episode	514	Score	-21	largest_variance	0	all_var	0.137469	L1_norm	0.010421
Episode	515	Score	-19	largest_variance	0	all_var	0.137291	L1_norm	0.006997
Episode	516	Score	-19	largest_variance	0	all_var	0.137868	L1_norm	0.011652
Episode	517	Score	-20	largest_variance	0	all_var	0.137592	L1_norm	0.004813
Episode	518	Score	-19	largest_variance	0	all_var	0.136949	L1_norm	0.007606
Episode	519	Score	-18	largest_variance	0	all_var	0.137662	L1_norm	0.008247
Episode	520	Score	-16	largest_variance	0	all_var	0.137651	L1_norm	0.004163
Episode	521	Score	-21	largest_variance	0	all_var	0.137298	L1_norm	0.011974
Episode	522	Score	-18	largest_variance	0	all_var	0.136496	L1_norm	0.008917
Episode	523	Score	-21	largest_variance	0	all_var	0.136808	L1_norm	0.00862
Episode	524	Score	-20	largest_variance	0	all_var	0.136353	L1_norm	0.010695
Episode	525	Score	-18	largest_variance	0	all_var	0.136987	L1_norm	0.008071
Episode	526	Score	-17	largest_variance	0	all_var	0.136985	L1_norm	0.004854
Episode	527	Score	-19	largest_variance	0	all_var	0.137044	L1_norm	0.007614
Episode	528	Score	-18	largest_variance	0	all_var	0.136678	L1_norm	0.007404
Episode	529	Score	-20	largest_variance	0	all_var	0.136739	L1_norm	0.010547
Episode	530	Score	-18	largest_variance	0	all_var	0.136971	L1_norm	0.008706
Episode	531	Score	-21	largest_variance	0	all_var	0.136962	L1_norm	0.009967
Episode	532	Score	-20	largest_variance	0	all_var	0.13732	L1_norm	0.005075
Episode	533	Score	-16	largest_variance	0	all_var	0.136404	L1_norm	0.007772
Episode	534	Score	-16	largest_variance	0	all_var	0.136807	L1_norm	0.0081
Episode	535	Score	-20	largest_variance	0	all_var	0.137502	L1_norm	0.007489
Episode	536	Score	-20	largest_variance	0	all_var	0.136492	L1_norm	0.007663
Episode	537	Score	-19	largest_variance	0	all_var	0.135623	L1_norm	0.008104
Episode	538	Score	-20	largest_variance	0	all_var	0.135841	L1_norm	0.005834
Episode	539	Score	-18	largest_variance	0	all_var	0.136752	L1_norm	0.006966
Episode	540	Score	-19	largest_variance	0	all_var	0.136334	L1_norm	0.009581
Episode	541	Score	-20	largest_variance	0	all_var	0.137215	L1_norm	0.007591
Episode	542	Score	-21	largest_variance	0	all_var	0.137972	L1_norm	0.004775
Episode	543	Score	-20	largest_variance	0	all_var	0.137434	L1_norm	0.014093
Episode	544	Score	-21	largest_variance	0	all_var	0.136792	L1_norm	0.004475
Episode	545	Score	-16	largest_variance	0	all_var	0.137204	L1_norm	0.004412
Episode	546	Score	-21	largest_variance	0	all_var	0.135634	L1_norm	0.008087
Episode	547	Score	-19	largest_variance	0	all_var	0.136051	L1_norm	0.008084
Episode	548	Score	-20	largest_variance	0	all_var	0.136309	L1_norm	0.011064
Episode	549	Score	-18	largest_variance	0	all_var	0.135542	L1_norm	0.005112
Episode	550	Score	-17	largest_variance	0	all_var	0.136159	L1_norm	0.002422
Episode	551	Score	-18	largest_variance	0	all_var	0.134863	L1_norm	0.006425
Episode	552	Score	-21	largest_variance	0	all_var	0.135365	L1_norm	0.008613
Episode	553	Score	-18	largest_variance	0	all_var	0.136989	L1_norm	0.009879
Episode	554	Score	-17	largest_variance	0	all_var	0.136287	L1_norm	0.005242
Episode	555	Score	-19	largest_variance	0	all_var	0.134687	L1_norm	0.006111
Episode	556	Score	-19	largest_variance	0	all_var	0.133851	L1_norm	0.007023
Episode	557	Score	-19	largest_variance	0	all_var	0.1344	L1_norm	0.006283
Episode	558	Score	-19	largest_variance	0	all_var	0.135501	L1_norm	0.003533
Episode	559	Score	-19	largest_variance	0	all_var	0.136373	L1_norm	0.006767
Episode	560	Score	-20	largest_variance	0	all_var	0.135754	L1_norm	0.014984
Episode	561	Score	-21	largest_variance	0	all_var	0.135761	L1_norm	0.003007
Episode	562	Score	-20	largest_variance	0	all_var	0.132913	L1_norm	0.007183
Episode	563	Score	-15	largest_variance	0	all_var	0.13513	L1_norm	0.006727
Episode	564	Score	-18	largest_variance	0	all_var	0.134878	L1_norm	0.006574
Episode	565	Score	-20	largest_variance	0	all_var	0.133398	L1_norm	0.00904
Episode	566	Score	-20	largest_variance	0	all_var	0.134256	L1_norm	0.006108
Episode	567	Score	-19	largest_variance	0	all_var	0.132271	L1_norm	0.004546
Episode	568	Score	-20	largest_variance	0	all_var	0.134585	L1_norm	0.006049
Episode	569	Score	-18	largest_variance	0	all_var	0.134495	L1_norm	0.00566
Episode	570	Score	-19	largest_variance	0	all_var	0.135695	L1_norm	0.013288
Episode	571	Score	-17	largest_variance	0	all_var	0.134055	L1_norm	0.004964
Episode	572	Score	-19	largest_variance	0	all_var	0.134015	L1_norm	0.006933
Episode	573	Score	-20	largest_variance	0	all_var	0.131979	L1_norm	0.008636
Episode	574	Score	-18	largest_variance	0	all_var	0.131769	L1_norm	0.008635
Episode	575	Score	-19	largest_variance	0	all_var	0.133553	L1_norm	0.010023
Episode	576	Score	-19	largest_variance	0	all_var	0.131809	L1_norm	0.008367
Episode	577	Score	-18	largest_variance	0	all_var	0.132897	L1_norm	0.006946
Episode	578	Score	-18	largest_variance	0	all_var	0.132523	L1_norm	0.007166
Episode	579	Score	-20	largest_variance	0	all_var	0.131265	L1_norm	0.011041
Episode	580	Score	-19	largest_variance	0	all_var	0.132571	L1_norm	0.007133
Episode	581	Score	-19	largest_variance	0	all_var	0.133073	L1_norm	0.007276
Episode	582	Score	-21	largest_variance	0	all_var	0.132867	L1_norm	0.008551
Episode	583	Score	-21	largest_variance	0	all_var	0.133847	L1_norm	0.00248
Episode	584	Score	-18	largest_variance	0	all_var	0.134423	L1_norm	0.007716
Episode	585	Score	-18	largest_variance	0	all_var	0.13303	L1_norm	0.010699
Episode	586	Score	-17	largest_variance	0	all_var	0.13338	L1_norm	0.006732
Episode	587	Score	-18	largest_variance	0	all_var	0.133511	L1_norm	0.008184
Episode	588	Score	-18	largest_variance	0	all_var	0.133051	L1_norm	0.006562
Episode	589	Score	-17	largest_variance	0	all_var	0.13283	L1_norm	0.002764
Episode	590	Score	-19	largest_variance	0	all_var	0.133027	L1_norm	0.009687
Episode	591	Score	-19	largest_variance	0	all_var	0.13417	L1_norm	0.005945
Episode	592	Score	-17	largest_variance	0	all_var	0.12999	L1_norm	0.004569
Episode	593	Score	-20	largest_variance	0	all_var	0.133215	L1_norm	0.007149
Episode	594	Score	-17	largest_variance	0	all_var	0.132481	L1_norm	0.009117
Episode	595	Score	-19	largest_variance	0	all_var	0.131901	L1_norm	0.00792
Episode	596	Score	-20	largest_variance	0	all_var	0.132353	L1_norm	0.009044
Episode	597	Score	-20	largest_variance	0	all_var	0.133821	L1_norm	0.006224
Episode	598	Score	-19	largest_variance	0	all_var	0.132443	L1_norm	0.008851
Episode	599	Score	-19	largest_variance	0	all_var	0.132602	L1_norm	0.004776
Episode	600	Score	-20	largest_variance	0	all_var	0.131501	L1_norm	0.003872
Episode	601	Score	-17	largest_variance	0	all_var	0.132882	L1_norm	0.004393
Episode	602	Score	-21	largest_variance	0	all_var	0.136428	L1_norm	0.005973
Episode	603	Score	-20	largest_variance	0	all_var	0.136108	L1_norm	0.008442
Episode	604	Score	-18	largest_variance	0	all_var	0.133876	L1_norm	0.006109
Episode	605	Score	-19	largest_variance	0	all_var	0.134925	L1_norm	0.009681
Episode	606	Score	-18	largest_variance	0	all_var	0.134741	L1_norm	0.007406
Episode	607	Score	-19	largest_variance	0	all_var	0.134607	L1_norm	0.003917
Episode	608	Score	-17	largest_variance	0	all_var	0.135054	L1_norm	0.00281
Episode	609	Score	-20	largest_variance	0	all_var	0.134912	L1_norm	0.004817
Episode	610	Score	-20	largest_variance	0	all_var	0.134541	L1_norm	0.009487
Episode	611	Score	-20	largest_variance	0	all_var	0.135748	L1_norm	0.009383
Episode	612	Score	-18	largest_variance	0	all_var	0.135271	L1_norm	0.010672
Episode	613	Score	-18	largest_variance	0	all_var	0.135358	L1_norm	0.008342
Episode	614	Score	-15	largest_variance	0	all_var	0.133786	L1_norm	0.005908
Episode	615	Score	-19	largest_variance	0	all_var	0.136349	L1_norm	0.00649
Episode	616	Score	-18	largest_variance	0	all_var	0.134712	L1_norm	0.00474
Episode	617	Score	-20	largest_variance	0	all_var	0.135297	L1_norm	0.007227
Episode	618	Score	-18	largest_variance	0	all_var	0.13414	L1_norm	0.004889
Episode	619	Score	-21	largest_variance	0	all_var	0.136025	L1_norm	0.014587
Episode	620	Score	-15	largest_variance	0	all_var	0.134661	L1_norm	0.009773
Episode	621	Score	-20	largest_variance	0	all_var	0.135352	L1_norm	0.01013
Episode	622	Score	-20	largest_variance	0	all_var	0.135035	L1_norm	0.00665
Episode	623	Score	-18	largest_variance	0	all_var	0.132927	L1_norm	0.00478
Episode	624	Score	-18	largest_variance	0	all_var	0.13619	L1_norm	0.004581
Episode	625	Score	-18	largest_variance	0	all_var	0.133269	L1_norm	0.011803
Episode	626	Score	-19	largest_variance	0	all_var	0.134612	L1_norm	0.008748
Episode	627	Score	-20	largest_variance	0	all_var	0.13504	L1_norm	0.014152
Episode	628	Score	-18	largest_variance	0	all_var	0.134997	L1_norm	0.004315
Episode	629	Score	-20	largest_variance	0	all_var	0.133171	L1_norm	0.005711
Episode	630	Score	-18	largest_variance	0	all_var	0.135372	L1_norm	0.006265
Episode	631	Score	-19	largest_variance	0	all_var	0.135099	L1_norm	0.007066
Episode	632	Score	-20	largest_variance	0	all_var	0.133463	L1_norm	0.009117
Episode	633	Score	-20	largest_variance	0	all_var	0.135496	L1_norm	0.005483
Episode	634	Score	-19	largest_variance	0	all_var	0.134561	L1_norm	0.006092
Episode	635	Score	-20	largest_variance	0	all_var	0.135092	L1_norm	0.008212
Episode	636	Score	-20	largest_variance	0	all_var	0.135635	L1_norm	0.004828
Episode	637	Score	-19	largest_variance	0	all_var	0.134937	L1_norm	0.004874
Episode	638	Score	-16	largest_variance	0	all_var	0.134958	L1_norm	0.006972
Episode	639	Score	-20	largest_variance	0	all_var	0.135604	L1_norm	0.010173
Episode	640	Score	-19	largest_variance	0	all_var	0.134608	L1_norm	0.011277
Episode	641	Score	-19	largest_variance	0	all_var	0.134236	L1_norm	0.016188
Episode	642	Score	-18	largest_variance	0	all_var	0.134885	L1_norm	0.008106
Episode	643	Score	-20	largest_variance	0	all_var	0.133189	L1_norm	0.009157
Episode	644	Score	-20	largest_variance	0	all_var	0.133591	L1_norm	0.014758
Episode	645	Score	-14	largest_variance	0	all_var	0.133612	L1_norm	0.006439
Episode	646	Score	-18	largest_variance	0	all_var	0.135552	L1_norm	0.007814
Episode	647	Score	-19	largest_variance	0	all_var	0.133146	L1_norm	0.005067
Episode	648	Score	-20	largest_variance	0	all_var	0.134713	L1_norm	0.008529
Episode	649	Score	-18	largest_variance	0	all_var	0.135462	L1_norm	0.005974
Episode	650	Score	-18	largest_variance	0	all_var	0.133708	L1_norm	0.003946
Episode	651	Score	-17	largest_variance	0	all_var	0.133678	L1_norm	0.004055
Episode	652	Score	-19	largest_variance	0	all_var	0.133656	L1_norm	0.008438
Episode	653	Score	-17	largest_variance	0	all_var	0.132405	L1_norm	0.00738
Episode	654	Score	-18	largest_variance	0	all_var	0.13309	L1_norm	0.00526
Episode	655	Score	-21	largest_variance	0	all_var	0.133703	L1_norm	0.003553
Episode	656	Score	-17	largest_variance	0	all_var	0.130142	L1_norm	0.003988
Episode	657	Score	-17	largest_variance	0	all_var	0.132168	L1_norm	0.007846
Episode	658	Score	-19	largest_variance	0	all_var	0.134198	L1_norm	0.007507
Episode	659	Score	-20	largest_variance	0	all_var	0.133216	L1_norm	0.006354
Episode	660	Score	-21	largest_variance	0	all_var	0.134394	L1_norm	0.008799
Episode	661	Score	-19	largest_variance	0	all_var	0.13219	L1_norm	0.005107
Episode	662	Score	-18	largest_variance	0	all_var	0.130226	L1_norm	0.005427
Episode	663	Score	-18	largest_variance	0	all_var	0.133682	L1_norm	0.006952
Episode	664	Score	-18	largest_variance	0	all_var	0.133641	L1_norm	0.008182
Episode	665	Score	-18	largest_variance	0	all_var	0.130319	L1_norm	0.003819
Episode	666	Score	-18	largest_variance	0	all_var	0.130377	L1_norm	0.00625
Episode	667	Score	-18	largest_variance	0	all_var	0.129876	L1_norm	0.006887
Episode	668	Score	-19	largest_variance	0	all_var	0.129489	L1_norm	0.005488
Episode	669	Score	-19	largest_variance	0	all_var	0.133043	L1_norm	0.004526
Episode	670	Score	-20	largest_variance	0	all_var	0.128875	L1_norm	0.003452
Episode	671	Score	-18	largest_variance	0	all_var	0.130443	L1_norm	0.006197
Episode	672	Score	-18	largest_variance	0	all_var	0.130312	L1_norm	0.009565
Episode	673	Score	-13	largest_variance	0	all_var	0.128971	L1_norm	0.004295
Episode	674	Score	-18	largest_variance	0	all_var	0.129467	L1_norm	0.005651
Episode	675	Score	-19	largest_variance	0	all_var	0.128412	L1_norm	0.007409
Episode	676	Score	-17	largest_variance	0	all_var	0.130123	L1_norm	0.012292
Episode	677	Score	-20	largest_variance	0	all_var	0.129327	L1_norm	0.007145
Episode	678	Score	-21	largest_variance	0	all_var	0.13116	L1_norm	0.009246
Episode	679	Score	-15	largest_variance	0	all_var	0.127383	L1_norm	0.003656
Episode	680	Score	-17	largest_variance	0	all_var	0.128349	L1_norm	0.006598
Episode	681	Score	-19	largest_variance	0	all_var	0.127222	L1_norm	0.012014
Episode	682	Score	-20	largest_variance	0	all_var	0.128912	L1_norm	0.008137
Episode	683	Score	-18	largest_variance	0	all_var	0.128989	L1_norm	0.007163
Episode	684	Score	-20	largest_variance	0	all_var	0.128222	L1_norm	0.005603
Episode	685	Score	-18	largest_variance	0	all_var	0.123627	L1_norm	0.004736
Episode	686	Score	-19	largest_variance	0	all_var	0.126568	L1_norm	0.006785
Episode	687	Score	-19	largest_variance	0	all_var	0.124945	L1_norm	0.007613
Episode	688	Score	-18	largest_variance	0	all_var	0.123383	L1_norm	0.008987
Episode	689	Score	-19	largest_variance	0	all_var	0.124496	L1_norm	0.007001
Episode	690	Score	-19	largest_variance	0	all_var	0.126556	L1_norm	0.006705
Episode	691	Score	-20	largest_variance	0	all_var	0.127503	L1_norm	0.008548
Episode	692	Score	-17	largest_variance	0	all_var	0.123118	L1_norm	0.005725
Episode	693	Score	-20	largest_variance	0	all_var	0.12402	L1_norm	0.011253
Episode	694	Score	-15	largest_variance	0	all_var	0.125302	L1_norm	0.006331
Episode	695	Score	-20	largest_variance	0	all_var	0.126043	L1_norm	0.011396
Episode	696	Score	-18	largest_variance	0	all_var	0.126365	L1_norm	0.004965
Episode	697	Score	-20	largest_variance	0	all_var	0.124636	L1_norm	0.00715
Episode	698	Score	-17	largest_variance	0	all_var	0.126474	L1_norm	0.004661
Episode	699	Score	-15	largest_variance	0	all_var	0.123734	L1_norm	0.01226
Episode	700	Score	-20	largest_variance	0	all_var	0.131162	L1_norm	0.011781
Episode	701	Score	-16	largest_variance	0	all_var	0.126626	L1_norm	0.00503
Episode	702	Score	-14	largest_variance	0	all_var	0.124118	L1_norm	0.005904
Episode	703	Score	-18	largest_variance	0	all_var	0.125631	L1_norm	0.011002
Episode	704	Score	-19	largest_variance	0	all_var	0.124557	L1_norm	0.004434
Episode	705	Score	-18	largest_variance	0	all_var	0.126266	L1_norm	0.005242
Episode	706	Score	-18	largest_variance	0	all_var	0.125157	L1_norm	0.010716
Episode	707	Score	-20	largest_variance	0	all_var	0.12336	L1_norm	0.007039
Episode	708	Score	-17	largest_variance	0	all_var	0.126202	L1_norm	0.004937
Episode	709	Score	-18	largest_variance	0	all_var	0.123428	L1_norm	0.007113
Episode	710	Score	-20	largest_variance	0	all_var	0.126163	L1_norm	0.011915
Episode	711	Score	-13	largest_variance	0	all_var	0.121233	L1_norm	0.007866
Episode	712	Score	-16	largest_variance	0	all_var	0.120573	L1_norm	0.008309
Episode	713	Score	-17	largest_variance	0	all_var	0.122888	L1_norm	0.007103
Episode	714	Score	-20	largest_variance	0	all_var	0.125027	L1_norm	0.008653
Episode	715	Score	-20	largest_variance	0	all_var	0.126138	L1_norm	0.008897
Episode	716	Score	-21	largest_variance	0	all_var	0.129733	L1_norm	0.004835
Episode	717	Score	-18	largest_variance	0	all_var	0.119673	L1_norm	0.006708
Episode	718	Score	-19	largest_variance	0	all_var	0.121937	L1_norm	0.004706
Episode	719	Score	-19	largest_variance	0	all_var	0.124229	L1_norm	0.00898
Episode	720	Score	-14	largest_variance	0	all_var	0.120578	L1_norm	0.006798
Episode	721	Score	-17	largest_variance	0	all_var	0.125208	L1_norm	0.009992
Episode	722	Score	-20	largest_variance	0	all_var	0.123642	L1_norm	0.002875
Episode	723	Score	-16	largest_variance	0	all_var	0.12477	L1_norm	0.006741
Episode	724	Score	-18	largest_variance	0	all_var	0.12479	L1_norm	0.002372
Episode	725	Score	-15	largest_variance	0	all_var	0.1226	L1_norm	0.00372
Episode	726	Score	-17	largest_variance	0	all_var	0.128363	L1_norm	0.009388
Episode	727	Score	-19	largest_variance	0	all_var	0.119181	L1_norm	0.006171
Episode	728	Score	-20	largest_variance	0	all_var	0.119391	L1_norm	0.00476
Episode	729	Score	-19	largest_variance	0	all_var	0.124382	L1_norm	0.006512
Episode	730	Score	-20	largest_variance	0	all_var	0.126361	L1_norm	0.008335
Episode	731	Score	-18	largest_variance	0	all_var	0.123256	L1_norm	0.004725
Episode	732	Score	-17	largest_variance	0	all_var	0.123074	L1_norm	0.00421
Episode	733	Score	-17	largest_variance	0	all_var	0.124729	L1_norm	0.00839
Episode	734	Score	-17	largest_variance	0	all_var	0.12407	L1_norm	0.006265
Episode	735	Score	-17	largest_variance	0	all_var	0.122983	L1_norm	0.006453
Episode	736	Score	-19	largest_variance	0	all_var	0.126042	L1_norm	0.007974
Episode	737	Score	-19	largest_variance	0	all_var	0.12104	L1_norm	0.008067
Episode	738	Score	-19	largest_variance	0	all_var	0.124413	L1_norm	0.008702
Episode	739	Score	-19	largest_variance	0	all_var	0.123	L1_norm	0.010122
Episode	740	Score	-20	largest_variance	0	all_var	0.125673	L1_norm	0.006921
Episode	741	Score	-18	largest_variance	0	all_var	0.119229	L1_norm	0.003963
Episode	742	Score	-19	largest_variance	0	all_var	0.120835	L1_norm	0.006082
Episode	743	Score	-18	largest_variance	0	all_var	0.124589	L1_norm	0.004912
Episode	744	Score	-20	largest_variance	0	all_var	0.118188	L1_norm	0.007048
Episode	745	Score	-17	largest_variance	0	all_var	0.124217	L1_norm	0.008258
Episode	746	Score	-20	largest_variance	0	all_var	0.121121	L1_norm	0.009895
Episode	747	Score	-21	largest_variance	0	all_var	0.118469	L1_norm	0.007272
Episode	748	Score	-18	largest_variance	0	all_var	0.120128	L1_norm	0.007113
Episode	749	Score	-15	largest_variance	0	all_var	0.118309	L1_norm	0.004034
Episode	750	Score	-15	largest_variance	0	all_var	0.113799	L1_norm	0.004918
Episode	751	Score	-16	largest_variance	0	all_var	0.116853	L1_norm	0.007321
Episode	752	Score	-21	largest_variance	0	all_var	0.118156	L1_norm	0.009773
Episode	753	Score	-19	largest_variance	0	all_var	0.123551	L1_norm	0.008272
Episode	754	Score	-19	largest_variance	0	all_var	0.119899	L1_norm	0.002533
Episode	755	Score	-16	largest_variance	0	all_var	0.118765	L1_norm	0.005881
Episode	756	Score	-20	largest_variance	0	all_var	0.123678	L1_norm	0.007753
Episode	757	Score	-18	largest_variance	0	all_var	0.122629	L1_norm	0.005956
Episode	758	Score	-20	largest_variance	0	all_var	0.120672	L1_norm	0.007329
Episode	759	Score	-18	largest_variance	0	all_var	0.12118	L1_norm	0.0113
Episode	760	Score	-17	largest_variance	0	all_var	0.119092	L1_norm	0.008496
Episode	761	Score	-17	largest_variance	0	all_var	0.120366	L1_norm	0.006875
Episode	762	Score	-18	largest_variance	0	all_var	0.121062	L1_norm	0.007143
Episode	763	Score	-15	largest_variance	0	all_var	0.117573	L1_norm	0.00216
Episode	764	Score	-18	largest_variance	0	all_var	0.119733	L1_norm	0.004458
Episode	765	Score	-16	largest_variance	0	all_var	0.123847	L1_norm	0.007226
Episode	766	Score	-19	largest_variance	0	all_var	0.119394	L1_norm	0.00819
Episode	767	Score	-18	largest_variance	0	all_var	0.119539	L1_norm	0.009086
Episode	768	Score	-20	largest_variance	0	all_var	0.122618	L1_norm	0.00485
Episode	769	Score	-16	largest_variance	0	all_var	0.119305	L1_norm	0.003476
Episode	770	Score	-14	largest_variance	0	all_var	0.116632	L1_norm	0.002485
Episode	771	Score	-18	largest_variance	0	all_var	0.118862	L1_norm	0.006831
Episode	772	Score	-18	largest_variance	0	all_var	0.118655	L1_norm	0.00484
Episode	773	Score	-17	largest_variance	0	all_var	0.116626	L1_norm	0.008041
Episode	774	Score	-17	largest_variance	0	all_var	0.11769	L1_norm	0.008717
Episode	775	Score	-18	largest_variance	0	all_var	0.117796	L1_norm	0.011169
Episode	776	Score	-20	largest_variance	0	all_var	0.121682	L1_norm	0.005336
Episode	777	Score	-19	largest_variance	0	all_var	0.121763	L1_norm	0.0105
Episode	778	Score	-20	largest_variance	0	all_var	0.12104	L1_norm	0.010399
Episode	779	Score	-18	largest_variance	0	all_var	0.127115	L1_norm	0.008569
Episode	780	Score	-20	largest_variance	0	all_var	0.120242	L1_norm	0.005677
Episode	781	Score	-15	largest_variance	0	all_var	0.115796	L1_norm	0.001832
Episode	782	Score	-17	largest_variance	0	all_var	0.120853	L1_norm	0.005127
Episode	783	Score	-17	largest_variance	0	all_var	0.121427	L1_norm	0.009332
Episode	784	Score	-16	largest_variance	0	all_var	0.11911	L1_norm	0.006453
Episode	785	Score	-20	largest_variance	0	all_var	0.120706	L1_norm	0.005323
Episode	786	Score	-19	largest_variance	0	all_var	0.121659	L1_norm	0.0055
Episode	787	Score	-15	largest_variance	0	all_var	0.120149	L1_norm	0.006978
Episode	788	Score	-19	largest_variance	0	all_var	0.119915	L1_norm	0.006807
Episode	789	Score	-21	largest_variance	0	all_var	0.124695	L1_norm	0.009736
Episode	790	Score	-18	largest_variance	0	all_var	0.116674	L1_norm	0.006726
Episode	791	Score	-18	largest_variance	0	all_var	0.120671	L1_norm	0.00422
Episode	792	Score	-17	largest_variance	0	all_var	0.118653	L1_norm	0.006392
Episode	793	Score	-17	largest_variance	0	all_var	0.117157	L1_norm	0.005029
Episode	794	Score	-17	largest_variance	0	all_var	0.115335	L1_norm	0.003494
Episode	795	Score	-19	largest_variance	0	all_var	0.117406	L1_norm	0.008953
Episode	796	Score	-19	largest_variance	0	all_var	0.116642	L1_norm	0.006613
Episode	797	Score	-16	largest_variance	0	all_var	0.118988	L1_norm	0.004786
Episode	798	Score	-17	largest_variance	0	all_var	0.11492	L1_norm	0.009328
Episode	799	Score	-19	largest_variance	0	all_var	0.121933	L1_norm	0.007922
Episode	800	Score	-20	largest_variance	0	all_var	0.121198	L1_norm	0.009852
Episode	801	Score	-21	largest_variance	0	all_var	0.117765	L1_norm	0.005905
Episode	802	Score	-17	largest_variance	0	all_var	0.116884	L1_norm	0.003099
Episode	803	Score	-17	largest_variance	0	all_var	0.117456	L1_norm	0.008785
Episode	804	Score	-17	largest_variance	0	all_var	0.115659	L1_norm	0.004826
Episode	805	Score	-18	largest_variance	0	all_var	0.118596	L1_norm	0.011091
Episode	806	Score	-19	largest_variance	0	all_var	0.115165	L1_norm	0.009364
Episode	807	Score	-19	largest_variance	0	all_var	0.11965	L1_norm	0.009161
Episode	808	Score	-17	largest_variance	0	all_var	0.118547	L1_norm	0.005789
Episode	809	Score	-19	largest_variance	0	all_var	0.118836	L1_norm	0.009847
Episode	810	Score	-21	largest_variance	0	all_var	0.121182	L1_norm	0.009914
Episode	811	Score	-20	largest_variance	0	all_var	0.120465	L1_norm	0.00604
Episode	812	Score	-17	largest_variance	0	all_var	0.121644	L1_norm	0.003034
Episode	813	Score	-20	largest_variance	0	all_var	0.121944	L1_norm	0.010092
Episode	814	Score	-16	largest_variance	0	all_var	0.120046	L1_norm	0.006064
Episode	815	Score	-18	largest_variance	0	all_var	0.121831	L1_norm	0.010375
Episode	816	Score	-20	largest_variance	0	all_var	0.123185	L1_norm	0.006499
Episode	817	Score	-19	largest_variance	0	all_var	0.123418	L1_norm	0.007437
Episode	818	Score	-20	largest_variance	0	all_var	0.125306	L1_norm	0.010388
Episode	819	Score	-18	largest_variance	0	all_var	0.12266	L1_norm	0.005912
Episode	820	Score	-20	largest_variance	0	all_var	0.123442	L1_norm	0.009511
Episode	821	Score	-18	largest_variance	0	all_var	0.121616	L1_norm	0.00434
Episode	822	Score	-17	largest_variance	0	all_var	0.121921	L1_norm	0.005379
Episode	823	Score	-16	largest_variance	0	all_var	0.122154	L1_norm	0.009037
Episode	824	Score	-16	largest_variance	0	all_var	0.122589	L1_norm	0.006026
Episode	825	Score	-18	largest_variance	0	all_var	0.121924	L1_norm	0.007716
Episode	826	Score	-16	largest_variance	0	all_var	0.122023	L1_norm	0.005876
Episode	827	Score	-17	largest_variance	0	all_var	0.124346	L1_norm	0.005795
Episode	828	Score	-18	largest_variance	0	all_var	0.124661	L1_norm	0.005204
Episode	829	Score	-17	largest_variance	0	all_var	0.121808	L1_norm	0.006154
Episode	830	Score	-20	largest_variance	0	all_var	0.124252	L1_norm	0.006336
Episode	831	Score	-19	largest_variance	0	all_var	0.123756	L1_norm	0.007019
Episode	832	Score	-17	largest_variance	0	all_var	0.123261	L1_norm	0.006461
Episode	833	Score	-16	largest_variance	0	all_var	0.123379	L1_norm	0.00465
Episode	834	Score	-17	largest_variance	0	all_var	0.12217	L1_norm	0.004397
Episode	835	Score	-19	largest_variance	0	all_var	0.12353	L1_norm	0.005895
Episode	836	Score	-20	largest_variance	0	all_var	0.122024	L1_norm	0.007484
Episode	837	Score	-20	largest_variance	0	all_var	0.123734	L1_norm	0.010215
Episode	838	Score	-17	largest_variance	0	all_var	0.124169	L1_norm	0.005183
Episode	839	Score	-17	largest_variance	0	all_var	0.1238	L1_norm	0.00554
Episode	840	Score	-16	largest_variance	0	all_var	0.121664	L1_norm	0.004376
Episode	841	Score	-17	largest_variance	0	all_var	0.121404	L1_norm	0.004894
Episode	842	Score	-17	largest_variance	0	all_var	0.122974	L1_norm	0.005549
Episode	843	Score	-17	largest_variance	0	all_var	0.122679	L1_norm	0.007231
Episode	844	Score	-19	largest_variance	0	all_var	0.121914	L1_norm	0.006893
Episode	845	Score	-17	largest_variance	0	all_var	0.123881	L1_norm	0.007791
Episode	846	Score	-17	largest_variance	0	all_var	0.119633	L1_norm	0.005701
Episode	847	Score	-19	largest_variance	0	all_var	0.120453	L1_norm	0.006229
Episode	848	Score	-14	largest_variance	0	all_var	0.120099	L1_norm	0.00913
Episode	849	Score	-15	largest_variance	0	all_var	0.121907	L1_norm	0.008625
Episode	850	Score	-19	largest_variance	0	all_var	0.123634	L1_norm	0.006926
Episode	851	Score	-18	largest_variance	0	all_var	0.120648	L1_norm	0.004596
Episode	852	Score	-19	largest_variance	0	all_var	0.11907	L1_norm	0.005543
Episode	853	Score	-15	largest_variance	0	all_var	0.120329	L1_norm	0.01022
Episode	854	Score	-14	largest_variance	0	all_var	0.117166	L1_norm	0.004997
Episode	855	Score	-19	largest_variance	0	all_var	0.11648	L1_norm	0.005058
Episode	856	Score	-14	largest_variance	0	all_var	0.117161	L1_norm	0.00237
Episode	857	Score	-18	largest_variance	0	all_var	0.118342	L1_norm	0.004139
Episode	858	Score	-16	largest_variance	0	all_var	0.114757	L1_norm	0.002397
Episode	859	Score	-13	largest_variance	0	all_var	0.11215	L1_norm	0.011052
Episode	860	Score	-16	largest_variance	0	all_var	0.11287	L1_norm	0.007688
Episode	861	Score	-17	largest_variance	0	all_var	0.111526	L1_norm	0.005173
Episode	862	Score	-16	largest_variance	0	all_var	0.115889	L1_norm	0.004856
Episode	863	Score	-16	largest_variance	0	all_var	0.114991	L1_norm	0.004412
Episode	864	Score	-16	largest_variance	0	all_var	0.113302	L1_norm	0.004473
Episode	865	Score	-15	largest_variance	0	all_var	0.109405	L1_norm	0.005818
Episode	866	Score	-19	largest_variance	0	all_var	0.114905	L1_norm	0.003847
Episode	867	Score	-17	largest_variance	0	all_var	0.110506	L1_norm	0.005662
Episode	868	Score	-19	largest_variance	0	all_var	0.112686	L1_norm	0.009043
Episode	869	Score	-16	largest_variance	0	all_var	0.111483	L1_norm	0.002843
Episode	870	Score	-16	largest_variance	0	all_var	0.111701	L1_norm	0.004146
Episode	871	Score	-18	largest_variance	0	all_var	0.111701	L1_norm	0.006489
Episode	872	Score	-18	largest_variance	0	all_var	0.111796	L1_norm	0.002774
Episode	873	Score	-18	largest_variance	0	all_var	0.111184	L1_norm	0.005837
Episode	874	Score	-17	largest_variance	0	all_var	0.113887	L1_norm	0.007012
Episode	875	Score	-18	largest_variance	0	all_var	0.112103	L1_norm	0.006422
Episode	876	Score	-16	largest_variance	0	all_var	0.110907	L1_norm	0.008453
Episode	877	Score	-16	largest_variance	0	all_var	0.112373	L1_norm	0.0044
Episode	878	Score	-18	largest_variance	0	all_var	0.108102	L1_norm	0.00427
Episode	879	Score	-15	largest_variance	0	all_var	0.111903	L1_norm	0.005464
Episode	880	Score	-18	largest_variance	0	all_var	0.109556	L1_norm	0.008449
Episode	881	Score	-18	largest_variance	0	all_var	0.113941	L1_norm	0.006518
Episode	882	Score	-19	largest_variance	0	all_var	0.108468	L1_norm	0.007949
Episode	883	Score	-17	largest_variance	0	all_var	0.111217	L1_norm	0.004609
Episode	884	Score	-15	largest_variance	0	all_var	0.109133	L1_norm	0.002224
Episode	885	Score	-18	largest_variance	0	all_var	0.110791	L1_norm	0.004522
Episode	886	Score	-17	largest_variance	0	all_var	0.108724	L1_norm	0.004073
Episode	887	Score	-16	largest_variance	0	all_var	0.11096	L1_norm	0.004841
Episode	888	Score	-18	largest_variance	0	all_var	0.108472	L1_norm	0.007432
Episode	889	Score	-16	largest_variance	0	all_var	0.109838	L1_norm	0.010201
Episode	890	Score	-15	largest_variance	0	all_var	0.111013	L1_norm	0.003289
Episode	891	Score	-18	largest_variance	0	all_var	0.109345	L1_norm	0.007803
Episode	892	Score	-15	largest_variance	0	all_var	0.109099	L1_norm	0.004619
Episode	893	Score	-18	largest_variance	0	all_var	0.108637	L1_norm	0.005505
Episode	894	Score	-14	largest_variance	0	all_var	0.109385	L1_norm	0.003016
Episode	895	Score	-17	largest_variance	0	all_var	0.109992	L1_norm	0.002772
Episode	896	Score	-16	largest_variance	0	all_var	0.109225	L1_norm	0.007081
Episode	897	Score	-20	largest_variance	0	all_var	0.108376	L1_norm	0.005256
Episode	898	Score	-13	largest_variance	0	all_var	0.111016	L1_norm	0.00434
Episode	899	Score	-14	largest_variance	0	all_var	0.109274	L1_norm	0.006247
Episode	900	Score	-17	largest_variance	0	all_var	0.109359	L1_norm	0.007008
Episode	901	Score	-19	largest_variance	0	all_var	0.108972	L1_norm	0.003751
Episode	902	Score	-15	largest_variance	0	all_var	0.108554	L1_norm	0.006418
Episode	903	Score	-14	largest_variance	0	all_var	0.105556	L1_norm	0.00775
Episode	904	Score	-19	largest_variance	0	all_var	0.109811	L1_norm	0.004192
Episode	905	Score	-18	largest_variance	0	all_var	0.107698	L1_norm	0.005996
Episode	906	Score	-19	largest_variance	0	all_var	0.108426	L1_norm	0.008979
Episode	907	Score	-17	largest_variance	0	all_var	0.108045	L1_norm	0.00579
Episode	908	Score	-15	largest_variance	0	all_var	0.105547	L1_norm	0.004378
Episode	909	Score	-19	largest_variance	0	all_var	0.111281	L1_norm	0.005654
Episode	910	Score	-18	largest_variance	0	all_var	0.106963	L1_norm	0.00504
Episode	911	Score	-15	largest_variance	0	all_var	0.107463	L1_norm	0.005994
Episode	912	Score	-16	largest_variance	0	all_var	0.104583	L1_norm	0.006873
Episode	913	Score	-16	largest_variance	0	all_var	0.104765	L1_norm	0.006734
Episode	914	Score	-16	largest_variance	0	all_var	0.102825	L1_norm	0.00512
Episode	915	Score	-21	largest_variance	0	all_var	0.106143	L1_norm	0.004921
Episode	916	Score	-14	largest_variance	0	all_var	0.104057	L1_norm	0.005748
Episode	917	Score	-16	largest_variance	0	all_var	0.107567	L1_norm	0.004059
Episode	918	Score	-15	largest_variance	0	all_var	0.10396	L1_norm	0.007884
Episode	919	Score	-18	largest_variance	0	all_var	0.105864	L1_norm	0.005033
Episode	920	Score	-16	largest_variance	0	all_var	0.099696	L1_norm	0.004769
Episode	921	Score	-16	largest_variance	0	all_var	0.097293	L1_norm	0.008161
Episode	922	Score	-15	largest_variance	0	all_var	0.10184	L1_norm	0.005232
Episode	923	Score	-12	largest_variance	0	all_var	0.101974	L1_norm	0.004439
Episode	924	Score	-13	largest_variance	0	all_var	0.102311	L1_norm	0.002572
Episode	925	Score	-17	largest_variance	0	all_var	0.103633	L1_norm	0.005348
Episode	926	Score	-16	largest_variance	0	all_var	0.097613	L1_norm	0.004
Episode	927	Score	-18	largest_variance	0	all_var	0.100436	L1_norm	0.005214
Episode	928	Score	-16	largest_variance	0	all_var	0.100235	L1_norm	0.006334
Episode	929	Score	-15	largest_variance	0	all_var	0.09859	L1_norm	0.005578
Episode	930	Score	-16	largest_variance	0	all_var	0.100909	L1_norm	0.00493
Episode	931	Score	-17	largest_variance	0	all_var	0.097872	L1_norm	0.008822
Episode	932	Score	-13	largest_variance	0	all_var	0.098739	L1_norm	0.003895
Episode	933	Score	-12	largest_variance	0	all_var	0.093046	L1_norm	0.006784
Episode	934	Score	-15	largest_variance	0	all_var	0.095938	L1_norm	0.004207
Episode	935	Score	-18	largest_variance	0	all_var	0.095532	L1_norm	0.006349
Episode	936	Score	-18	largest_variance	0	all_var	0.098367	L1_norm	0.005648
Episode	937	Score	-12	largest_variance	0	all_var	0.094804	L1_norm	0.003073
Episode	938	Score	-18	largest_variance	0	all_var	0.094038	L1_norm	0.004574
Episode	939	Score	-16	largest_variance	0	all_var	0.096946	L1_norm	0.008582
Episode	940	Score	-15	largest_variance	0	all_var	0.093784	L1_norm	0.004705
Episode	941	Score	-15	largest_variance	0	all_var	0.094061	L1_norm	0.004131
Episode	942	Score	-18	largest_variance	0	all_var	0.09099	L1_norm	0.003089
Episode	943	Score	-16	largest_variance	0	all_var	0.093202	L1_norm	0.003211
Episode	944	Score	-14	largest_variance	0	all_var	0.094184	L1_norm	0.005197
Episode	945	Score	-14	largest_variance	0	all_var	0.090688	L1_norm	0.005559
Episode	946	Score	-17	largest_variance	0	all_var	0.090008	L1_norm	0.007295
Episode	947	Score	-17	largest_variance	0	all_var	0.089507	L1_norm	0.005106
Episode	948	Score	-17	largest_variance	0	all_var	0.089517	L1_norm	0.004323
Episode	949	Score	-15	largest_variance	0	all_var	0.08856	L1_norm	0.00514
Episode	950	Score	-17	largest_variance	0	all_var	0.086913	L1_norm	0.006311
Episode	951	Score	-16	largest_variance	0	all_var	0.084975	L1_norm	0.006674
Episode	952	Score	-17	largest_variance	0	all_var	0.086604	L1_norm	0.004593
Episode	953	Score	-19	largest_variance	0	all_var	0.087347	L1_norm	0.006118
Episode	954	Score	-16	largest_variance	0	all_var	0.081712	L1_norm	0.004923
Episode	955	Score	-18	largest_variance	0	all_var	0.085345	L1_norm	0.000457
Episode	956	Score	-17	largest_variance	0	all_var	0.082357	L1_norm	0.006419
Episode	957	Score	-16	largest_variance	0	all_var	0.080812	L1_norm	0.003503
Episode	958	Score	-18	largest_variance	0	all_var	0.081612	L1_norm	0.002867
Episode	959	Score	-11	largest_variance	0	all_var	0.083872	L1_norm	0.003996
Episode	960	Score	-19	largest_variance	0	all_var	0.081311	L1_norm	0.00353
Episode	961	Score	-14	largest_variance	0	all_var	0.082089	L1_norm	0.004806
Episode	962	Score	-16	largest_variance	0	all_var	0.079413	L1_norm	0.003476
Episode	963	Score	-15	largest_variance	0	all_var	0.079583	L1_norm	0.003914
Episode	964	Score	-17	largest_variance	0	all_var	0.081179	L1_norm	0.009205
Episode	965	Score	-20	largest_variance	0	all_var	0.081736	L1_norm	0.007054
Episode	966	Score	-15	largest_variance	0	all_var	0.080404	L1_norm	0.005626
Episode	967	Score	-17	largest_variance	0	all_var	0.074297	L1_norm	0.002555
Episode	968	Score	-16	largest_variance	0	all_var	0.080104	L1_norm	0.004972
Episode	969	Score	-16	largest_variance	0	all_var	0.078448	L1_norm	0.005361
Episode	970	Score	-16	largest_variance	0	all_var	0.078685	L1_norm	0.003713
Episode	971	Score	-15	largest_variance	0	all_var	0.076219	L1_norm	0.004481
Episode	972	Score	-13	largest_variance	0	all_var	0.076424	L1_norm	0.002871
Episode	973	Score	-16	largest_variance	0	all_var	0.077466	L1_norm	0.005212
Episode	974	Score	-13	largest_variance	0	all_var	0.076216	L1_norm	0.005171
Episode	975	Score	-14	largest_variance	0	all_var	0.076753	L1_norm	0.003283
Episode	976	Score	-16	largest_variance	0	all_var	0.079975	L1_norm	0.006593
Episode	977	Score	-14	largest_variance	0	all_var	0.076749	L1_norm	0.00177
Episode	978	Score	-14	largest_variance	0	all_var	0.076594	L1_norm	0.00389
Episode	979	Score	-14	largest_variance	0	all_var	0.077608	L1_norm	0.00397
Episode	980	Score	-14	largest_variance	0	all_var	0.078741	L1_norm	0.004632
Episode	981	Score	-18	largest_variance	0	all_var	0.073368	L1_norm	0.006415
Episode	982	Score	-15	largest_variance	0	all_var	0.077517	L1_norm	0.00237
Episode	983	Score	-17	largest_variance	0	all_var	0.078841	L1_norm	0.004789
Episode	984	Score	-15	largest_variance	0	all_var	0.079674	L1_norm	0.004453
Episode	985	Score	-14	largest_variance	0	all_var	0.081334	L1_norm	0.004475
Episode	986	Score	-11	largest_variance	0	all_var	0.081493	L1_norm	0.005632
Episode	987	Score	-14	largest_variance	0	all_var	0.077179	L1_norm	0.002641
Episode	988	Score	-16	largest_variance	0	all_var	0.082654	L1_norm	0.003018
Episode	989	Score	-15	largest_variance	0	all_var	0.078444	L1_norm	0.002146
Episode	990	Score	-16	largest_variance	0	all_var	0.080594	L1_norm	0.007243
Episode	991	Score	-14	largest_variance	0	all_var	0.081458	L1_norm	0.005411
Episode	992	Score	-15	largest_variance	0	all_var	0.079496	L1_norm	0.006741
Episode	993	Score	-17	largest_variance	0	all_var	0.075592	L1_norm	0.005213
Episode	994	Score	-19	largest_variance	0	all_var	0.077434	L1_norm	0.003289
Episode	995	Score	-14	largest_variance	0	all_var	0.078097	L1_norm	0.006034
Episode	996	Score	-14	largest_variance	0	all_var	0.078423	L1_norm	0.003186
Episode	997	Score	-14	largest_variance	0	all_var	0.083731	L1_norm	0.002129
Episode	998	Score	-13	largest_variance	0	all_var	0.079094	L1_norm	0.006879
Episode	999	Score	-15	largest_variance	0	all_var	0.080306	L1_norm	0.007562
Episode	1000	Score	-14	largest_variance	0	all_var	0.080596	L1_norm	0.002635
Episode	1001	Score	-14	largest_variance	0	all_var	0.082827	L1_norm	0.003033
Episode	1002	Score	-17	largest_variance	0	all_var	0.079593	L1_norm	0.001915
Episode	1003	Score	-12	largest_variance	0	all_var	0.081885	L1_norm	0.002644
Episode	1004	Score	-11	largest_variance	0	all_var	0.081437	L1_norm	0.005263
Episode	1005	Score	-16	largest_variance	0	all_var	0.08014	L1_norm	0.004217
Episode	1006	Score	-17	largest_variance	0	all_var	0.081713	L1_norm	0.003276
Episode	1007	Score	-15	largest_variance	0	all_var	0.083934	L1_norm	0.003987
Episode	1008	Score	-17	largest_variance	0	all_var	0.078743	L1_norm	0.003962
Episode	1009	Score	-15	largest_variance	0	all_var	0.079427	L1_norm	0.003924
Episode	1010	Score	-11	largest_variance	0	all_var	0.079787	L1_norm	0.003691
Episode	1011	Score	-18	largest_variance	0	all_var	0.077103	L1_norm	0.006147
Episode	1012	Score	-19	largest_variance	0	all_var	0.078655	L1_norm	0.004643
Episode	1013	Score	-15	largest_variance	0	all_var	0.076296	L1_norm	0.004573
Episode	1014	Score	-14	largest_variance	0	all_var	0.078026	L1_norm	0.007505
Episode	1015	Score	-17	largest_variance	0	all_var	0.079573	L1_norm	0.004201
Episode	1016	Score	-16	largest_variance	0	all_var	0.078429	L1_norm	0.005386
Episode	1017	Score	-12	largest_variance	0	all_var	0.077566	L1_norm	0.005108
Episode	1018	Score	-19	largest_variance	0	all_var	0.076653	L1_norm	0.004172
Episode	1019	Score	-15	largest_variance	0	all_var	0.080333	L1_norm	0.003933
Episode	1020	Score	-16	largest_variance	0	all_var	0.076949	L1_norm	0.004061
Episode	1021	Score	-16	largest_variance	0	all_var	0.077478	L1_norm	0.002163
Episode	1022	Score	-19	largest_variance	0	all_var	0.076938	L1_norm	0.007343
Episode	1023	Score	-12	largest_variance	0	all_var	0.077836	L1_norm	0.006281
Episode	1024	Score	-18	largest_variance	0	all_var	0.081669	L1_norm	0.003717
Episode	1025	Score	-15	largest_variance	0	all_var	0.07763	L1_norm	0.006001
Episode	1026	Score	-14	largest_variance	0	all_var	0.0774	L1_norm	0.002427
Episode	1027	Score	-15	largest_variance	0	all_var	0.076844	L1_norm	0.003721
Episode	1028	Score	-19	largest_variance	0	all_var	0.076195	L1_norm	0.003828
Episode	1029	Score	-15	largest_variance	0	all_var	0.075697	L1_norm	0.004613
Episode	1030	Score	-15	largest_variance	0	all_var	0.079553	L1_norm	0.004711
Episode	1031	Score	-17	largest_variance	0	all_var	0.076978	L1_norm	0.007274
Episode	1032	Score	-10	largest_variance	0	all_var	0.073752	L1_norm	0.004446
Episode	1033	Score	-16	largest_variance	0	all_var	0.076409	L1_norm	0.005059
Episode	1034	Score	-15	largest_variance	0	all_var	0.074805	L1_norm	0.004774
Episode	1035	Score	-14	largest_variance	0	all_var	0.076898	L1_norm	0.003794
Episode	1036	Score	-13	largest_variance	0	all_var	0.072746	L1_norm	0.003279
Episode	1037	Score	-13	largest_variance	0	all_var	0.072109	L1_norm	0.004532
Episode	1038	Score	-13	largest_variance	0	all_var	0.078547	L1_norm	0.006146
Episode	1039	Score	-14	largest_variance	0	all_var	0.073513	L1_norm	0.00421
Episode	1040	Score	-9	largest_variance	0	all_var	0.071846	L1_norm	0.002175
Episode	1041	Score	-12	largest_variance	0	all_var	0.072185	L1_norm	0.002902
Episode	1042	Score	-10	largest_variance	0	all_var	0.075302	L1_norm	0.003577
Episode	1043	Score	-15	largest_variance	0	all_var	0.075043	L1_norm	0.002587
Episode	1044	Score	-15	largest_variance	0	all_var	0.073459	L1_norm	0.004125
Episode	1045	Score	-11	largest_variance	0	all_var	0.069983	L1_norm	0.004848
Episode	1046	Score	-15	largest_variance	0	all_var	0.072878	L1_norm	0.003181
Episode	1047	Score	-12	largest_variance	0	all_var	0.068179	L1_norm	0.004209
Episode	1048	Score	-15	largest_variance	0	all_var	0.071432	L1_norm	0.003201
Episode	1049	Score	-14	largest_variance	0	all_var	0.074448	L1_norm	0.004576
Episode	1050	Score	-15	largest_variance	0	all_var	0.072845	L1_norm	0.002522
Episode	1051	Score	-14	largest_variance	0	all_var	0.073372	L1_norm	0.004783
Episode	1052	Score	-14	largest_variance	0	all_var	0.071534	L1_norm	0.003055
Episode	1053	Score	-15	largest_variance	0	all_var	0.075164	L1_norm	0.004243
Episode	1054	Score	-15	largest_variance	0	all_var	0.069755	L1_norm	0.002885
Episode	1055	Score	-14	largest_variance	0	all_var	0.070942	L1_norm	0.002876
Episode	1056	Score	-12	largest_variance	0	all_var	0.073043	L1_norm	0.002708
Episode	1057	Score	-13	largest_variance	0	all_var	0.068649	L1_norm	0.006838
Episode	1058	Score	-15	largest_variance	0	all_var	0.068732	L1_norm	0.005296
Episode	1059	Score	-15	largest_variance	0	all_var	0.073635	L1_norm	0.003005
Episode	1060	Score	-13	largest_variance	0	all_var	0.066249	L1_norm	0.005746
Episode	1061	Score	-16	largest_variance	0	all_var	0.065856	L1_norm	0.003082
Episode	1062	Score	-15	largest_variance	0	all_var	0.070419	L1_norm	0.004494
Episode	1063	Score	-12	largest_variance	0	all_var	0.069366	L1_norm	0.00311
Episode	1064	Score	-15	largest_variance	0	all_var	0.06819	L1_norm	0.003838
Episode	1065	Score	-16	largest_variance	0	all_var	0.07242	L1_norm	0.004025
Episode	1066	Score	-12	largest_variance	0	all_var	0.067052	L1_norm	0.0045
Episode	1067	Score	-16	largest_variance	0	all_var	0.066388	L1_norm	0.006553
Episode	1068	Score	-16	largest_variance	0	all_var	0.070424	L1_norm	0.007097
Episode	1069	Score	-13	largest_variance	0	all_var	0.066606	L1_norm	0.004493
Episode	1070	Score	-12	largest_variance	0	all_var	0.069152	L1_norm	0.003213
Episode	1071	Score	-15	largest_variance	0	all_var	0.065742	L1_norm	0.002525
Episode	1072	Score	-12	largest_variance	0	all_var	0.068769	L1_norm	0.002346
Episode	1073	Score	-17	largest_variance	0	all_var	0.066551	L1_norm	0.002973
Episode	1074	Score	-14	largest_variance	0	all_var	0.066556	L1_norm	0.00373
Episode	1075	Score	-16	largest_variance	0	all_var	0.065651	L1_norm	0.002907
Episode	1076	Score	-18	largest_variance	0	all_var	0.067	L1_norm	0.004007
Episode	1077	Score	-9	largest_variance	0	all_var	0.067763	L1_norm	0.001207
Episode	1078	Score	-18	largest_variance	0	all_var	0.061721	L1_norm	0.004418
Episode	1079	Score	-10	largest_variance	0	all_var	0.066346	L1_norm	0.003022
Episode	1080	Score	-13	largest_variance	0	all_var	0.067119	L1_norm	0.003705
Episode	1081	Score	-9	largest_variance	0	all_var	0.067184	L1_norm	0.004252
Episode	1082	Score	-15	largest_variance	0	all_var	0.063755	L1_norm	0.002635
Episode	1083	Score	-13	largest_variance	0	all_var	0.065757	L1_norm	0.005341
Episode	1084	Score	-15	largest_variance	0	all_var	0.067124	L1_norm	0.004732
Episode	1085	Score	-14	largest_variance	0	all_var	0.063714	L1_norm	0.003474
Episode	1086	Score	-13	largest_variance	0	all_var	0.065342	L1_norm	0.005128
Episode	1087	Score	-14	largest_variance	0	all_var	0.066477	L1_norm	0.004132
Episode	1088	Score	-13	largest_variance	0	all_var	0.065686	L1_norm	0.001063
Episode	1089	Score	-15	largest_variance	0	all_var	0.065953	L1_norm	0.005655
Episode	1090	Score	-14	largest_variance	0	all_var	0.06779	L1_norm	0.005396
Episode	1091	Score	-14	largest_variance	0	all_var	0.064979	L1_norm	0.002415
Episode	1092	Score	-17	largest_variance	0	all_var	0.066354	L1_norm	0.004358
Episode	1093	Score	-7	largest_variance	0	all_var	0.061853	L1_norm	0.003583
Episode	1094	Score	-13	largest_variance	0	all_var	0.064055	L1_norm	0.004845
Episode	1095	Score	-14	largest_variance	0	all_var	0.063565	L1_norm	0.002774
Episode	1096	Score	-15	largest_variance	0	all_var	0.060451	L1_norm	0.001758
Episode	1097	Score	-4	largest_variance	0	all_var	0.062195	L1_norm	0.003161
Episode	1098	Score	-13	largest_variance	0	all_var	0.062387	L1_norm	0.004631
Episode	1099	Score	-14	largest_variance	0	all_var	0.062347	L1_norm	0.005215
Episode	1100	Score	-17	largest_variance	0	all_var	0.062601	L1_norm	0.003574
Episode	1101	Score	-13	largest_variance	0	all_var	0.062398	L1_norm	0.003587
Episode	1102	Score	-12	largest_variance	0	all_var	0.059585	L1_norm	0.007059
Episode	1103	Score	-6	largest_variance	0	all_var	0.062271	L1_norm	0.002664
Episode	1104	Score	-16	largest_variance	0	all_var	0.061792	L1_norm	0.006393
Episode	1105	Score	-11	largest_variance	0	all_var	0.058846	L1_norm	0.002899
Episode	1106	Score	-11	largest_variance	0	all_var	0.060878	L1_norm	0.003066
Episode	1107	Score	-15	largest_variance	0	all_var	0.057938	L1_norm	0.003698
Episode	1108	Score	-9	largest_variance	0	all_var	0.061804	L1_norm	0.005963
Episode	1109	Score	-16	largest_variance	0	all_var	0.059423	L1_norm	0.006338
Episode	1110	Score	-11	largest_variance	0	all_var	0.059715	L1_norm	0.002249
Episode	1111	Score	-17	largest_variance	0	all_var	0.060633	L1_norm	0.002179
Episode	1112	Score	-12	largest_variance	0	all_var	0.059732	L1_norm	0.00364
Episode	1113	Score	-19	largest_variance	0	all_var	0.057616	L1_norm	0.003865
Episode	1114	Score	-13	largest_variance	0	all_var	0.058533	L1_norm	0.004897
Episode	1115	Score	-15	largest_variance	0	all_var	0.060423	L1_norm	0.003517
Episode	1116	Score	-8	largest_variance	0	all_var	0.060373	L1_norm	0.004206
Episode	1117	Score	-16	largest_variance	0	all_var	0.0575	L1_norm	0.002289
Episode	1118	Score	-2	largest_variance	0	all_var	0.061846	L1_norm	0.00271
Episode	1119	Score	-16	largest_variance	0	all_var	0.062716	L1_norm	0.002752
Episode	1120	Score	-16	largest_variance	0	all_var	0.059389	L1_norm	0.004047
Episode	1121	Score	-12	largest_variance	0	all_var	0.060801	L1_norm	0.003095
Episode	1122	Score	-13	largest_variance	0	all_var	0.062098	L1_norm	0.003554
Episode	1123	Score	-13	largest_variance	0	all_var	0.059369	L1_norm	0.002995
Episode	1124	Score	-14	largest_variance	0	all_var	0.059076	L1_norm	0.006574
Episode	1125	Score	-16	largest_variance	0	all_var	0.061894	L1_norm	0.00341
Episode	1126	Score	-12	largest_variance	0	all_var	0.062751	L1_norm	0.004472
Episode	1127	Score	-13	largest_variance	0	all_var	0.061763	L1_norm	0.003389
Episode	1128	Score	-14	largest_variance	0	all_var	0.065268	L1_norm	0.002952
Episode	1129	Score	-20	largest_variance	0	all_var	0.065852	L1_norm	0.00417
Episode	1130	Score	-13	largest_variance	0	all_var	0.06085	L1_norm	0.002531
Episode	1131	Score	-18	largest_variance	0	all_var	0.061064	L1_norm	0.003656
Episode	1132	Score	-11	largest_variance	0	all_var	0.059804	L1_norm	0.003721
Episode	1133	Score	-10	largest_variance	0	all_var	0.064518	L1_norm	0.003308
Episode	1134	Score	-16	largest_variance	0	all_var	0.060954	L1_norm	0.003265
Episode	1135	Score	-5	largest_variance	0	all_var	0.059871	L1_norm	0.001711
Episode	1136	Score	-15	largest_variance	0	all_var	0.065166	L1_norm	0.003731
Episode	1137	Score	-17	largest_variance	0	all_var	0.064581	L1_norm	0.005816
Episode	1138	Score	-12	largest_variance	0	all_var	0.06287	L1_norm	0.003904
Episode	1139	Score	-6	largest_variance	0	all_var	0.061125	L1_norm	0.004795
Episode	1140	Score	-12	largest_variance	0	all_var	0.062332	L1_norm	0.003604
Episode	1141	Score	-13	largest_variance	0	all_var	0.062221	L1_norm	0.004188
Episode	1142	Score	-18	largest_variance	0	all_var	0.062656	L1_norm	0.005312
Episode	1143	Score	-10	largest_variance	0	all_var	0.061271	L1_norm	0.003585
Episode	1144	Score	-14	largest_variance	0	all_var	0.059631	L1_norm	0.002371
Episode	1145	Score	-14	largest_variance	0	all_var	0.062209	L1_norm	0.002934
Episode	1146	Score	-7	largest_variance	0	all_var	0.060471	L1_norm	0.002846
Episode	1147	Score	-10	largest_variance	0	all_var	0.058721	L1_norm	0.004441
Episode	1148	Score	-14	largest_variance	0	all_var	0.058079	L1_norm	0.001534
Episode	1149	Score	-14	largest_variance	0	all_var	0.058599	L1_norm	0.003487
Episode	1150	Score	-14	largest_variance	0	all_var	0.060489	L1_norm	0.005033
Episode	1151	Score	-8	largest_variance	0	all_var	0.05662	L1_norm	0.002769
Episode	1152	Score	-12	largest_variance	0	all_var	0.061015	L1_norm	0.002302
Episode	1153	Score	-16	largest_variance	0	all_var	0.058102	L1_norm	0.002588
Episode	1154	Score	-14	largest_variance	0	all_var	0.057583	L1_norm	0.001757
Episode	1155	Score	-16	largest_variance	0	all_var	0.055091	L1_norm	0.004359
Episode	1156	Score	-12	largest_variance	0	all_var	0.059184	L1_norm	0.006085
Episode	1157	Score	-12	largest_variance	0	all_var	0.059168	L1_norm	0.003743
Episode	1158	Score	-11	largest_variance	0	all_var	0.060216	L1_norm	0.003792
Episode	1159	Score	-6	largest_variance	0	all_var	0.057106	L1_norm	0.003631
Episode	1160	Score	-9	largest_variance	0	all_var	0.057128	L1_norm	0.00331
Episode	1161	Score	-8	largest_variance	0	all_var	0.057315	L1_norm	0.005386
Episode	1162	Score	-10	largest_variance	0	all_var	0.057557	L1_norm	0.003033
Episode	1163	Score	-11	largest_variance	0	all_var	0.057801	L1_norm	0.001181
Episode	1164	Score	-11	largest_variance	0	all_var	0.060821	L1_norm	0.004049
Episode	1165	Score	-13	largest_variance	0	all_var	0.055057	L1_norm	0.00217
Episode	1166	Score	-13	largest_variance	0	all_var	0.057393	L1_norm	0.004211
Episode	1167	Score	-8	largest_variance	0	all_var	0.058342	L1_norm	0.004902
Episode	1168	Score	-5	largest_variance	0	all_var	0.056213	L1_norm	0.003348
Episode	1169	Score	-12	largest_variance	0	all_var	0.058061	L1_norm	0.003434
Episode	1170	Score	-10	largest_variance	0	all_var	0.054233	L1_norm	0.002918
Episode	1171	Score	-12	largest_variance	0	all_var	0.058747	L1_norm	0.002949
Episode	1172	Score	-10	largest_variance	0	all_var	0.059231	L1_norm	0.003083
Episode	1173	Score	-13	largest_variance	0	all_var	0.053985	L1_norm	0.004158
Episode	1174	Score	-16	largest_variance	0	all_var	0.057108	L1_norm	0.005736
Episode	1175	Score	-12	largest_variance	0	all_var	0.055961	L1_norm	0.003177
Episode	1176	Score	-8	largest_variance	0	all_var	0.05512	L1_norm	0.003232
Episode	1177	Score	-11	largest_variance	0	all_var	0.058644	L1_norm	0.00255
Episode	1178	Score	-12	largest_variance	0	all_var	0.053939	L1_norm	0.005321
Episode	1179	Score	-16	largest_variance	0	all_var	0.054923	L1_norm	0.003019
Episode	1180	Score	-11	largest_variance	0	all_var	0.057438	L1_norm	0.004209
Episode	1181	Score	-15	largest_variance	0	all_var	0.057891	L1_norm	0.005459
Episode	1182	Score	-12	largest_variance	0	all_var	0.057003	L1_norm	0.002912
Episode	1183	Score	-15	largest_variance	0	all_var	0.056117	L1_norm	0.004306
Episode	1184	Score	-12	largest_variance	0	all_var	0.056729	L1_norm	0.003487
Episode	1185	Score	-11	largest_variance	0	all_var	0.056418	L1_norm	0.003589
Episode	1186	Score	-17	largest_variance	0	all_var	0.053984	L1_norm	0.002558
Episode	1187	Score	-9	largest_variance	0	all_var	0.054824	L1_norm	0.001244
Episode	1188	Score	-10	largest_variance	0	all_var	0.056681	L1_norm	0.003293
Episode	1189	Score	-14	largest_variance	0	all_var	0.055718	L1_norm	0.002173
Episode	1190	Score	-13	largest_variance	0	all_var	0.057339	L1_norm	0.004307
Episode	1191	Score	-11	largest_variance	0	all_var	0.052527	L1_norm	0.001244
Episode	1192	Score	-10	largest_variance	0	all_var	0.052724	L1_norm	0.003159
Episode	1193	Score	-5	largest_variance	0	all_var	0.057188	L1_norm	0.002539
Episode	1194	Score	-17	largest_variance	0	all_var	0.054468	L1_norm	0.002569
Episode	1195	Score	-7	largest_variance	0	all_var	0.052388	L1_norm	0.004399
Episode	1196	Score	-8	largest_variance	0	all_var	0.054809	L1_norm	0.003482
Episode	1197	Score	-9	largest_variance	0	all_var	0.051665	L1_norm	0.003079
Episode	1198	Score	-14	largest_variance	0	all_var	0.057096	L1_norm	0.003928
Episode	1199	Score	-11	largest_variance	0	all_var	0.053333	L1_norm	0.00249
Episode	1200	Score	-9	largest_variance	0	all_var	0.05367	L1_norm	0.004031
Episode	1201	Score	-12	largest_variance	0	all_var	0.052818	L1_norm	0.002948
Episode	1202	Score	-16	largest_variance	0	all_var	0.053863	L1_norm	0.00184
Episode	1203	Score	-5	largest_variance	0	all_var	0.054674	L1_norm	0.00424
Episode	1204	Score	-16	largest_variance	0	all_var	0.054129	L1_norm	0.002415
Episode	1205	Score	-13	largest_variance	0	all_var	0.053313	L1_norm	0.002369
Episode	1206	Score	-11	largest_variance	0	all_var	0.056409	L1_norm	0.004345
Episode	1207	Score	-10	largest_variance	0	all_var	0.052713	L1_norm	0.003033
Episode	1208	Score	-5	largest_variance	0	all_var	0.054086	L1_norm	0.003103
Episode	1209	Score	-19	largest_variance	0	all_var	0.053242	L1_norm	0.00257
Episode	1210	Score	-13	largest_variance	0	all_var	0.054754	L1_norm	0.00273
Episode	1211	Score	-11	largest_variance	0	all_var	0.052214	L1_norm	0.004529
Episode	1212	Score	-8	largest_variance	0	all_var	0.054713	L1_norm	0.003511
Episode	1213	Score	-7	largest_variance	0	all_var	0.0541	L1_norm	0.002305
Episode	1214	Score	-8	largest_variance	0	all_var	0.054242	L1_norm	0.003309
Episode	1215	Score	-8	largest_variance	0	all_var	0.054975	L1_norm	0.002108
Episode	1216	Score	-11	largest_variance	0	all_var	0.054916	L1_norm	0.00348
Episode	1217	Score	-8	largest_variance	0	all_var	0.053199	L1_norm	0.003457
Episode	1218	Score	-16	largest_variance	0	all_var	0.052954	L1_norm	0.002699
Episode	1219	Score	-12	largest_variance	0	all_var	0.051156	L1_norm	0.003477
Episode	1220	Score	-12	largest_variance	0	all_var	0.05302	L1_norm	0.002676
Episode	1221	Score	-6	largest_variance	0	all_var	0.051548	L1_norm	0.002087
Episode	1222	Score	-7	largest_variance	0	all_var	0.053969	L1_norm	0.004066
Episode	1223	Score	-15	largest_variance	0	all_var	0.053568	L1_norm	0.003583
Episode	1224	Score	-11	largest_variance	0	all_var	0.052613	L1_norm	0.002334
Episode	1225	Score	-13	largest_variance	0	all_var	0.0552	L1_norm	0.005475
Episode	1226	Score	-11	largest_variance	0	all_var	0.04974	L1_norm	0.002802
Episode	1227	Score	-12	largest_variance	0	all_var	0.053199	L1_norm	0.004672
Episode	1228	Score	-11	largest_variance	0	all_var	0.051966	L1_norm	0.003894
Episode	1229	Score	-5	largest_variance	0	all_var	0.052917	L1_norm	0.002916
Episode	1230	Score	-13	largest_variance	0	all_var	0.052145	L1_norm	0.003469
Episode	1231	Score	-12	largest_variance	0	all_var	0.052193	L1_norm	0.003847
Episode	1232	Score	-8	largest_variance	0	all_var	0.052595	L1_norm	0.001354
Episode	1233	Score	-15	largest_variance	0	all_var	0.055536	L1_norm	0.005003
Episode	1234	Score	-5	largest_variance	0	all_var	0.050898	L1_norm	0.004496
Episode	1235	Score	-13	largest_variance	0	all_var	0.053163	L1_norm	0.002771
Episode	1236	Score	-7	largest_variance	0	all_var	0.052581	L1_norm	0.006094
Episode	1237	Score	-11	largest_variance	0	all_var	0.05535	L1_norm	0.00429
Episode	1238	Score	-10	largest_variance	0	all_var	0.048838	L1_norm	0.002215
Episode	1239	Score	-13	largest_variance	0	all_var	0.05534	L1_norm	0.004994
Episode	1240	Score	-13	largest_variance	0	all_var	0.051542	L1_norm	0.001841
Episode	1241	Score	-15	largest_variance	0	all_var	0.053767	L1_norm	0.004114
Episode	1242	Score	-7	largest_variance	0	all_var	0.050767	L1_norm	0.002146
Episode	1243	Score	-17	largest_variance	0	all_var	0.054882	L1_norm	0.00432
Episode	1244	Score	-18	largest_variance	0	all_var	0.051225	L1_norm	0.003177
Episode	1245	Score	-6	largest_variance	0	all_var	0.052979	L1_norm	0.004341
Episode	1246	Score	-6	largest_variance	0	all_var	0.050841	L1_norm	0.002406
Episode	1247	Score	-13	largest_variance	0	all_var	0.053929	L1_norm	0.003302
Episode	1248	Score	-14	largest_variance	0	all_var	0.054735	L1_norm	0.003955
Episode	1249	Score	-7	largest_variance	0	all_var	0.05275	L1_norm	0.003668
Episode	1250	Score	-10	largest_variance	0	all_var	0.052017	L1_norm	0.003031
Episode	1251	Score	-6	largest_variance	0	all_var	0.051828	L1_norm	0.001388
Episode	1252	Score	-9	largest_variance	0	all_var	0.052087	L1_norm	0.002802
Episode	1253	Score	-8	largest_variance	0	all_var	0.051687	L1_norm	0.002574
Episode	1254	Score	-8	largest_variance	0	all_var	0.051793	L1_norm	0.002409
Episode	1255	Score	-12	largest_variance	0	all_var	0.051962	L1_norm	0.003813
Episode	1256	Score	-5	largest_variance	0	all_var	0.052173	L1_norm	0.002962
Episode	1257	Score	-11	largest_variance	0	all_var	0.054754	L1_norm	0.004115
Episode	1258	Score	-13	largest_variance	0	all_var	0.054856	L1_norm	0.001514
Episode	1259	Score	-16	largest_variance	0	all_var	0.055099	L1_norm	0.003782
Episode	1260	Score	-5	largest_variance	0	all_var	0.051484	L1_norm	0.003813
Episode	1261	Score	-8	largest_variance	0	all_var	0.049137	L1_norm	0.002775
Episode	1262	Score	-9	largest_variance	0	all_var	0.051574	L1_norm	0.00286
Episode	1263	Score	-14	largest_variance	0	all_var	0.052913	L1_norm	0.003268
Episode	1264	Score	-11	largest_variance	0	all_var	0.051146	L1_norm	0.002092
Episode	1265	Score	-17	largest_variance	0	all_var	0.052014	L1_norm	0.004194
Episode	1266	Score	-9	largest_variance	0	all_var	0.050779	L1_norm	0.003249
Episode	1267	Score	-12	largest_variance	0	all_var	0.050267	L1_norm	0.003163
Episode	1268	Score	-8	largest_variance	0	all_var	0.051735	L1_norm	0.003486
Episode	1269	Score	-10	largest_variance	0	all_var	0.049639	L1_norm	0.002225
Episode	1270	Score	-9	largest_variance	0	all_var	0.051017	L1_norm	0.002298
Episode	1271	Score	-2	largest_variance	0	all_var	0.051995	L1_norm	0.001643
Episode	1272	Score	-14	largest_variance	0	all_var	0.050388	L1_norm	0.005139
Episode	1273	Score	-12.000000	largest_variance	0.000000	all_var	0.048928	L1_norm	0.002314
Episode	1274	Score	-10.000000	largest_variance	0.000000	all_var	0.051338	L1_norm	0.004999
Episode	1275	Score	-13.000000	largest_variance	0.000000	all_var	0.049273	L1_norm	0.004725
Episode	1276	Score	-14.000000	largest_variance	0.000000	all_var	0.050885	L1_norm	0.002156
Episode	1277	Score	-11.000000	largest_variance	0.000000	all_var	0.050078	L1_norm	0.001851
Episode	1278	Score	-6.000000	largest_variance	0.000000	all_var	0.049238	L1_norm	0.004740
Episode	1279	Score	-10.000000	largest_variance	0.000000	all_var	0.049534	L1_norm	0.001561
Episode	1280	Score	-11.000000	largest_variance	0.000000	all_var	0.047796	L1_norm	0.000767
Episode	1281	Score	-15.000000	largest_variance	0.000000	all_var	0.052297	L1_norm	0.002466
Episode	1282	Score	-12.000000	largest_variance	0.000000	all_var	0.049335	L1_norm	0.001743
Episode	1283	Score	-9.000000	largest_variance	0.000000	all_var	0.050225	L1_norm	0.001931
Episode	1284	Score	-6.000000	largest_variance	0.000000	all_var	0.049765	L1_norm	0.003964
Episode	1285	Score	-13.000000	largest_variance	0.000000	all_var	0.049515	L1_norm	0.002556
Episode	1286	Score	-17.000000	largest_variance	0.000000	all_var	0.046781	L1_norm	0.004753
Episode	1287	Score	-8.000000	largest_variance	0.000000	all_var	0.049710	L1_norm	0.002078
Episode	1288	Score	-16.000000	largest_variance	0.000000	all_var	0.048153	L1_norm	0.001467
Episode	1289	Score	-5.000000	largest_variance	0.000000	all_var	0.048589	L1_norm	0.003317
Episode	1290	Score	-10.000000	largest_variance	0.000000	all_var	0.048098	L1_norm	0.002617
Episode	1291	Score	-9.000000	largest_variance	0.000000	all_var	0.047238	L1_norm	0.003493
Episode	1292	Score	-8.000000	largest_variance	0.000000	all_var	0.049440	L1_norm	0.001892
Episode	1293	Score	-12.000000	largest_variance	0.000000	all_var	0.047339	L1_norm	0.001631
Episode	1294	Score	-7.000000	largest_variance	0.000000	all_var	0.045648	L1_norm	0.002681
Episode	1295	Score	-10.000000	largest_variance	0.000000	all_var	0.047707	L1_norm	0.004008
