Episode	1	Score	-21.000000	largest_variance	0.000000	all_var	0.138561	L1_norm	0.009769
Episode	2	Score	-20.000000	largest_variance	0.000000	all_var	0.138627	L1_norm	0.006141
Episode	3	Score	-20.000000	largest_variance	0.000000	all_var	0.138465	L1_norm	0.013462
Episode	4	Score	-20.000000	largest_variance	0.000000	all_var	0.138512	L1_norm	0.005131
Episode	5	Score	-21.000000	largest_variance	0.000000	all_var	0.138513	L1_norm	0.010156
Episode	6	Score	-19.000000	largest_variance	0.000000	all_var	0.138242	L1_norm	0.008741
Episode	7	Score	-21.000000	largest_variance	0.000000	all_var	0.138628	L1_norm	0.003546
Episode	8	Score	-21.000000	largest_variance	0.000000	all_var	0.137969	L1_norm	0.009144
Episode	9	Score	-21.000000	largest_variance	0.000000	all_var	0.138438	L1_norm	0.009294
Episode	10	Score	-20.000000	largest_variance	0.000000	all_var	0.138180	L1_norm	0.005803
Episode	11	Score	-19.000000	largest_variance	0.000000	all_var	0.137999	L1_norm	0.009205
Episode	12	Score	-19.000000	largest_variance	0.000000	all_var	0.137924	L1_norm	0.007114
Episode	13	Score	-20.000000	largest_variance	0.000000	all_var	0.137710	L1_norm	0.006678
Episode	14	Score	-19.000000	largest_variance	0.000000	all_var	0.137913	L1_norm	0.005395
Episode	15	Score	-21.000000	largest_variance	0.000000	all_var	0.136966	L1_norm	0.015967
Episode	16	Score	-20.000000	largest_variance	0.000000	all_var	0.137346	L1_norm	0.007318
Episode	17	Score	-19.000000	largest_variance	0.000000	all_var	0.136950	L1_norm	0.007341
Episode	18	Score	-21.000000	largest_variance	0.000000	all_var	0.137304	L1_norm	0.007242
Episode	19	Score	-21.000000	largest_variance	0.000000	all_var	0.136822	L1_norm	0.008841
Episode	20	Score	-21.000000	largest_variance	0.000000	all_var	0.137084	L1_norm	0.006216
Episode	21	Score	-20.000000	largest_variance	0.000000	all_var	0.136913	L1_norm	0.007913
Episode	22	Score	-21.000000	largest_variance	0.000000	all_var	0.136532	L1_norm	0.009409
Episode	23	Score	-21.000000	largest_variance	0.000000	all_var	0.135781	L1_norm	0.011320
Episode	24	Score	-20.000000	largest_variance	0.000000	all_var	0.136853	L1_norm	0.008641
Episode	25	Score	-21.000000	largest_variance	0.000000	all_var	0.135810	L1_norm	0.006080
Episode	26	Score	-21.000000	largest_variance	0.000000	all_var	0.135360	L1_norm	0.008939
Episode	27	Score	-20.000000	largest_variance	0.000000	all_var	0.137191	L1_norm	0.004327
Episode	28	Score	-21.000000	largest_variance	0.000000	all_var	0.136817	L1_norm	0.007416
Episode	29	Score	-21.000000	largest_variance	0.000000	all_var	0.136629	L1_norm	0.007481
Episode	30	Score	-19.000000	largest_variance	0.000000	all_var	0.136808	L1_norm	0.005494
Episode	31	Score	-21.000000	largest_variance	0.000000	all_var	0.136007	L1_norm	0.005609
Episode	32	Score	-21.000000	largest_variance	0.000000	all_var	0.136844	L1_norm	0.010300
Episode	33	Score	-20.000000	largest_variance	0.000000	all_var	0.136832	L1_norm	0.005346
Episode	34	Score	-20.000000	largest_variance	0.000000	all_var	0.136028	L1_norm	0.011189
Episode	35	Score	-20.000000	largest_variance	0.000000	all_var	0.137113	L1_norm	0.005484
Episode	36	Score	-21.000000	largest_variance	0.000000	all_var	0.136883	L1_norm	0.006206
Episode	37	Score	-20.000000	largest_variance	0.000000	all_var	0.136940	L1_norm	0.007555
Episode	38	Score	-21.000000	largest_variance	0.000000	all_var	0.138129	L1_norm	0.014910
Episode	39	Score	-21.000000	largest_variance	0.000000	all_var	0.137443	L1_norm	0.014525
Episode	40	Score	-20.000000	largest_variance	0.000000	all_var	0.137648	L1_norm	0.003531
Episode	41	Score	-19.000000	largest_variance	0.000000	all_var	0.137160	L1_norm	0.006347
Episode	42	Score	-20.000000	largest_variance	0.000000	all_var	0.136580	L1_norm	0.006387
Episode	43	Score	-19.000000	largest_variance	0.000000	all_var	0.137090	L1_norm	0.006727
Episode	44	Score	-20.000000	largest_variance	0.000000	all_var	0.137407	L1_norm	0.010001
Episode	45	Score	-20.000000	largest_variance	0.000000	all_var	0.137096	L1_norm	0.005793
Episode	46	Score	-21.000000	largest_variance	0.000000	all_var	0.137164	L1_norm	0.013130
Episode	47	Score	-20.000000	largest_variance	0.000000	all_var	0.137732	L1_norm	0.006078
Episode	48	Score	-20.000000	largest_variance	0.000000	all_var	0.137338	L1_norm	0.006825
Episode	49	Score	-21.000000	largest_variance	0.000000	all_var	0.137797	L1_norm	0.006466
Episode	50	Score	-21.000000	largest_variance	0.000000	all_var	0.137748	L1_norm	0.005836
Episode	51	Score	-21.000000	largest_variance	0.000000	all_var	0.137905	L1_norm	0.013842
Episode	52	Score	-20.000000	largest_variance	0.000000	all_var	0.136844	L1_norm	0.009332
Episode	53	Score	-18.000000	largest_variance	0.000000	all_var	0.137709	L1_norm	0.006560
Episode	54	Score	-17.000000	largest_variance	0.000000	all_var	0.138132	L1_norm	0.007562
Episode	55	Score	-18.000000	largest_variance	0.000000	all_var	0.137010	L1_norm	0.003254
Episode	56	Score	-21.000000	largest_variance	0.000000	all_var	0.137357	L1_norm	0.003803
Episode	57	Score	-20.000000	largest_variance	0.000000	all_var	0.138106	L1_norm	0.007097
Episode	58	Score	-20.000000	largest_variance	0.000000	all_var	0.137850	L1_norm	0.005288
Episode	59	Score	-19.000000	largest_variance	0.000000	all_var	0.138402	L1_norm	0.004845
Episode	60	Score	-18.000000	largest_variance	0.000000	all_var	0.137914	L1_norm	0.007768
Episode	61	Score	-20.000000	largest_variance	0.000000	all_var	0.138384	L1_norm	0.007421
Episode	62	Score	-20.000000	largest_variance	0.000000	all_var	0.138341	L1_norm	0.010541
Episode	63	Score	-21.000000	largest_variance	0.000000	all_var	0.137787	L1_norm	0.010411
Episode	64	Score	-20.000000	largest_variance	0.000000	all_var	0.137945	L1_norm	0.004257
Episode	65	Score	-19.000000	largest_variance	0.000000	all_var	0.138527	L1_norm	0.002806
Episode	66	Score	-21.000000	largest_variance	0.000000	all_var	0.138054	L1_norm	0.005932
Episode	67	Score	-20.000000	largest_variance	0.000000	all_var	0.138099	L1_norm	0.004583
Episode	68	Score	-19.000000	largest_variance	0.000000	all_var	0.138277	L1_norm	0.005470
Episode	69	Score	-21.000000	largest_variance	0.000000	all_var	0.138308	L1_norm	0.008949
Episode	70	Score	-21.000000	largest_variance	0.000000	all_var	0.137976	L1_norm	0.011491
Episode	71	Score	-21.000000	largest_variance	0.000000	all_var	0.137827	L1_norm	0.005246
Episode	72	Score	-17.000000	largest_variance	0.000000	all_var	0.137923	L1_norm	0.005750
Episode	73	Score	-20.000000	largest_variance	0.000000	all_var	0.138016	L1_norm	0.007986
Episode	74	Score	-20.000000	largest_variance	0.000000	all_var	0.138079	L1_norm	0.003797
Episode	75	Score	-21.000000	largest_variance	0.000000	all_var	0.137913	L1_norm	0.008463
Episode	76	Score	-21.000000	largest_variance	0.000000	all_var	0.138245	L1_norm	0.009549
Episode	77	Score	-20.000000	largest_variance	0.000000	all_var	0.137711	L1_norm	0.014761
Episode	78	Score	-21.000000	largest_variance	0.000000	all_var	0.137873	L1_norm	0.006903
Episode	79	Score	-20.000000	largest_variance	0.000000	all_var	0.137802	L1_norm	0.004109
Episode	80	Score	-20.000000	largest_variance	0.000000	all_var	0.137983	L1_norm	0.007470
Episode	81	Score	-20.000000	largest_variance	0.000000	all_var	0.138014	L1_norm	0.010533
Episode	82	Score	-18.000000	largest_variance	0.000000	all_var	0.137882	L1_norm	0.006113
Episode	83	Score	-20.000000	largest_variance	0.000000	all_var	0.138231	L1_norm	0.007014
Episode	84	Score	-20.000000	largest_variance	0.000000	all_var	0.138177	L1_norm	0.006925
Episode	85	Score	-20.000000	largest_variance	0.000000	all_var	0.137331	L1_norm	0.010754
Episode	86	Score	-21.000000	largest_variance	0.000000	all_var	0.137600	L1_norm	0.004833
Episode	87	Score	-21.000000	largest_variance	0.000000	all_var	0.137087	L1_norm	0.007287
Episode	88	Score	-19.000000	largest_variance	0.000000	all_var	0.137210	L1_norm	0.007985
Episode	89	Score	-18.000000	largest_variance	0.000000	all_var	0.137458	L1_norm	0.007871
Episode	90	Score	-21.000000	largest_variance	0.000000	all_var	0.137669	L1_norm	0.008533
Episode	91	Score	-20.000000	largest_variance	0.000000	all_var	0.137241	L1_norm	0.007150
Episode	92	Score	-21.000000	largest_variance	0.000000	all_var	0.137551	L1_norm	0.007979
Episode	93	Score	-21.000000	largest_variance	0.000000	all_var	0.138050	L1_norm	0.007123
Episode	94	Score	-19.000000	largest_variance	0.000000	all_var	0.137216	L1_norm	0.006816
Episode	95	Score	-20.000000	largest_variance	0.000000	all_var	0.137307	L1_norm	0.008874
Episode	96	Score	-19.000000	largest_variance	0.000000	all_var	0.137715	L1_norm	0.008501
Episode	97	Score	-21.000000	largest_variance	0.000000	all_var	0.137335	L1_norm	0.011474
Episode	98	Score	-21.000000	largest_variance	0.000000	all_var	0.137327	L1_norm	0.009816
Episode	99	Score	-21.000000	largest_variance	0.000000	all_var	0.137032	L1_norm	0.008616
Episode	100	Score	-21.000000	largest_variance	0.000000	all_var	0.136164	L1_norm	0.005841
Episode	101	Score	-21.000000	largest_variance	0.000000	all_var	0.136362	L1_norm	0.009811
Episode	102	Score	-20.000000	largest_variance	0.000000	all_var	0.136066	L1_norm	0.011104
Episode	103	Score	-20.000000	largest_variance	0.000000	all_var	0.135731	L1_norm	0.010156
Episode	104	Score	-21.000000	largest_variance	0.000000	all_var	0.136103	L1_norm	0.011334
Episode	105	Score	-21.000000	largest_variance	0.000000	all_var	0.135234	L1_norm	0.015669
Episode	106	Score	-21.000000	largest_variance	0.000000	all_var	0.135730	L1_norm	0.006122
Episode	107	Score	-20.000000	largest_variance	0.000000	all_var	0.136347	L1_norm	0.015010
Episode	108	Score	-21.000000	largest_variance	0.000000	all_var	0.136949	L1_norm	0.005723
Episode	109	Score	-20.000000	largest_variance	0.000000	all_var	0.135216	L1_norm	0.007484
Episode	110	Score	-20.000000	largest_variance	0.000000	all_var	0.135697	L1_norm	0.008724
Episode	111	Score	-21.000000	largest_variance	0.000000	all_var	0.135886	L1_norm	0.008657
Episode	112	Score	-20.000000	largest_variance	0.000000	all_var	0.135064	L1_norm	0.007492
Episode	113	Score	-19.000000	largest_variance	0.000000	all_var	0.134136	L1_norm	0.005177
Episode	114	Score	-21.000000	largest_variance	0.000000	all_var	0.134367	L1_norm	0.005864
Episode	115	Score	-20.000000	largest_variance	0.000000	all_var	0.132960	L1_norm	0.012724
Episode	116	Score	-21.000000	largest_variance	0.000000	all_var	0.133717	L1_norm	0.007382
Episode	117	Score	-20.000000	largest_variance	0.000000	all_var	0.132678	L1_norm	0.013124
Episode	118	Score	-21.000000	largest_variance	0.000000	all_var	0.133030	L1_norm	0.008324
Episode	119	Score	-20.000000	largest_variance	0.000000	all_var	0.132363	L1_norm	0.009384
Episode	120	Score	-20.000000	largest_variance	0.000000	all_var	0.128628	L1_norm	0.008566
Episode	121	Score	-20.000000	largest_variance	0.000000	all_var	0.132528	L1_norm	0.008760
Episode	122	Score	-19.000000	largest_variance	0.000000	all_var	0.129017	L1_norm	0.006193
Episode	123	Score	-21.000000	largest_variance	0.000000	all_var	0.129901	L1_norm	0.005387
Episode	124	Score	-21.000000	largest_variance	0.000000	all_var	0.130838	L1_norm	0.005136
Episode	125	Score	-20.000000	largest_variance	0.000000	all_var	0.132174	L1_norm	0.006663
Episode	126	Score	-21.000000	largest_variance	0.000000	all_var	0.130883	L1_norm	0.008087
Episode	127	Score	-21.000000	largest_variance	0.000000	all_var	0.132609	L1_norm	0.008945
Episode	128	Score	-21.000000	largest_variance	0.000000	all_var	0.131604	L1_norm	0.008577
Episode	129	Score	-20.000000	largest_variance	0.000000	all_var	0.130711	L1_norm	0.004620
Episode	130	Score	-21.000000	largest_variance	0.000000	all_var	0.130972	L1_norm	0.006072
Episode	131	Score	-21.000000	largest_variance	0.000000	all_var	0.129763	L1_norm	0.009278
Episode	132	Score	-21.000000	largest_variance	0.000000	all_var	0.130347	L1_norm	0.007454
Episode	133	Score	-20.000000	largest_variance	0.000000	all_var	0.131956	L1_norm	0.005252
Episode	134	Score	-21.000000	largest_variance	0.000000	all_var	0.131911	L1_norm	0.010937
Episode	135	Score	-21.000000	largest_variance	0.000000	all_var	0.127057	L1_norm	0.013768
Episode	136	Score	-20.000000	largest_variance	0.000000	all_var	0.129991	L1_norm	0.008047
Episode	137	Score	-20.000000	largest_variance	0.000000	all_var	0.129448	L1_norm	0.005780
Episode	138	Score	-21.000000	largest_variance	0.000000	all_var	0.129515	L1_norm	0.008466
Episode	139	Score	-21.000000	largest_variance	0.000000	all_var	0.127639	L1_norm	0.007878
Episode	140	Score	-20.000000	largest_variance	0.000000	all_var	0.130697	L1_norm	0.011632
Episode	141	Score	-20.000000	largest_variance	0.000000	all_var	0.130863	L1_norm	0.007614
Episode	142	Score	-21.000000	largest_variance	0.000000	all_var	0.129681	L1_norm	0.010914
Episode	143	Score	-20.000000	largest_variance	0.000000	all_var	0.132385	L1_norm	0.008596
Episode	144	Score	-19.000000	largest_variance	0.000000	all_var	0.130838	L1_norm	0.007434
Episode	145	Score	-20.000000	largest_variance	0.000000	all_var	0.130505	L1_norm	0.004395
Episode	146	Score	-21.000000	largest_variance	0.000000	all_var	0.132550	L1_norm	0.009682
Episode	147	Score	-18.000000	largest_variance	0.000000	all_var	0.131919	L1_norm	0.006598
Episode	148	Score	-21.000000	largest_variance	0.000000	all_var	0.131336	L1_norm	0.006877
Episode	149	Score	-19.000000	largest_variance	0.000000	all_var	0.132116	L1_norm	0.008106
Episode	150	Score	-18.000000	largest_variance	0.000000	all_var	0.132714	L1_norm	0.003007
Episode	151	Score	-19.000000	largest_variance	0.000000	all_var	0.132494	L1_norm	0.006369
Episode	152	Score	-20.000000	largest_variance	0.000000	all_var	0.132847	L1_norm	0.006568
Episode	153	Score	-21.000000	largest_variance	0.000000	all_var	0.133923	L1_norm	0.005634
Episode	154	Score	-17.000000	largest_variance	0.000000	all_var	0.133252	L1_norm	0.008454
Episode	155	Score	-19.000000	largest_variance	0.000000	all_var	0.133560	L1_norm	0.006903
Episode	156	Score	-19.000000	largest_variance	0.000000	all_var	0.133352	L1_norm	0.009223
Episode	157	Score	-16.000000	largest_variance	0.000000	all_var	0.132328	L1_norm	0.008221
Episode	158	Score	-20.000000	largest_variance	0.000000	all_var	0.132918	L1_norm	0.010127
Episode	159	Score	-19.000000	largest_variance	0.000000	all_var	0.133606	L1_norm	0.008767
Episode	160	Score	-17.000000	largest_variance	0.000000	all_var	0.133519	L1_norm	0.007756
Episode	161	Score	-21.000000	largest_variance	0.000000	all_var	0.131937	L1_norm	0.008909
Episode	162	Score	-17.000000	largest_variance	0.000000	all_var	0.133003	L1_norm	0.008316
Episode	163	Score	-19.000000	largest_variance	0.000000	all_var	0.131400	L1_norm	0.007352
Episode	164	Score	-20.000000	largest_variance	0.000000	all_var	0.132721	L1_norm	0.008778
Episode	165	Score	-21.000000	largest_variance	0.000000	all_var	0.132139	L1_norm	0.010321
Episode	166	Score	-21.000000	largest_variance	0.000000	all_var	0.132011	L1_norm	0.006679
Episode	167	Score	-19.000000	largest_variance	0.000000	all_var	0.133672	L1_norm	0.009598
Episode	168	Score	-21.000000	largest_variance	0.000000	all_var	0.131460	L1_norm	0.006855
Episode	169	Score	-17.000000	largest_variance	0.000000	all_var	0.132866	L1_norm	0.007070
Episode	170	Score	-19.000000	largest_variance	0.000000	all_var	0.133104	L1_norm	0.006606
Episode	171	Score	-20.000000	largest_variance	0.000000	all_var	0.133261	L1_norm	0.010966
Episode	172	Score	-18.000000	largest_variance	0.000000	all_var	0.132935	L1_norm	0.005838
Episode	173	Score	-19.000000	largest_variance	0.000000	all_var	0.131406	L1_norm	0.006105
Episode	174	Score	-21.000000	largest_variance	0.000000	all_var	0.133305	L1_norm	0.007994
Episode	175	Score	-20.000000	largest_variance	0.000000	all_var	0.133297	L1_norm	0.010615
Episode	176	Score	-21.000000	largest_variance	0.000000	all_var	0.135113	L1_norm	0.010661
Episode	177	Score	-17.000000	largest_variance	0.000000	all_var	0.131245	L1_norm	0.007154
Episode	178	Score	-18.000000	largest_variance	0.000000	all_var	0.132990	L1_norm	0.009104
Episode	179	Score	-17.000000	largest_variance	0.000000	all_var	0.132831	L1_norm	0.004863
Episode	180	Score	-19.000000	largest_variance	0.000000	all_var	0.131513	L1_norm	0.011124
Episode	181	Score	-20.000000	largest_variance	0.000000	all_var	0.132298	L1_norm	0.007535
Episode	182	Score	-18.000000	largest_variance	0.000000	all_var	0.131483	L1_norm	0.007746
Episode	183	Score	-21.000000	largest_variance	0.000000	all_var	0.133341	L1_norm	0.009715
Episode	184	Score	-20.000000	largest_variance	0.000000	all_var	0.131621	L1_norm	0.007585
Episode	185	Score	-20.000000	largest_variance	0.000000	all_var	0.131570	L1_norm	0.006284
Episode	186	Score	-18.000000	largest_variance	0.000000	all_var	0.130277	L1_norm	0.007294
Episode	187	Score	-20.000000	largest_variance	0.000000	all_var	0.132326	L1_norm	0.002505
Episode	188	Score	-18.000000	largest_variance	0.000000	all_var	0.130533	L1_norm	0.005261
Episode	189	Score	-18.000000	largest_variance	0.000000	all_var	0.130508	L1_norm	0.009944
Episode	190	Score	-17.000000	largest_variance	0.000000	all_var	0.131785	L1_norm	0.006398
Episode	191	Score	-19.000000	largest_variance	0.000000	all_var	0.129849	L1_norm	0.008787
Episode	192	Score	-19.000000	largest_variance	0.000000	all_var	0.130452	L1_norm	0.003857
Episode	193	Score	-19.000000	largest_variance	0.000000	all_var	0.128018	L1_norm	0.007506
Episode	194	Score	-17.000000	largest_variance	0.000000	all_var	0.128898	L1_norm	0.010178
Episode	195	Score	-21.000000	largest_variance	0.000000	all_var	0.132454	L1_norm	0.011790
Episode	196	Score	-21.000000	largest_variance	0.000000	all_var	0.129934	L1_norm	0.003337
Episode	197	Score	-19.000000	largest_variance	0.000000	all_var	0.127511	L1_norm	0.006777
Episode	198	Score	-19.000000	largest_variance	0.000000	all_var	0.128500	L1_norm	0.009793
Episode	199	Score	-18.000000	largest_variance	0.000000	all_var	0.126362	L1_norm	0.005451
Episode	200	Score	-17.000000	largest_variance	0.000000	all_var	0.125208	L1_norm	0.006704
Episode	201	Score	-18.000000	largest_variance	0.000000	all_var	0.126730	L1_norm	0.010177
Episode	202	Score	-17.000000	largest_variance	0.000000	all_var	0.125908	L1_norm	0.006706
Episode	203	Score	-20.000000	largest_variance	0.000000	all_var	0.125405	L1_norm	0.003451
Episode	204	Score	-19.000000	largest_variance	0.000000	all_var	0.125699	L1_norm	0.008047
Episode	205	Score	-17.000000	largest_variance	0.000000	all_var	0.122008	L1_norm	0.002869
Episode	206	Score	-18.000000	largest_variance	0.000000	all_var	0.124457	L1_norm	0.004530
Episode	207	Score	-18.000000	largest_variance	0.000000	all_var	0.122800	L1_norm	0.008170
Episode	208	Score	-20.000000	largest_variance	0.000000	all_var	0.120975	L1_norm	0.004762
Episode	209	Score	-20.000000	largest_variance	0.000000	all_var	0.123680	L1_norm	0.005868
Episode	210	Score	-16.000000	largest_variance	0.000000	all_var	0.121471	L1_norm	0.004083
Episode	211	Score	-19.000000	largest_variance	0.000000	all_var	0.122236	L1_norm	0.004686
Episode	212	Score	-16.000000	largest_variance	0.000000	all_var	0.119465	L1_norm	0.004802
Episode	213	Score	-19.000000	largest_variance	0.000000	all_var	0.118196	L1_norm	0.004039
Episode	214	Score	-21.000000	largest_variance	0.000000	all_var	0.121263	L1_norm	0.007378
Episode	215	Score	-19.000000	largest_variance	0.000000	all_var	0.119405	L1_norm	0.007910
Episode	216	Score	-20.000000	largest_variance	0.000000	all_var	0.118954	L1_norm	0.003240
Episode	217	Score	-18.000000	largest_variance	0.000000	all_var	0.121151	L1_norm	0.007076
Episode	218	Score	-18.000000	largest_variance	0.000000	all_var	0.119112	L1_norm	0.006143
Episode	219	Score	-19.000000	largest_variance	0.000000	all_var	0.119098	L1_norm	0.002590
Episode	220	Score	-18.000000	largest_variance	0.000000	all_var	0.117593	L1_norm	0.004827
Episode	221	Score	-17.000000	largest_variance	0.000000	all_var	0.115036	L1_norm	0.001655
Episode	222	Score	-15.000000	largest_variance	0.000000	all_var	0.115750	L1_norm	0.004296
Episode	223	Score	-19.000000	largest_variance	0.000000	all_var	0.114209	L1_norm	0.006546
Episode	224	Score	-19.000000	largest_variance	0.000000	all_var	0.113987	L1_norm	0.006617
Episode	225	Score	-19.000000	largest_variance	0.000000	all_var	0.113288	L1_norm	0.004592
Episode	226	Score	-16.000000	largest_variance	0.000000	all_var	0.109504	L1_norm	0.005716
Episode	227	Score	-19.000000	largest_variance	0.000000	all_var	0.111938	L1_norm	0.006955
Episode	228	Score	-21.000000	largest_variance	0.000000	all_var	0.114339	L1_norm	0.010787
Episode	229	Score	-17.000000	largest_variance	0.000000	all_var	0.114662	L1_norm	0.007160
Episode	230	Score	-20.000000	largest_variance	0.000000	all_var	0.113462	L1_norm	0.009981
Episode	231	Score	-19.000000	largest_variance	0.000000	all_var	0.106838	L1_norm	0.009540
Episode	232	Score	-19.000000	largest_variance	0.000000	all_var	0.110024	L1_norm	0.007234
Episode	233	Score	-19.000000	largest_variance	0.000000	all_var	0.109996	L1_norm	0.004089
Episode	234	Score	-19.000000	largest_variance	0.000000	all_var	0.110893	L1_norm	0.005284
Episode	235	Score	-21.000000	largest_variance	0.000000	all_var	0.098006	L1_norm	0.010905
Episode	236	Score	-19.000000	largest_variance	0.000000	all_var	0.102718	L1_norm	0.006293
Episode	237	Score	-19.000000	largest_variance	0.000000	all_var	0.100749	L1_norm	0.006043
Episode	238	Score	-20.000000	largest_variance	0.000000	all_var	0.100676	L1_norm	0.007002
Episode	239	Score	-18.000000	largest_variance	0.000000	all_var	0.103521	L1_norm	0.004105
Episode	240	Score	-19.000000	largest_variance	0.000000	all_var	0.100403	L1_norm	0.011806
Episode	241	Score	-16.000000	largest_variance	0.000000	all_var	0.098397	L1_norm	0.012273
Episode	242	Score	-19.000000	largest_variance	0.000000	all_var	0.096510	L1_norm	0.007959
Episode	243	Score	-19.000000	largest_variance	0.000000	all_var	0.101222	L1_norm	0.006394
Episode	244	Score	-17.000000	largest_variance	0.000000	all_var	0.101547	L1_norm	0.004872
Episode	245	Score	-17.000000	largest_variance	0.000000	all_var	0.101776	L1_norm	0.006656
Episode	246	Score	-19.000000	largest_variance	0.000000	all_var	0.102146	L1_norm	0.006984
Episode	247	Score	-20.000000	largest_variance	0.000000	all_var	0.099117	L1_norm	0.008593
Episode	248	Score	-19.000000	largest_variance	0.000000	all_var	0.100912	L1_norm	0.005222
Episode	249	Score	-18.000000	largest_variance	0.000000	all_var	0.100360	L1_norm	0.003784
Episode	250	Score	-19.000000	largest_variance	0.000000	all_var	0.097442	L1_norm	0.007136
Episode	251	Score	-18.000000	largest_variance	0.000000	all_var	0.101006	L1_norm	0.007089
Episode	252	Score	-19.000000	largest_variance	0.000000	all_var	0.105870	L1_norm	0.002546
Episode	253	Score	-21.000000	largest_variance	0.000000	all_var	0.102518	L1_norm	0.006124
Episode	254	Score	-19.000000	largest_variance	0.000000	all_var	0.104526	L1_norm	0.007483
Episode	255	Score	-19.000000	largest_variance	0.000000	all_var	0.105964	L1_norm	0.008212
Episode	256	Score	-20.000000	largest_variance	0.000000	all_var	0.103272	L1_norm	0.005616
Episode	257	Score	-18.000000	largest_variance	0.000000	all_var	0.103619	L1_norm	0.006161
Episode	258	Score	-20.000000	largest_variance	0.000000	all_var	0.104054	L1_norm	0.008002
Episode	259	Score	-21.000000	largest_variance	0.000000	all_var	0.106060	L1_norm	0.006622
Episode	260	Score	-19.000000	largest_variance	0.000000	all_var	0.106159	L1_norm	0.008002
Episode	261	Score	-15.000000	largest_variance	0.000000	all_var	0.104424	L1_norm	0.007949
Episode	262	Score	-18.000000	largest_variance	0.000000	all_var	0.103491	L1_norm	0.006453
Episode	263	Score	-18.000000	largest_variance	0.000000	all_var	0.105536	L1_norm	0.005763
Episode	264	Score	-17.000000	largest_variance	0.000000	all_var	0.104787	L1_norm	0.005065
Episode	265	Score	-20.000000	largest_variance	0.000000	all_var	0.106073	L1_norm	0.008934
Episode	266	Score	-20.000000	largest_variance	0.000000	all_var	0.106176	L1_norm	0.007615
Episode	267	Score	-15.000000	largest_variance	0.000000	all_var	0.104533	L1_norm	0.003334
Episode	268	Score	-19.000000	largest_variance	0.000000	all_var	0.105642	L1_norm	0.005847
Episode	269	Score	-17.000000	largest_variance	0.000000	all_var	0.107421	L1_norm	0.008756
Episode	270	Score	-19.000000	largest_variance	0.000000	all_var	0.108671	L1_norm	0.007749
Episode	271	Score	-18.000000	largest_variance	0.000000	all_var	0.106077	L1_norm	0.005815
Episode	272	Score	-18.000000	largest_variance	0.000000	all_var	0.110245	L1_norm	0.006198
Episode	273	Score	-19.000000	largest_variance	0.000000	all_var	0.110607	L1_norm	0.004123
Episode	274	Score	-14.000000	largest_variance	0.000000	all_var	0.106225	L1_norm	0.005106
Episode	275	Score	-17.000000	largest_variance	0.000000	all_var	0.109660	L1_norm	0.002646
Episode	276	Score	-17.000000	largest_variance	0.000000	all_var	0.109366	L1_norm	0.005822
Episode	277	Score	-20.000000	largest_variance	0.000000	all_var	0.114976	L1_norm	0.007207
Episode	278	Score	-16.000000	largest_variance	0.000000	all_var	0.108219	L1_norm	0.004443
Episode	279	Score	-19.000000	largest_variance	0.000000	all_var	0.110049	L1_norm	0.009358
Episode	280	Score	-20.000000	largest_variance	0.000000	all_var	0.111175	L1_norm	0.005104
Episode	281	Score	-16.000000	largest_variance	0.000000	all_var	0.110882	L1_norm	0.005544
Episode	282	Score	-20.000000	largest_variance	0.000000	all_var	0.109189	L1_norm	0.007609
Episode	283	Score	-16.000000	largest_variance	0.000000	all_var	0.110913	L1_norm	0.003837
Episode	284	Score	-19.000000	largest_variance	0.000000	all_var	0.113020	L1_norm	0.010193
Episode	285	Score	-14.000000	largest_variance	0.000000	all_var	0.109874	L1_norm	0.004714
Episode	286	Score	-18.000000	largest_variance	0.000000	all_var	0.111139	L1_norm	0.008118
Episode	287	Score	-20.000000	largest_variance	0.000000	all_var	0.108345	L1_norm	0.005418
Episode	288	Score	-19.000000	largest_variance	0.000000	all_var	0.108190	L1_norm	0.003255
Episode	289	Score	-18.000000	largest_variance	0.000000	all_var	0.109743	L1_norm	0.006580
Episode	290	Score	-18.000000	largest_variance	0.000000	all_var	0.102036	L1_norm	0.013536
Episode	291	Score	-16.000000	largest_variance	0.000000	all_var	0.105015	L1_norm	0.006132
Episode	292	Score	-18.000000	largest_variance	0.000000	all_var	0.105122	L1_norm	0.002802
Episode	293	Score	-17.000000	largest_variance	0.000000	all_var	0.110286	L1_norm	0.005898
Episode	294	Score	-16.000000	largest_variance	0.000000	all_var	0.106191	L1_norm	0.002279
Episode	295	Score	-16.000000	largest_variance	0.000000	all_var	0.105644	L1_norm	0.004002
Episode	296	Score	-9.000000	largest_variance	0.000000	all_var	0.104738	L1_norm	0.006290
Episode	297	Score	-20.000000	largest_variance	0.000000	all_var	0.106431	L1_norm	0.006019
Episode	298	Score	-15.000000	largest_variance	0.000000	all_var	0.105023	L1_norm	0.003028
Episode	299	Score	-14.000000	largest_variance	0.000000	all_var	0.103782	L1_norm	0.008498
Episode	300	Score	-18.000000	largest_variance	0.000000	all_var	0.106565	L1_norm	0.005537
Episode	301	Score	-19.000000	largest_variance	0.000000	all_var	0.105515	L1_norm	0.003967
Episode	302	Score	-17.000000	largest_variance	0.000000	all_var	0.102120	L1_norm	0.007529
Episode	303	Score	-17.000000	largest_variance	0.000000	all_var	0.100706	L1_norm	0.008364
Episode	304	Score	-19.000000	largest_variance	0.000000	all_var	0.103986	L1_norm	0.008782
Episode	305	Score	-14.000000	largest_variance	0.000000	all_var	0.099712	L1_norm	0.002730
Episode	306	Score	-20.000000	largest_variance	0.000000	all_var	0.099302	L1_norm	0.009327
Episode	307	Score	-16.000000	largest_variance	0.000000	all_var	0.094751	L1_norm	0.005833
Episode	308	Score	-21.000000	largest_variance	0.000000	all_var	0.098400	L1_norm	0.005876
Episode	309	Score	-17.000000	largest_variance	0.000000	all_var	0.091223	L1_norm	0.006476
Episode	310	Score	-15.000000	largest_variance	0.000000	all_var	0.092027	L1_norm	0.007433
Episode	311	Score	-17.000000	largest_variance	0.000000	all_var	0.095359	L1_norm	0.003187
Episode	312	Score	-16.000000	largest_variance	0.000000	all_var	0.092219	L1_norm	0.009397
Episode	313	Score	-15.000000	largest_variance	0.000000	all_var	0.087804	L1_norm	0.003978
Episode	314	Score	-15.000000	largest_variance	0.000000	all_var	0.089512	L1_norm	0.007274
Episode	315	Score	-16.000000	largest_variance	0.000000	all_var	0.086527	L1_norm	0.006295
Episode	316	Score	-17.000000	largest_variance	0.000000	all_var	0.088418	L1_norm	0.006891
Episode	317	Score	-14.000000	largest_variance	0.000000	all_var	0.085145	L1_norm	0.003870
Episode	318	Score	-14.000000	largest_variance	0.000000	all_var	0.086090	L1_norm	0.007123
Episode	319	Score	-18.000000	largest_variance	0.000000	all_var	0.084741	L1_norm	0.002969
Episode	320	Score	-18.000000	largest_variance	0.000000	all_var	0.086009	L1_norm	0.007188
Episode	321	Score	-11.000000	largest_variance	0.000000	all_var	0.078113	L1_norm	0.003537
Episode	322	Score	-16.000000	largest_variance	0.000000	all_var	0.080819	L1_norm	0.005437
Episode	323	Score	-16.000000	largest_variance	0.000000	all_var	0.076704	L1_norm	0.004700
Episode	324	Score	-12.000000	largest_variance	0.000000	all_var	0.075004	L1_norm	0.005455
Episode	325	Score	-16.000000	largest_variance	0.000000	all_var	0.072587	L1_norm	0.002886
Episode	326	Score	-15.000000	largest_variance	0.000000	all_var	0.072034	L1_norm	0.004101
Episode	327	Score	-17.000000	largest_variance	0.000000	all_var	0.077231	L1_norm	0.006370
Episode	328	Score	-16.000000	largest_variance	0.000000	all_var	0.074436	L1_norm	0.006961
Episode	329	Score	-16.000000	largest_variance	0.000000	all_var	0.076072	L1_norm	0.004724
Episode	330	Score	-17.000000	largest_variance	0.000000	all_var	0.078928	L1_norm	0.003976
Episode	331	Score	-14.000000	largest_variance	0.000000	all_var	0.072951	L1_norm	0.003091
Episode	332	Score	-15.000000	largest_variance	0.000000	all_var	0.073614	L1_norm	0.002196
Episode	333	Score	-17.000000	largest_variance	0.000000	all_var	0.070750	L1_norm	0.004101
Episode	334	Score	-8.000000	largest_variance	0.000000	all_var	0.068653	L1_norm	0.006190
Episode	335	Score	-16.000000	largest_variance	0.000000	all_var	0.075797	L1_norm	0.005697
Episode	336	Score	-19.000000	largest_variance	0.000000	all_var	0.084453	L1_norm	0.003833
Episode	337	Score	-15.000000	largest_variance	0.000000	all_var	0.083512	L1_norm	0.005063
Episode	338	Score	-19.000000	largest_variance	0.000000	all_var	0.090759	L1_norm	0.004615
Episode	339	Score	-18.000000	largest_variance	0.000000	all_var	0.087891	L1_norm	0.008954
Episode	340	Score	-20.000000	largest_variance	0.000000	all_var	0.089147	L1_norm	0.004899
Episode	341	Score	-21.000000	largest_variance	0.000000	all_var	0.087049	L1_norm	0.009827
Episode	342	Score	-18.000000	largest_variance	0.000000	all_var	0.092985	L1_norm	0.008002
Episode	343	Score	-21.000000	largest_variance	0.000000	all_var	0.087985	L1_norm	0.009580
Episode	344	Score	-21.000000	largest_variance	0.000000	all_var	0.089945	L1_norm	0.009466
Episode	345	Score	-21.000000	largest_variance	0.000000	all_var	0.089050	L1_norm	0.006464
Episode	346	Score	-21.000000	largest_variance	0.000000	all_var	0.089513	L1_norm	0.011141
Episode	347	Score	-21.000000	largest_variance	0.000000	all_var	0.086633	L1_norm	0.002067
Episode	348	Score	-21.000000	largest_variance	0.000000	all_var	0.089273	L1_norm	0.003630
Episode	349	Score	-21.000000	largest_variance	0.000000	all_var	0.086972	L1_norm	0.004127
Episode	350	Score	-21.000000	largest_variance	0.000000	all_var	0.086337	L1_norm	0.006149
Episode	351	Score	-21.000000	largest_variance	0.000000	all_var	0.087255	L1_norm	0.010495
Episode	352	Score	-21.000000	largest_variance	0.000000	all_var	0.089001	L1_norm	0.009930
Episode	353	Score	-21.000000	largest_variance	0.000000	all_var	0.085530	L1_norm	0.006156
Episode	354	Score	-21.000000	largest_variance	0.000000	all_var	0.089360	L1_norm	0.004969
Episode	355	Score	-21.000000	largest_variance	0.000000	all_var	0.083805	L1_norm	0.006718
Episode	356	Score	-21.000000	largest_variance	0.000000	all_var	0.087370	L1_norm	0.005234
Episode	357	Score	-21.000000	largest_variance	0.000000	all_var	0.080370	L1_norm	0.008116
Episode	358	Score	-21.000000	largest_variance	0.000000	all_var	0.086236	L1_norm	0.008671
Episode	359	Score	-21.000000	largest_variance	0.000000	all_var	0.082685	L1_norm	0.006772
Episode	360	Score	-21.000000	largest_variance	0.000000	all_var	0.083535	L1_norm	0.008375
Episode	361	Score	-21.000000	largest_variance	0.000000	all_var	0.085806	L1_norm	0.007868
Episode	362	Score	-21.000000	largest_variance	0.000000	all_var	0.088358	L1_norm	0.004894
Episode	363	Score	-21.000000	largest_variance	0.000000	all_var	0.087694	L1_norm	0.006750
Episode	364	Score	-21.000000	largest_variance	0.000000	all_var	0.087826	L1_norm	0.014149
Episode	365	Score	-21.000000	largest_variance	0.000000	all_var	0.084012	L1_norm	0.010695
Episode	366	Score	-20.000000	largest_variance	0.000000	all_var	0.081017	L1_norm	0.002950
Episode	367	Score	-21.000000	largest_variance	0.000000	all_var	0.084484	L1_norm	0.010621
Episode	368	Score	-21.000000	largest_variance	0.000000	all_var	0.085088	L1_norm	0.008748
Episode	369	Score	-21.000000	largest_variance	0.000000	all_var	0.081918	L1_norm	0.009423
Episode	370	Score	-21.000000	largest_variance	0.000000	all_var	0.082808	L1_norm	0.009118
Episode	371	Score	-21.000000	largest_variance	0.000000	all_var	0.086457	L1_norm	0.003622
Episode	372	Score	-21.000000	largest_variance	0.000000	all_var	0.078610	L1_norm	0.010872
Episode	373	Score	-21.000000	largest_variance	0.000000	all_var	0.087049	L1_norm	0.014545
Episode	374	Score	-21.000000	largest_variance	0.000000	all_var	0.083325	L1_norm	0.011543
Episode	375	Score	-21.000000	largest_variance	0.000000	all_var	0.085145	L1_norm	0.006243
Episode	376	Score	-21.000000	largest_variance	0.000000	all_var	0.080120	L1_norm	0.005058
Episode	377	Score	-21.000000	largest_variance	0.000000	all_var	0.086338	L1_norm	0.008948
Episode	378	Score	-21.000000	largest_variance	0.000000	all_var	0.083792	L1_norm	0.003876
Episode	379	Score	-21.000000	largest_variance	0.000000	all_var	0.084013	L1_norm	0.010271
Episode	380	Score	-21.000000	largest_variance	0.000000	all_var	0.083934	L1_norm	0.007981
Episode	381	Score	-21.000000	largest_variance	0.000000	all_var	0.085503	L1_norm	0.005170
Episode	382	Score	-21.000000	largest_variance	0.000000	all_var	0.084183	L1_norm	0.005454
Episode	383	Score	-21.000000	largest_variance	0.000000	all_var	0.084890	L1_norm	0.013679
Episode	384	Score	-21.000000	largest_variance	0.000000	all_var	0.079782	L1_norm	0.006558
Episode	385	Score	-21.000000	largest_variance	0.000000	all_var	0.084118	L1_norm	0.006685
Episode	386	Score	-21.000000	largest_variance	0.000000	all_var	0.084909	L1_norm	0.004819
Episode	387	Score	-21.000000	largest_variance	0.000000	all_var	0.081660	L1_norm	0.008526
Episode	388	Score	-21.000000	largest_variance	0.000000	all_var	0.085161	L1_norm	0.007319
Episode	389	Score	-21.000000	largest_variance	0.000000	all_var	0.082371	L1_norm	0.005574
Episode	390	Score	-21.000000	largest_variance	0.000000	all_var	0.083717	L1_norm	0.009178
Episode	391	Score	-21.000000	largest_variance	0.000000	all_var	0.089328	L1_norm	0.008054
Episode	392	Score	-21.000000	largest_variance	0.000000	all_var	0.086076	L1_norm	0.004617
Episode	393	Score	-21.000000	largest_variance	0.000000	all_var	0.087416	L1_norm	0.009527
Episode	394	Score	-21.000000	largest_variance	0.000000	all_var	0.086987	L1_norm	0.005178
Episode	395	Score	-21.000000	largest_variance	0.000000	all_var	0.084673	L1_norm	0.007473
Episode	396	Score	-21.000000	largest_variance	0.000000	all_var	0.086120	L1_norm	0.010786
Episode	397	Score	-21.000000	largest_variance	0.000000	all_var	0.078659	L1_norm	0.012504
Episode	398	Score	-21.000000	largest_variance	0.000000	all_var	0.086706	L1_norm	0.004016
Episode	399	Score	-21.000000	largest_variance	0.000000	all_var	0.088430	L1_norm	0.004213
Episode	400	Score	-21.000000	largest_variance	0.000000	all_var	0.089281	L1_norm	0.005909
Episode	401	Score	-21.000000	largest_variance	0.000000	all_var	0.085019	L1_norm	0.007022
Episode	402	Score	-21.000000	largest_variance	0.000000	all_var	0.089281	L1_norm	0.007297
Episode	403	Score	-21.000000	largest_variance	0.000000	all_var	0.084932	L1_norm	0.013423
Episode	404	Score	-21.000000	largest_variance	0.000000	all_var	0.087822	L1_norm	0.002863
Episode	405	Score	-21.000000	largest_variance	0.000000	all_var	0.084198	L1_norm	0.004871
Episode	406	Score	-21.000000	largest_variance	0.000000	all_var	0.088772	L1_norm	0.004328
Episode	407	Score	-21.000000	largest_variance	0.000000	all_var	0.085910	L1_norm	0.007383
Episode	408	Score	-21.000000	largest_variance	0.000000	all_var	0.086257	L1_norm	0.005430
Episode	409	Score	-21.000000	largest_variance	0.000000	all_var	0.086242	L1_norm	0.004073
Episode	410	Score	-21.000000	largest_variance	0.000000	all_var	0.084817	L1_norm	0.006486
Episode	411	Score	-21.000000	largest_variance	0.000000	all_var	0.085885	L1_norm	0.005400
Episode	412	Score	-21.000000	largest_variance	0.000000	all_var	0.087114	L1_norm	0.008280
Episode	413	Score	-21.000000	largest_variance	0.000000	all_var	0.085118	L1_norm	0.004096
Episode	414	Score	-21.000000	largest_variance	0.000000	all_var	0.087438	L1_norm	0.006563
Episode	415	Score	-21.000000	largest_variance	0.000000	all_var	0.085621	L1_norm	0.004713
Episode	416	Score	-21.000000	largest_variance	0.000000	all_var	0.082675	L1_norm	0.006499
Episode	417	Score	-21.000000	largest_variance	0.000000	all_var	0.084414	L1_norm	0.007146
Episode	418	Score	-21.000000	largest_variance	0.000000	all_var	0.084311	L1_norm	0.009351
Episode	419	Score	-21.000000	largest_variance	0.000000	all_var	0.087085	L1_norm	0.006806
Episode	420	Score	-21.000000	largest_variance	0.000000	all_var	0.083835	L1_norm	0.002749
Episode	421	Score	-21.000000	largest_variance	0.000000	all_var	0.087732	L1_norm	0.004982
Episode	422	Score	-21.000000	largest_variance	0.000000	all_var	0.080891	L1_norm	0.006760
Episode	423	Score	-21.000000	largest_variance	0.000000	all_var	0.086141	L1_norm	0.007845
Episode	424	Score	-21.000000	largest_variance	0.000000	all_var	0.083037	L1_norm	0.007005
Episode	425	Score	-21.000000	largest_variance	0.000000	all_var	0.082760	L1_norm	0.006718
Episode	426	Score	-21.000000	largest_variance	0.000000	all_var	0.082946	L1_norm	0.005392
Episode	427	Score	-21.000000	largest_variance	0.000000	all_var	0.085847	L1_norm	0.010199
Episode	428	Score	-21.000000	largest_variance	0.000000	all_var	0.086017	L1_norm	0.005860
Episode	429	Score	-21.000000	largest_variance	0.000000	all_var	0.081191	L1_norm	0.004748
Episode	430	Score	-21.000000	largest_variance	0.000000	all_var	0.080672	L1_norm	0.006456
Episode	431	Score	-21.000000	largest_variance	0.000000	all_var	0.083009	L1_norm	0.004194
Episode	432	Score	-21.000000	largest_variance	0.000000	all_var	0.082357	L1_norm	0.004966
Episode	433	Score	-21.000000	largest_variance	0.000000	all_var	0.079722	L1_norm	0.012585
Episode	434	Score	-21.000000	largest_variance	0.000000	all_var	0.079607	L1_norm	0.011189
Episode	435	Score	-21.000000	largest_variance	0.000000	all_var	0.083433	L1_norm	0.005888
Episode	436	Score	-21.000000	largest_variance	0.000000	all_var	0.080793	L1_norm	0.003035
Episode	437	Score	-21.000000	largest_variance	0.000000	all_var	0.078566	L1_norm	0.005402
Episode	438	Score	-21.000000	largest_variance	0.000000	all_var	0.082202	L1_norm	0.009482
Episode	439	Score	-21.000000	largest_variance	0.000000	all_var	0.082182	L1_norm	0.006577
Episode	440	Score	-21.000000	largest_variance	0.000000	all_var	0.083293	L1_norm	0.006057
Episode	441	Score	-21.000000	largest_variance	0.000000	all_var	0.082756	L1_norm	0.004904
Episode	442	Score	-21.000000	largest_variance	0.000000	all_var	0.081423	L1_norm	0.002884
Episode	443	Score	-21.000000	largest_variance	0.000000	all_var	0.083463	L1_norm	0.005735
Episode	444	Score	-21.000000	largest_variance	0.000000	all_var	0.078297	L1_norm	0.009118
Episode	445	Score	-21.000000	largest_variance	0.000000	all_var	0.078369	L1_norm	0.007997
Episode	446	Score	-21.000000	largest_variance	0.000000	all_var	0.081085	L1_norm	0.007145
