Episode	1	Score	-21.000000	largest_variance	0.000000	all_var	0.138545	L1_norm	0.006869
Episode	2	Score	-20.000000	largest_variance	0.000000	all_var	0.138804	L1_norm	0.006506
Episode	3	Score	-21.000000	largest_variance	0.000000	all_var	0.138793	L1_norm	0.005703
Episode	4	Score	-19.000000	largest_variance	0.000000	all_var	0.138490	L1_norm	0.012283
Episode	5	Score	-21.000000	largest_variance	0.000000	all_var	0.138743	L1_norm	0.005426
Episode	6	Score	-19.000000	largest_variance	0.000000	all_var	0.138472	L1_norm	0.010905
Episode	7	Score	-20.000000	largest_variance	0.000000	all_var	0.138435	L1_norm	0.006925
Episode	8	Score	-21.000000	largest_variance	0.000000	all_var	0.138601	L1_norm	0.006966
Episode	9	Score	-18.000000	largest_variance	0.000000	all_var	0.138481	L1_norm	0.004184
Episode	10	Score	-20.000000	largest_variance	0.000000	all_var	0.138128	L1_norm	0.009387
Episode	11	Score	-20.000000	largest_variance	0.000000	all_var	0.138359	L1_norm	0.010659
Episode	12	Score	-21.000000	largest_variance	0.000000	all_var	0.138255	L1_norm	0.005280
Episode	13	Score	-21.000000	largest_variance	0.000000	all_var	0.138281	L1_norm	0.013543
Episode	14	Score	-21.000000	largest_variance	0.000000	all_var	0.138309	L1_norm	0.011647
Episode	15	Score	-16.000000	largest_variance	0.000000	all_var	0.138321	L1_norm	0.004479
Episode	16	Score	-21.000000	largest_variance	0.000000	all_var	0.138390	L1_norm	0.007592
Episode	17	Score	-19.000000	largest_variance	0.000000	all_var	0.138321	L1_norm	0.007096
Episode	18	Score	-21.000000	largest_variance	0.000000	all_var	0.137885	L1_norm	0.011066
Episode	19	Score	-20.000000	largest_variance	0.000000	all_var	0.138297	L1_norm	0.009278
Episode	20	Score	-21.000000	largest_variance	0.000000	all_var	0.138170	L1_norm	0.005373
Episode	21	Score	-19.000000	largest_variance	0.000000	all_var	0.138092	L1_norm	0.009109
Episode	22	Score	-21.000000	largest_variance	0.000000	all_var	0.138420	L1_norm	0.010351
Episode	23	Score	-20.000000	largest_variance	0.000000	all_var	0.137924	L1_norm	0.012172
Episode	24	Score	-21.000000	largest_variance	0.000000	all_var	0.137914	L1_norm	0.011762
Episode	25	Score	-21.000000	largest_variance	0.000000	all_var	0.138358	L1_norm	0.006175
Episode	26	Score	-20.000000	largest_variance	0.000000	all_var	0.137634	L1_norm	0.007847
Episode	27	Score	-21.000000	largest_variance	0.000000	all_var	0.137887	L1_norm	0.007040
Episode	28	Score	-21.000000	largest_variance	0.000000	all_var	0.138090	L1_norm	0.011305
Episode	29	Score	-20.000000	largest_variance	0.000000	all_var	0.137453	L1_norm	0.006411
Episode	30	Score	-20.000000	largest_variance	0.000000	all_var	0.137981	L1_norm	0.007686
Episode	31	Score	-17.000000	largest_variance	0.000000	all_var	0.137764	L1_norm	0.003099
Episode	32	Score	-21.000000	largest_variance	0.000000	all_var	0.137179	L1_norm	0.013040
Episode	33	Score	-20.000000	largest_variance	0.000000	all_var	0.137728	L1_norm	0.008486
Episode	34	Score	-20.000000	largest_variance	0.000000	all_var	0.137176	L1_norm	0.010748
Episode	35	Score	-20.000000	largest_variance	0.000000	all_var	0.137509	L1_norm	0.004050
Episode	36	Score	-20.000000	largest_variance	0.000000	all_var	0.137841	L1_norm	0.006907
Episode	37	Score	-21.000000	largest_variance	0.000000	all_var	0.136607	L1_norm	0.010147
Episode	38	Score	-20.000000	largest_variance	0.000000	all_var	0.137733	L1_norm	0.007812
Episode	39	Score	-21.000000	largest_variance	0.000000	all_var	0.137037	L1_norm	0.012944
Episode	40	Score	-20.000000	largest_variance	0.000000	all_var	0.136892	L1_norm	0.010141
Episode	41	Score	-20.000000	largest_variance	0.000000	all_var	0.137286	L1_norm	0.003489
Episode	42	Score	-21.000000	largest_variance	0.000000	all_var	0.137655	L1_norm	0.010455
Episode	43	Score	-19.000000	largest_variance	0.000000	all_var	0.137580	L1_norm	0.007301
Episode	44	Score	-21.000000	largest_variance	0.000000	all_var	0.136660	L1_norm	0.018842
Episode	45	Score	-19.000000	largest_variance	0.000000	all_var	0.136338	L1_norm	0.010760
Episode	46	Score	-21.000000	largest_variance	0.000000	all_var	0.137797	L1_norm	0.004176
Episode	47	Score	-21.000000	largest_variance	0.000000	all_var	0.137029	L1_norm	0.004987
Episode	48	Score	-21.000000	largest_variance	0.000000	all_var	0.137750	L1_norm	0.006729
Episode	49	Score	-21.000000	largest_variance	0.000000	all_var	0.135579	L1_norm	0.010412
Episode	50	Score	-20.000000	largest_variance	0.000000	all_var	0.136311	L1_norm	0.011140
Episode	51	Score	-20.000000	largest_variance	0.000000	all_var	0.136627	L1_norm	0.015698
Episode	52	Score	-21.000000	largest_variance	0.000000	all_var	0.136031	L1_norm	0.011647
Episode	53	Score	-19.000000	largest_variance	0.000000	all_var	0.136152	L1_norm	0.007989
Episode	54	Score	-21.000000	largest_variance	0.000000	all_var	0.136510	L1_norm	0.011929
Episode	55	Score	-21.000000	largest_variance	0.000000	all_var	0.135493	L1_norm	0.010893
Episode	56	Score	-21.000000	largest_variance	0.000000	all_var	0.135140	L1_norm	0.005652
Episode	57	Score	-20.000000	largest_variance	0.000000	all_var	0.136123	L1_norm	0.008096
Episode	58	Score	-19.000000	largest_variance	0.000000	all_var	0.135011	L1_norm	0.011110
Episode	59	Score	-19.000000	largest_variance	0.000000	all_var	0.135475	L1_norm	0.013033
Episode	60	Score	-21.000000	largest_variance	0.000000	all_var	0.134106	L1_norm	0.005923
Episode	61	Score	-20.000000	largest_variance	0.000000	all_var	0.135855	L1_norm	0.002711
Episode	62	Score	-20.000000	largest_variance	0.000000	all_var	0.133905	L1_norm	0.008612
Episode	63	Score	-19.000000	largest_variance	0.000000	all_var	0.133988	L1_norm	0.005492
Episode	64	Score	-20.000000	largest_variance	0.000000	all_var	0.134007	L1_norm	0.005418
Episode	65	Score	-21.000000	largest_variance	0.000000	all_var	0.134317	L1_norm	0.008568
Episode	66	Score	-20.000000	largest_variance	0.000000	all_var	0.135979	L1_norm	0.011708
Episode	67	Score	-20.000000	largest_variance	0.000000	all_var	0.136111	L1_norm	0.007426
Episode	68	Score	-21.000000	largest_variance	0.000000	all_var	0.133688	L1_norm	0.008805
Episode	69	Score	-21.000000	largest_variance	0.000000	all_var	0.133829	L1_norm	0.005191
Episode	70	Score	-19.000000	largest_variance	0.000000	all_var	0.134643	L1_norm	0.005642
Episode	71	Score	-21.000000	largest_variance	0.000000	all_var	0.135289	L1_norm	0.007423
Episode	72	Score	-20.000000	largest_variance	0.000000	all_var	0.136362	L1_norm	0.007304
Episode	73	Score	-19.000000	largest_variance	0.000000	all_var	0.135585	L1_norm	0.012115
Episode	74	Score	-19.000000	largest_variance	0.000000	all_var	0.135710	L1_norm	0.007033
Episode	75	Score	-18.000000	largest_variance	0.000000	all_var	0.136672	L1_norm	0.003856
Episode	76	Score	-19.000000	largest_variance	0.000000	all_var	0.136376	L1_norm	0.004432
Episode	77	Score	-21.000000	largest_variance	0.000000	all_var	0.136769	L1_norm	0.004615
Episode	78	Score	-20.000000	largest_variance	0.000000	all_var	0.137747	L1_norm	0.007593
Episode	79	Score	-20.000000	largest_variance	0.000000	all_var	0.136747	L1_norm	0.008902
Episode	80	Score	-19.000000	largest_variance	0.000000	all_var	0.136991	L1_norm	0.010499
Episode	81	Score	-21.000000	largest_variance	0.000000	all_var	0.136895	L1_norm	0.008912
Episode	82	Score	-19.000000	largest_variance	0.000000	all_var	0.137491	L1_norm	0.008821
Episode	83	Score	-20.000000	largest_variance	0.000000	all_var	0.137621	L1_norm	0.004423
Episode	84	Score	-21.000000	largest_variance	0.000000	all_var	0.137172	L1_norm	0.008323
Episode	85	Score	-19.000000	largest_variance	0.000000	all_var	0.137892	L1_norm	0.006697
Episode	86	Score	-19.000000	largest_variance	0.000000	all_var	0.137198	L1_norm	0.006848
Episode	87	Score	-20.000000	largest_variance	0.000000	all_var	0.137930	L1_norm	0.009318
Episode	88	Score	-21.000000	largest_variance	0.000000	all_var	0.137723	L1_norm	0.008273
Episode	89	Score	-21.000000	largest_variance	0.000000	all_var	0.137541	L1_norm	0.006183
Episode	90	Score	-17.000000	largest_variance	0.000000	all_var	0.137603	L1_norm	0.006915
Episode	91	Score	-21.000000	largest_variance	0.000000	all_var	0.137596	L1_norm	0.008564
Episode	92	Score	-20.000000	largest_variance	0.000000	all_var	0.137680	L1_norm	0.003633
Episode	93	Score	-21.000000	largest_variance	0.000000	all_var	0.137547	L1_norm	0.010164
Episode	94	Score	-21.000000	largest_variance	0.000000	all_var	0.136998	L1_norm	0.011334
Episode	95	Score	-20.000000	largest_variance	0.000000	all_var	0.136927	L1_norm	0.004856
Episode	96	Score	-21.000000	largest_variance	0.000000	all_var	0.137725	L1_norm	0.005148
Episode	97	Score	-20.000000	largest_variance	0.000000	all_var	0.137462	L1_norm	0.010193
Episode	98	Score	-20.000000	largest_variance	0.000000	all_var	0.137175	L1_norm	0.004090
Episode	99	Score	-20.000000	largest_variance	0.000000	all_var	0.138345	L1_norm	0.005745
Episode	100	Score	-16.000000	largest_variance	0.000000	all_var	0.137588	L1_norm	0.006838
Episode	101	Score	-20.000000	largest_variance	0.000000	all_var	0.137345	L1_norm	0.006724
Episode	102	Score	-20.000000	largest_variance	0.000000	all_var	0.137199	L1_norm	0.006462
Episode	103	Score	-21.000000	largest_variance	0.000000	all_var	0.137013	L1_norm	0.010722
Episode	104	Score	-20.000000	largest_variance	0.000000	all_var	0.137749	L1_norm	0.007567
Episode	105	Score	-19.000000	largest_variance	0.000000	all_var	0.136556	L1_norm	0.006733
Episode	106	Score	-19.000000	largest_variance	0.000000	all_var	0.136707	L1_norm	0.006581
Episode	107	Score	-20.000000	largest_variance	0.000000	all_var	0.136730	L1_norm	0.006280
Episode	108	Score	-20.000000	largest_variance	0.000000	all_var	0.136512	L1_norm	0.010061
Episode	109	Score	-20.000000	largest_variance	0.000000	all_var	0.136620	L1_norm	0.006303
Episode	110	Score	-20.000000	largest_variance	0.000000	all_var	0.136785	L1_norm	0.006546
Episode	111	Score	-19.000000	largest_variance	0.000000	all_var	0.137561	L1_norm	0.009741
Episode	112	Score	-19.000000	largest_variance	0.000000	all_var	0.136688	L1_norm	0.009697
Episode	113	Score	-19.000000	largest_variance	0.000000	all_var	0.136797	L1_norm	0.007525
Episode	114	Score	-21.000000	largest_variance	0.000000	all_var	0.135739	L1_norm	0.008879
Episode	115	Score	-20.000000	largest_variance	0.000000	all_var	0.136270	L1_norm	0.003903
Episode	116	Score	-21.000000	largest_variance	0.000000	all_var	0.136107	L1_norm	0.008526
Episode	117	Score	-16.000000	largest_variance	0.000000	all_var	0.136275	L1_norm	0.006067
Episode	118	Score	-20.000000	largest_variance	0.000000	all_var	0.135642	L1_norm	0.005878
Episode	119	Score	-18.000000	largest_variance	0.000000	all_var	0.136446	L1_norm	0.007032
Episode	120	Score	-20.000000	largest_variance	0.000000	all_var	0.135894	L1_norm	0.006363
Episode	121	Score	-20.000000	largest_variance	0.000000	all_var	0.135904	L1_norm	0.009138
Episode	122	Score	-18.000000	largest_variance	0.000000	all_var	0.136707	L1_norm	0.008743
Episode	123	Score	-19.000000	largest_variance	0.000000	all_var	0.136635	L1_norm	0.006714
Episode	124	Score	-21.000000	largest_variance	0.000000	all_var	0.135116	L1_norm	0.016236
Episode	125	Score	-20.000000	largest_variance	0.000000	all_var	0.135951	L1_norm	0.008310
Episode	126	Score	-20.000000	largest_variance	0.000000	all_var	0.134761	L1_norm	0.008821
Episode	127	Score	-19.000000	largest_variance	0.000000	all_var	0.134443	L1_norm	0.004293
Episode	128	Score	-20.000000	largest_variance	0.000000	all_var	0.134577	L1_norm	0.005053
Episode	129	Score	-19.000000	largest_variance	0.000000	all_var	0.133849	L1_norm	0.006788
Episode	130	Score	-17.000000	largest_variance	0.000000	all_var	0.134267	L1_norm	0.007270
Episode	131	Score	-21.000000	largest_variance	0.000000	all_var	0.134165	L1_norm	0.006529
Episode	132	Score	-21.000000	largest_variance	0.000000	all_var	0.134559	L1_norm	0.007889
Episode	133	Score	-20.000000	largest_variance	0.000000	all_var	0.134594	L1_norm	0.006063
Episode	134	Score	-17.000000	largest_variance	0.000000	all_var	0.132412	L1_norm	0.006901
Episode	135	Score	-20.000000	largest_variance	0.000000	all_var	0.133597	L1_norm	0.010488
Episode	136	Score	-20.000000	largest_variance	0.000000	all_var	0.132348	L1_norm	0.006937
Episode	137	Score	-19.000000	largest_variance	0.000000	all_var	0.130757	L1_norm	0.006317
Episode	138	Score	-20.000000	largest_variance	0.000000	all_var	0.130766	L1_norm	0.003091
Episode	139	Score	-18.000000	largest_variance	0.000000	all_var	0.129444	L1_norm	0.006165
Episode	140	Score	-20.000000	largest_variance	0.000000	all_var	0.126593	L1_norm	0.011562
Episode	141	Score	-20.000000	largest_variance	0.000000	all_var	0.128034	L1_norm	0.008228
Episode	142	Score	-17.000000	largest_variance	0.000000	all_var	0.125021	L1_norm	0.003930
Episode	143	Score	-19.000000	largest_variance	0.000000	all_var	0.122684	L1_norm	0.004158
Episode	144	Score	-19.000000	largest_variance	0.000000	all_var	0.117816	L1_norm	0.003806
Episode	145	Score	-21.000000	largest_variance	0.000000	all_var	0.117971	L1_norm	0.003430
Episode	146	Score	-21.000000	largest_variance	0.000000	all_var	0.118111	L1_norm	0.009070
Episode	147	Score	-19.000000	largest_variance	0.000000	all_var	0.112669	L1_norm	0.007004
Episode	148	Score	-16.000000	largest_variance	0.000000	all_var	0.107893	L1_norm	0.004685
Episode	149	Score	-19.000000	largest_variance	0.000000	all_var	0.108264	L1_norm	0.008175
Episode	150	Score	-20.000000	largest_variance	0.000000	all_var	0.103636	L1_norm	0.005105
Episode	151	Score	-20.000000	largest_variance	0.000000	all_var	0.101315	L1_norm	0.005648
Episode	152	Score	-19.000000	largest_variance	0.000000	all_var	0.104799	L1_norm	0.005051
Episode	153	Score	-20.000000	largest_variance	0.000000	all_var	0.100497	L1_norm	0.007600
Episode	154	Score	-21.000000	largest_variance	0.000000	all_var	0.099680	L1_norm	0.005374
Episode	155	Score	-19.000000	largest_variance	0.000000	all_var	0.098034	L1_norm	0.004127
Episode	156	Score	-20.000000	largest_variance	0.000000	all_var	0.098429	L1_norm	0.001612
Episode	157	Score	-21.000000	largest_variance	0.000000	all_var	0.096587	L1_norm	0.005951
Episode	158	Score	-20.000000	largest_variance	0.000000	all_var	0.093626	L1_norm	0.004763
Episode	159	Score	-19.000000	largest_variance	0.000000	all_var	0.093335	L1_norm	0.004383
Episode	160	Score	-20.000000	largest_variance	0.000000	all_var	0.095530	L1_norm	0.005788
Episode	161	Score	-20.000000	largest_variance	0.000000	all_var	0.093869	L1_norm	0.005801
Episode	162	Score	-17.000000	largest_variance	0.000000	all_var	0.093449	L1_norm	0.003271
Episode	163	Score	-19.000000	largest_variance	0.000000	all_var	0.093982	L1_norm	0.005835
Episode	164	Score	-19.000000	largest_variance	0.000000	all_var	0.091740	L1_norm	0.005386
Episode	165	Score	-18.000000	largest_variance	0.000000	all_var	0.092530	L1_norm	0.008261
Episode	166	Score	-21.000000	largest_variance	0.000000	all_var	0.091335	L1_norm	0.011193
Episode	167	Score	-21.000000	largest_variance	0.000000	all_var	0.089227	L1_norm	0.002160
Episode	168	Score	-18.000000	largest_variance	0.000000	all_var	0.085513	L1_norm	0.003951
Episode	169	Score	-19.000000	largest_variance	0.000000	all_var	0.087162	L1_norm	0.004233
Episode	170	Score	-18.000000	largest_variance	0.000000	all_var	0.084170	L1_norm	0.006880
Episode	171	Score	-20.000000	largest_variance	0.000000	all_var	0.085800	L1_norm	0.003558
Episode	172	Score	-20.000000	largest_variance	0.000000	all_var	0.083129	L1_norm	0.001966
Episode	173	Score	-21.000000	largest_variance	0.000000	all_var	0.081417	L1_norm	0.005005
Episode	174	Score	-20.000000	largest_variance	0.000000	all_var	0.081276	L1_norm	0.002838
Episode	175	Score	-21.000000	largest_variance	0.000000	all_var	0.082694	L1_norm	0.001751
Episode	176	Score	-20.000000	largest_variance	0.000000	all_var	0.080073	L1_norm	0.003587
Episode	177	Score	-17.000000	largest_variance	0.000000	all_var	0.078114	L1_norm	0.002787
Episode	178	Score	-19.000000	largest_variance	0.000000	all_var	0.075817	L1_norm	0.005045
Episode	179	Score	-21.000000	largest_variance	0.000000	all_var	0.076234	L1_norm	0.004703
Episode	180	Score	-18.000000	largest_variance	0.000000	all_var	0.080061	L1_norm	0.005206
Episode	181	Score	-20.000000	largest_variance	0.000000	all_var	0.080626	L1_norm	0.003128
Episode	182	Score	-20.000000	largest_variance	0.000000	all_var	0.078959	L1_norm	0.004017
Episode	183	Score	-19.000000	largest_variance	0.000000	all_var	0.077884	L1_norm	0.005120
Episode	184	Score	-21.000000	largest_variance	0.000000	all_var	0.084206	L1_norm	0.005246
Episode	185	Score	-21.000000	largest_variance	0.000000	all_var	0.082251	L1_norm	0.004732
Episode	186	Score	-20.000000	largest_variance	0.000000	all_var	0.089247	L1_norm	0.004840
Episode	187	Score	-18.000000	largest_variance	0.000000	all_var	0.082890	L1_norm	0.007354
Episode	188	Score	-20.000000	largest_variance	0.000000	all_var	0.082935	L1_norm	0.005532
Episode	189	Score	-20.000000	largest_variance	0.000000	all_var	0.079264	L1_norm	0.004149
Episode	190	Score	-21.000000	largest_variance	0.000000	all_var	0.074864	L1_norm	0.010357
Episode	191	Score	-21.000000	largest_variance	0.000000	all_var	0.072708	L1_norm	0.002167
Episode	192	Score	-20.000000	largest_variance	0.000000	all_var	0.077697	L1_norm	0.007499
Episode	193	Score	-20.000000	largest_variance	0.000000	all_var	0.074840	L1_norm	0.003551
Episode	194	Score	-21.000000	largest_variance	0.000000	all_var	0.068778	L1_norm	0.001587
Episode	195	Score	-18.000000	largest_variance	0.000000	all_var	0.067490	L1_norm	0.001476
Episode	196	Score	-21.000000	largest_variance	0.000000	all_var	0.065189	L1_norm	0.004108
Episode	197	Score	-21.000000	largest_variance	0.000000	all_var	0.070185	L1_norm	0.003419
Episode	198	Score	-17.000000	largest_variance	0.000000	all_var	0.066909	L1_norm	0.003610
Episode	199	Score	-20.000000	largest_variance	0.000000	all_var	0.064875	L1_norm	0.002836
Episode	200	Score	-19.000000	largest_variance	0.000000	all_var	0.064452	L1_norm	0.001652
Episode	201	Score	-19.000000	largest_variance	0.000000	all_var	0.064883	L1_norm	0.003142
Episode	202	Score	-21.000000	largest_variance	0.000000	all_var	0.065322	L1_norm	0.008082
Episode	203	Score	-20.000000	largest_variance	0.000000	all_var	0.067761	L1_norm	0.005169
Episode	204	Score	-20.000000	largest_variance	0.000000	all_var	0.067794	L1_norm	0.004080
Episode	205	Score	-19.000000	largest_variance	0.000000	all_var	0.065088	L1_norm	0.005817
Episode	206	Score	-20.000000	largest_variance	0.000000	all_var	0.064795	L1_norm	0.004917
Episode	207	Score	-19.000000	largest_variance	0.000000	all_var	0.069928	L1_norm	0.006206
Episode	208	Score	-18.000000	largest_variance	0.000000	all_var	0.065611	L1_norm	0.002396
Episode	209	Score	-20.000000	largest_variance	0.000000	all_var	0.071283	L1_norm	0.004069
Episode	210	Score	-21.000000	largest_variance	0.000000	all_var	0.066400	L1_norm	0.003396
Episode	211	Score	-20.000000	largest_variance	0.000000	all_var	0.070058	L1_norm	0.006902
Episode	212	Score	-20.000000	largest_variance	0.000000	all_var	0.067262	L1_norm	0.001059
Episode	213	Score	-19.000000	largest_variance	0.000000	all_var	0.061079	L1_norm	0.004194
Episode	214	Score	-17.000000	largest_variance	0.000000	all_var	0.062082	L1_norm	0.002744
Episode	215	Score	-21.000000	largest_variance	0.000000	all_var	0.061805	L1_norm	0.004710
Episode	216	Score	-21.000000	largest_variance	0.000000	all_var	0.063547	L1_norm	0.001746
Episode	217	Score	-20.000000	largest_variance	0.000000	all_var	0.064565	L1_norm	0.001763
Episode	218	Score	-17.000000	largest_variance	0.000000	all_var	0.060104	L1_norm	0.003684
Episode	219	Score	-17.000000	largest_variance	0.000000	all_var	0.065417	L1_norm	0.005170
Episode	220	Score	-16.000000	largest_variance	0.000000	all_var	0.058310	L1_norm	0.002986
Episode	221	Score	-19.000000	largest_variance	0.000000	all_var	0.062248	L1_norm	0.003887
Episode	222	Score	-16.000000	largest_variance	0.000000	all_var	0.057063	L1_norm	0.002708
Episode	223	Score	-21.000000	largest_variance	0.000000	all_var	0.072378	L1_norm	0.001342
Episode	224	Score	-21.000000	largest_variance	0.000000	all_var	0.083805	L1_norm	0.006632
Episode	225	Score	-20.000000	largest_variance	0.000000	all_var	0.097036	L1_norm	0.007558
Episode	226	Score	-19.000000	largest_variance	0.000000	all_var	0.103409	L1_norm	0.005616
Episode	227	Score	-20.000000	largest_variance	0.000000	all_var	0.104351	L1_norm	0.010403
Episode	228	Score	-21.000000	largest_variance	0.000000	all_var	0.106173	L1_norm	0.005898
Episode	229	Score	-21.000000	largest_variance	0.000000	all_var	0.111885	L1_norm	0.008137
Episode	230	Score	-19.000000	largest_variance	0.000000	all_var	0.118074	L1_norm	0.005137
Episode	231	Score	-21.000000	largest_variance	0.000000	all_var	0.121964	L1_norm	0.005567
Episode	232	Score	-20.000000	largest_variance	0.000000	all_var	0.124718	L1_norm	0.007194
Episode	233	Score	-21.000000	largest_variance	0.000000	all_var	0.125172	L1_norm	0.007641
Episode	234	Score	-21.000000	largest_variance	0.000000	all_var	0.125871	L1_norm	0.012007
Episode	235	Score	-21.000000	largest_variance	0.000000	all_var	0.123349	L1_norm	0.003586
Episode	236	Score	-21.000000	largest_variance	0.000000	all_var	0.127384	L1_norm	0.006434
Episode	237	Score	-21.000000	largest_variance	0.000000	all_var	0.125218	L1_norm	0.010062
Episode	238	Score	-21.000000	largest_variance	0.000000	all_var	0.126586	L1_norm	0.010181
Episode	239	Score	-21.000000	largest_variance	0.000000	all_var	0.129341	L1_norm	0.007980
Episode	240	Score	-21.000000	largest_variance	0.000000	all_var	0.126267	L1_norm	0.007619
Episode	241	Score	-21.000000	largest_variance	0.000000	all_var	0.130799	L1_norm	0.013602
Episode	242	Score	-21.000000	largest_variance	0.000000	all_var	0.131380	L1_norm	0.010698
Episode	243	Score	-21.000000	largest_variance	0.000000	all_var	0.130224	L1_norm	0.008377
Episode	244	Score	-21.000000	largest_variance	0.000000	all_var	0.127587	L1_norm	0.010866
Episode	245	Score	-21.000000	largest_variance	0.000000	all_var	0.130455	L1_norm	0.005051
Episode	246	Score	-21.000000	largest_variance	0.000000	all_var	0.128023	L1_norm	0.008737
Episode	247	Score	-21.000000	largest_variance	0.000000	all_var	0.129236	L1_norm	0.010040
Episode	248	Score	-21.000000	largest_variance	0.000000	all_var	0.130521	L1_norm	0.005139
Episode	249	Score	-21.000000	largest_variance	0.000000	all_var	0.129634	L1_norm	0.008272
Episode	250	Score	-21.000000	largest_variance	0.000000	all_var	0.130190	L1_norm	0.005336
Episode	251	Score	-21.000000	largest_variance	0.000000	all_var	0.131168	L1_norm	0.009631
Episode	252	Score	-21.000000	largest_variance	0.000000	all_var	0.131010	L1_norm	0.011520
Episode	253	Score	-21.000000	largest_variance	0.000000	all_var	0.133107	L1_norm	0.009237
Episode	254	Score	-19.000000	largest_variance	0.000000	all_var	0.131799	L1_norm	0.007682
Episode	255	Score	-20.000000	largest_variance	0.000000	all_var	0.130194	L1_norm	0.006136
Episode	256	Score	-21.000000	largest_variance	0.000000	all_var	0.133097	L1_norm	0.008383
Episode	257	Score	-20.000000	largest_variance	0.000000	all_var	0.131351	L1_norm	0.012286
Episode	258	Score	-21.000000	largest_variance	0.000000	all_var	0.130119	L1_norm	0.008359
Episode	259	Score	-21.000000	largest_variance	0.000000	all_var	0.134111	L1_norm	0.004503
Episode	260	Score	-20.000000	largest_variance	0.000000	all_var	0.131295	L1_norm	0.005905
Episode	261	Score	-19.000000	largest_variance	0.000000	all_var	0.130069	L1_norm	0.009586
Episode	262	Score	-20.000000	largest_variance	0.000000	all_var	0.132032	L1_norm	0.009329
Episode	263	Score	-21.000000	largest_variance	0.000000	all_var	0.130621	L1_norm	0.009633
Episode	264	Score	-20.000000	largest_variance	0.000000	all_var	0.130966	L1_norm	0.006960
Episode	265	Score	-19.000000	largest_variance	0.000000	all_var	0.133475	L1_norm	0.010302
Episode	266	Score	-21.000000	largest_variance	0.000000	all_var	0.130256	L1_norm	0.012238
Episode	267	Score	-21.000000	largest_variance	0.000000	all_var	0.130891	L1_norm	0.010498
Episode	268	Score	-20.000000	largest_variance	0.000000	all_var	0.131537	L1_norm	0.009068
Episode	269	Score	-21.000000	largest_variance	0.000000	all_var	0.132031	L1_norm	0.012330
Episode	270	Score	-19.000000	largest_variance	0.000000	all_var	0.131795	L1_norm	0.009638
Episode	271	Score	-21.000000	largest_variance	0.000000	all_var	0.131496	L1_norm	0.007658
Episode	272	Score	-21.000000	largest_variance	0.000000	all_var	0.131740	L1_norm	0.009545
Episode	273	Score	-20.000000	largest_variance	0.000000	all_var	0.132576	L1_norm	0.010698
Episode	274	Score	-21.000000	largest_variance	0.000000	all_var	0.130415	L1_norm	0.008955
Episode	275	Score	-21.000000	largest_variance	0.000000	all_var	0.130444	L1_norm	0.007698
Episode	276	Score	-20.000000	largest_variance	0.000000	all_var	0.131853	L1_norm	0.012100
Episode	277	Score	-21.000000	largest_variance	0.000000	all_var	0.131059	L1_norm	0.011296
Episode	278	Score	-21.000000	largest_variance	0.000000	all_var	0.132283	L1_norm	0.006308
Episode	279	Score	-20.000000	largest_variance	0.000000	all_var	0.129951	L1_norm	0.003708
Episode	280	Score	-21.000000	largest_variance	0.000000	all_var	0.129246	L1_norm	0.005447
Episode	281	Score	-17.000000	largest_variance	0.000000	all_var	0.132342	L1_norm	0.004748
Episode	282	Score	-21.000000	largest_variance	0.000000	all_var	0.132271	L1_norm	0.003146
Episode	283	Score	-20.000000	largest_variance	0.000000	all_var	0.131224	L1_norm	0.007968
Episode	284	Score	-19.000000	largest_variance	0.000000	all_var	0.131597	L1_norm	0.013324
Episode	285	Score	-21.000000	largest_variance	0.000000	all_var	0.132128	L1_norm	0.008332
Episode	286	Score	-21.000000	largest_variance	0.000000	all_var	0.128439	L1_norm	0.010346
Episode	287	Score	-20.000000	largest_variance	0.000000	all_var	0.131332	L1_norm	0.010068
Episode	288	Score	-19.000000	largest_variance	0.000000	all_var	0.133116	L1_norm	0.011397
Episode	289	Score	-21.000000	largest_variance	0.000000	all_var	0.130351	L1_norm	0.014736
Episode	290	Score	-20.000000	largest_variance	0.000000	all_var	0.128051	L1_norm	0.009810
Episode	291	Score	-21.000000	largest_variance	0.000000	all_var	0.129046	L1_norm	0.011549
Episode	292	Score	-21.000000	largest_variance	0.000000	all_var	0.130447	L1_norm	0.008313
Episode	293	Score	-21.000000	largest_variance	0.000000	all_var	0.130063	L1_norm	0.009103
Episode	294	Score	-20.000000	largest_variance	0.000000	all_var	0.132578	L1_norm	0.010644
Episode	295	Score	-19.000000	largest_variance	0.000000	all_var	0.132660	L1_norm	0.005357
Episode	296	Score	-20.000000	largest_variance	0.000000	all_var	0.132046	L1_norm	0.007577
Episode	297	Score	-21.000000	largest_variance	0.000000	all_var	0.131827	L1_norm	0.012484
Episode	298	Score	-21.000000	largest_variance	0.000000	all_var	0.130574	L1_norm	0.012914
Episode	299	Score	-21.000000	largest_variance	0.000000	all_var	0.131178	L1_norm	0.008862
Episode	300	Score	-20.000000	largest_variance	0.000000	all_var	0.131420	L1_norm	0.004138
Episode	301	Score	-20.000000	largest_variance	0.000000	all_var	0.133108	L1_norm	0.003409
Episode	302	Score	-21.000000	largest_variance	0.000000	all_var	0.131276	L1_norm	0.010642
Episode	303	Score	-19.000000	largest_variance	0.000000	all_var	0.132400	L1_norm	0.009209
Episode	304	Score	-20.000000	largest_variance	0.000000	all_var	0.131922	L1_norm	0.004625
Episode	305	Score	-21.000000	largest_variance	0.000000	all_var	0.131512	L1_norm	0.009929
Episode	306	Score	-21.000000	largest_variance	0.000000	all_var	0.131255	L1_norm	0.009927
Episode	307	Score	-19.000000	largest_variance	0.000000	all_var	0.129754	L1_norm	0.007298
Episode	308	Score	-21.000000	largest_variance	0.000000	all_var	0.131054	L1_norm	0.007996
Episode	309	Score	-20.000000	largest_variance	0.000000	all_var	0.131856	L1_norm	0.004478
Episode	310	Score	-21.000000	largest_variance	0.000000	all_var	0.129914	L1_norm	0.005652
Episode	311	Score	-19.000000	largest_variance	0.000000	all_var	0.128744	L1_norm	0.010328
Episode	312	Score	-21.000000	largest_variance	0.000000	all_var	0.131849	L1_norm	0.008621
Episode	313	Score	-21.000000	largest_variance	0.000000	all_var	0.129621	L1_norm	0.007222
Episode	314	Score	-20.000000	largest_variance	0.000000	all_var	0.129137	L1_norm	0.003912
Episode	315	Score	-21.000000	largest_variance	0.000000	all_var	0.132618	L1_norm	0.010308
Episode	316	Score	-19.000000	largest_variance	0.000000	all_var	0.129280	L1_norm	0.008070
Episode	317	Score	-21.000000	largest_variance	0.000000	all_var	0.131900	L1_norm	0.007649
Episode	318	Score	-21.000000	largest_variance	0.000000	all_var	0.132567	L1_norm	0.006348
Episode	319	Score	-16.000000	largest_variance	0.000000	all_var	0.131836	L1_norm	0.008283
Episode	320	Score	-21.000000	largest_variance	0.000000	all_var	0.131421	L1_norm	0.005625
Episode	321	Score	-21.000000	largest_variance	0.000000	all_var	0.129934	L1_norm	0.009397
Episode	322	Score	-20.000000	largest_variance	0.000000	all_var	0.129316	L1_norm	0.003189
Episode	323	Score	-21.000000	largest_variance	0.000000	all_var	0.131248	L1_norm	0.006329
Episode	324	Score	-20.000000	largest_variance	0.000000	all_var	0.129572	L1_norm	0.009460
Episode	325	Score	-19.000000	largest_variance	0.000000	all_var	0.130270	L1_norm	0.006124
Episode	326	Score	-19.000000	largest_variance	0.000000	all_var	0.129456	L1_norm	0.009058
Episode	327	Score	-21.000000	largest_variance	0.000000	all_var	0.130549	L1_norm	0.008904
Episode	328	Score	-21.000000	largest_variance	0.000000	all_var	0.129248	L1_norm	0.009174
Episode	329	Score	-20.000000	largest_variance	0.000000	all_var	0.131933	L1_norm	0.004156
Episode	330	Score	-21.000000	largest_variance	0.000000	all_var	0.129332	L1_norm	0.008044
Episode	331	Score	-17.000000	largest_variance	0.000000	all_var	0.129021	L1_norm	0.005819
Episode	332	Score	-19.000000	largest_variance	0.000000	all_var	0.131130	L1_norm	0.015960
Episode	333	Score	-20.000000	largest_variance	0.000000	all_var	0.131540	L1_norm	0.009185
Episode	334	Score	-21.000000	largest_variance	0.000000	all_var	0.130251	L1_norm	0.009182
Episode	335	Score	-21.000000	largest_variance	0.000000	all_var	0.125389	L1_norm	0.010461
Episode	336	Score	-19.000000	largest_variance	0.000000	all_var	0.127901	L1_norm	0.008392
Episode	337	Score	-19.000000	largest_variance	0.000000	all_var	0.129385	L1_norm	0.006978
Episode	338	Score	-18.000000	largest_variance	0.000000	all_var	0.129327	L1_norm	0.008500
Episode	339	Score	-20.000000	largest_variance	0.000000	all_var	0.127744	L1_norm	0.008872
Episode	340	Score	-19.000000	largest_variance	0.000000	all_var	0.128940	L1_norm	0.003350
Episode	341	Score	-19.000000	largest_variance	0.000000	all_var	0.129316	L1_norm	0.006905
